#
# There is insufficient memory for the Java Runtime Environment to continue.
# Native memory allocation (mmap) failed to map 264241152 bytes for committing reserved memory.
# Possible reasons:
#   The system is out of physical RAM or swap space
#   The process is running with CompressedOops enabled, and the Java Heap may be blocking the growth of the native heap
# Possible solutions:
#   Reduce memory load on the system
#   Increase physical memory or swap space
#   Check if swap backing store is full
#   Decrease Java heap size (-Xmx/-Xms)
#   Decrease number of Java threads
#   Decrease Java thread stack sizes (-Xss)
#   Set larger code cache with -XX:ReservedCodeCacheSize=
# This output file may be truncated or incomplete.
#
#  Out of Memory Error (os_linux.cpp:2893), pid=32756, tid=32756
#
# JRE version:  (11.0.4+11) (build )
# Java VM: OpenJDK 64-Bit Server VM (11.0.4+11-post-Ubuntu-1ubuntu218.04.3, mixed mode, aot, sharing, tiered, compressed oops, g1 gc, linux-amd64)
# Core dump will be written. Default location: Core dumps may be processed with "/usr/share/apport/apport %p %s %c %d %P" (or dumping to /home/dsuser13/DataScience/stats/core.32756)
#

---------------  S U M M A R Y ------------

Command Line: -Xmx512m -Xrs vfprintf exit -XX:+UnlockExperimentalVMOptions -XX:+DisablePrimordialThreadGuardPages 

Host: Intel(R) Xeon(R) CPU E5-2630 v4 @ 2.20GHz, 16 cores, 15G, Ubuntu 18.04.3 LTS
Time: Wed Dec  4 18:11:51 2019 IST elapsed time: 0 seconds (0d 0h 0m 0s)

---------------  T H R E A D  ---------------

Current thread (0x0000561a72be3000):  JavaThread "Unknown thread" [_thread_in_vm, id=32756, stack(0x00007ffd92ac0000,0x00007ffd92bc0000)]

Stack: [0x00007ffd92ac0000,0x00007ffd92bc0000],  sp=0x00007ffd92b6b840,  free space=686k
Native frames: (J=compiled Java code, A=aot compiled Java code, j=interpreted, Vv=VM code, C=native code)
V  [libjvm.so+0xde4547]
V  [libjvm.so+0xde519b]
V  [libjvm.so+0x6511a5]
V  [libjvm.so+0xbbed38]
V  [libjvm.so+0xbb5ebd]
V  [libjvm.so+0x76f53f]
V  [libjvm.so+0x76f7ae]
V  [libjvm.so+0x77b820]
V  [libjvm.so+0x7f6969]
V  [libjvm.so+0x7f75c2]
V  [libjvm.so+0x7f7a29]
V  [libjvm.so+0x72de6f]
V  [libjvm.so+0x72e55d]
V  [libjvm.so+0xd9ea32]
V  [libjvm.so+0xd9ecc6]
V  [libjvm.so+0x80f907]
V  [libjvm.so+0xd7d627]
V  [libjvm.so+0x8c8611]  JNI_CreateJavaVM+0x51


---------------  P R O C E S S  ---------------

Threads class SMR info:
_java_thread_list=0x0000561a6ffce7b0, length=0, elements={
}

Java Threads: ( => current thread )

Other Threads:
  0x0000561a7335c000 GCTaskThread "GC Thread#0" [stack: 0x00007f445a44b000,0x00007f445a54b000] [id=422]
  0x0000561a7414b000 ConcurrentGCThread "G1 Main Marker" [stack: 0x00007f443e5e1000,0x00007f443e6e1000] [id=425]
  0x0000561a7139b000 ConcurrentGCThread "G1 Conc#0" [stack: 0x00007f443c0cd000,0x00007f443c1cd000] [id=427]

[error occurred during error reporting (printing all threads), id 0xb, SIGSEGV (0xb) at pc=0x00007f442d7c0040]

VM state:not at safepoint (not fully initialized)

VM Mutex/Monitor currently owned by a thread:  ([mutex/lock_event])
[0x0000561a6db49020] Heap_lock - owner thread: 0x0000561a72be3000

Heap address: 0x00000000e0000000, size: 512 MB, Compressed Oops mode: Non-zero based: 0x00000000e0000000
Narrow klass base: 0x0000000000000000, Narrow klass shift: 0

GC Heap History (0 events):
No events

Deoptimization events (0 events):
No events

Classes redefined (0 events):
No events

Internal exceptions (0 events):
No events

Events (0 events):
No events


Dynamic libraries:
efc00000-100000000 ---p 00000000 00:00 0 
561a69dbc000-561a69dbd000 r-xp 00000000 08:01 22288054                   /usr/lib/R/bin/exec/R
561a69fbc000-561a69fbd000 r--p 00000000 08:01 22288054                   /usr/lib/R/bin/exec/R
561a69fbd000-561a69fbe000 rw-p 00001000 08:01 22288054                   /usr/lib/R/bin/exec/R
561a6a92e000-561a77a63000 rw-p 00000000 00:00 0                          [heap]
7f4406000000-7f4408000000 rw-p 00000000 00:00 0 
7f4408000000-7f4408021000 rw-p 00000000 00:00 0 
7f4408021000-7f440c000000 ---p 00000000 00:00 0 
7f440c000000-7f440c021000 rw-p 00000000 00:00 0 
7f440c021000-7f4410000000 ---p 00000000 00:00 0 
7f4410000000-7f4410021000 rw-p 00000000 00:00 0 
7f4410021000-7f4414000000 ---p 00000000 00:00 0 
7f4414187000-7f4415187000 ---p 00000000 00:00 0 
7f4415187000-7f44153f7000 rwxp 00000000 00:00 0 
7f44153f7000-7f44158c5000 ---p 00000000 00:00 0 
7f44158c5000-7f4415b35000 rwxp 00000000 00:00 0 
7f4415b35000-7f441cd26000 ---p 00000000 00:00 0 
7f441cd26000-7f441cf96000 rwxp 00000000 00:00 0 
7f441cf96000-7f4424187000 ---p 00000000 00:00 0 
7f4424187000-7f442c831000 r--s 00000000 08:01 22287407                   /usr/lib/jvm/java-11-openjdk-amd64/lib/modules
7f442c831000-7f442c836000 r-xp 00000000 08:01 22287389                   /usr/lib/jvm/java-11-openjdk-amd64/lib/libjimage.so
7f442c836000-7f442ca35000 ---p 00005000 08:01 22287389                   /usr/lib/jvm/java-11-openjdk-amd64/lib/libjimage.so
7f442ca35000-7f442ca36000 r--p 00004000 08:01 22287389                   /usr/lib/jvm/java-11-openjdk-amd64/lib/libjimage.so
7f442ca36000-7f442ca37000 rw-p 00005000 08:01 22287389                   /usr/lib/jvm/java-11-openjdk-amd64/lib/libjimage.so
7f442ca37000-7f442ca3e000 r-xp 00000000 08:01 22287406                   /usr/lib/jvm/java-11-openjdk-amd64/lib/libzip.so
7f442ca3e000-7f442cc3d000 ---p 00007000 08:01 22287406                   /usr/lib/jvm/java-11-openjdk-amd64/lib/libzip.so
7f442cc3d000-7f442cc3e000 r--p 00006000 08:01 22287406                   /usr/lib/jvm/java-11-openjdk-amd64/lib/libzip.so
7f442cc3e000-7f442cc3f000 rw-p 00007000 08:01 22287406                   /usr/lib/jvm/java-11-openjdk-amd64/lib/libzip.so
7f442cc3f000-7f442cc68000 r-xp 00000000 08:01 22287385                   /usr/lib/jvm/java-11-openjdk-amd64/lib/libjava.so
7f442cc68000-7f442ce67000 ---p 00029000 08:01 22287385                   /usr/lib/jvm/java-11-openjdk-amd64/lib/libjava.so
7f442ce67000-7f442ce68000 r--p 00028000 08:01 22287385                   /usr/lib/jvm/java-11-openjdk-amd64/lib/libjava.so
7f442ce68000-7f442ce6a000 rw-p 00029000 08:01 22287385                   /usr/lib/jvm/java-11-openjdk-amd64/lib/libjava.so
7f442ce6a000-7f442ce77000 r-xp 00000000 08:01 22287405                   /usr/lib/jvm/java-11-openjdk-amd64/lib/libverify.so
7f442ce77000-7f442d076000 ---p 0000d000 08:01 22287405                   /usr/lib/jvm/java-11-openjdk-amd64/lib/libverify.so
7f442d076000-7f442d078000 r--p 0000c000 08:01 22287405                   /usr/lib/jvm/java-11-openjdk-amd64/lib/libverify.so
7f442d078000-7f442d079000 rw-p 0000e000 08:01 22287405                   /usr/lib/jvm/java-11-openjdk-amd64/lib/libverify.so
7f442d079000-7f442e145000 r-xp 00000000 08:01 22287412                   /usr/lib/jvm/java-11-openjdk-amd64/lib/server/libjvm.so
7f442e145000-7f442e344000 ---p 010cc000 08:01 22287412                   /usr/lib/jvm/java-11-openjdk-amd64/lib/server/libjvm.so
7f442e344000-7f442e401000 r--p 010cb000 08:01 22287412                   /usr/lib/jvm/java-11-openjdk-amd64/lib/server/libjvm.so
7f442e401000-7f442e43a000 rw-p 01188000 08:01 22287412                   /usr/lib/jvm/java-11-openjdk-amd64/lib/server/libjvm.so
7f442e43a000-7f442e490000 rw-p 00000000 00:00 0 
7f442e490000-7f442e4a0000 r-xp 00000000 08:01 3539828                    /home/dsuser13/R/x86_64-pc-linux-gnu-library/3.6/rJava/libs/rJava.so
7f442e4a0000-7f442e69f000 ---p 00010000 08:01 3539828                    /home/dsuser13/R/x86_64-pc-linux-gnu-library/3.6/rJava/libs/rJava.so
7f442e69f000-7f442e6a0000 r--p 0000f000 08:01 3539828                    /home/dsuser13/R/x86_64-pc-linux-gnu-library/3.6/rJava/libs/rJava.so
7f442e6a0000-7f442e6a1000 rw-p 00010000 08:01 3539828                    /home/dsuser13/R/x86_64-pc-linux-gnu-library/3.6/rJava/libs/rJava.so
7f442e6a1000-7f442e6a7000 r-xp 00000000 08:01 1051409                    /usr/lib/R/library/Hmisc/libs/Hmisc.so
7f442e6a7000-7f442e8a6000 ---p 00006000 08:01 1051409                    /usr/lib/R/library/Hmisc/libs/Hmisc.so
7f442e8a6000-7f442e8a7000 r--p 00005000 08:01 1051409                    /usr/lib/R/library/Hmisc/libs/Hmisc.so
7f442e8a7000-7f442e8a8000 rw-p 00006000 08:01 1051409                    /usr/lib/R/library/Hmisc/libs/Hmisc.so
7f442e8a8000-7f442e917000 r-xp 00000000 08:01 23206155                   /usr/local/lib/R/site-library/stringi/libs/stringi.so
7f442e917000-7f442eb16000 ---p 0006f000 08:01 23206155                   /usr/local/lib/R/site-library/stringi/libs/stringi.so
7f442eb16000-7f442eb18000 r--p 0006e000 08:01 23206155                   /usr/local/lib/R/site-library/stringi/libs/stringi.so
7f442eb18000-7f442eb19000 rw-p 00070000 08:01 23206155                   /usr/local/lib/R/site-library/stringi/libs/stringi.so
7f442eb19000-7f442eb29000 r-xp 00000000 08:01 921384                     /usr/lib/R/library/checkmate/libs/checkmate.so
7f442eb29000-7f442ed28000 ---p 00010000 08:01 921384                     /usr/lib/R/library/checkmate/libs/checkmate.so
7f442ed28000-7f442ed29000 r--p 0000f000 08:01 921384                     /usr/lib/R/library/checkmate/libs/checkmate.so
7f442ed29000-7f442ed2a000 rw-p 00010000 08:01 921384                     /usr/lib/R/library/checkmate/libs/checkmate.so
7f442ed2a000-7f442ed36000 r-xp 00000000 08:01 23202426                   /usr/lib/R/library/rpart/libs/rpart.so
7f442ed36000-7f442ef35000 ---p 0000c000 08:01 23202426                   /usr/lib/R/library/rpart/libs/rpart.so
7f442ef35000-7f442ef36000 r--p 0000b000 08:01 23202426                   /usr/lib/R/library/rpart/libs/rpart.so
7f442ef36000-7f442ef37000 rw-p 0000c000 08:01 23202426                   /usr/lib/R/library/rpart/libs/rpart.so
7f442ef37000-7f442ef3b000 r-xp 00000000 08:01 23201197                   /usr/lib/R/library/nnet/libs/nnet.so
7f442ef3b000-7f442f13a000 ---p 00004000 08:01 23201197                   /usr/lib/R/library/nnet/libs/nnet.so
7f442f13a000-7f442f13b000 r--p 00003000 08:01 23201197                   /usr/lib/R/library/nnet/libs/nnet.so
7f442f13b000-7f442f13c000 rw-p 00004000 08:01 23201197                   /usr/lib/R/library/nnet/libs/nnet.so
7f442f13c000-7f442f14c000 r-xp 00000000 08:01 23072847                   /usr/lib/R/library/cluster/libs/cluster.so
7f442f14c000-7f442f34b000 ---p 00010000 08:01 23072847                   /usr/lib/R/library/cluster/libs/cluster.so
7f442f34b000-7f442f34c000 r--p 0000f000 08:01 23072847                   /usr/lib/R/library/cluster/libs/cluster.so
7f442f34c000-7f442f34d000 rw-p 00010000 08:01 23072847                   /usr/lib/R/library/cluster/libs/cluster.so
7f442f34d000-7f442f354000 r-xp 00000000 08:01 789684                     /usr/lib/R/library/acepack/libs/acepack.so
7f442f354000-7f442f553000 ---p 00007000 08:01 789684                     /usr/lib/R/library/acepack/libs/acepack.so
7f442f553000-7f442f554000 r--p 00006000 08:01 789684                     /usr/lib/R/library/acepack/libs/acepack.so
7f442f554000-7f442f555000 rw-p 00007000 08:01 789684                     /usr/lib/R/library/acepack/libs/acepack.so
7f442f555000-7f442f558000 r-xp 00000000 08:01 25298379                   /usr/local/lib/R/site-library/lazyeval/libs/lazyeval.so
7f442f558000-7f442f758000 ---p 00003000 08:01 25298379                   /usr/local/lib/R/site-library/lazyeval/libs/lazyeval.so
7f442f758000-7f442f759000 r--p 00003000 08:01 25298379                   /usr/local/lib/R/site-library/lazyeval/libs/lazyeval.so
7f442f759000-7f442f75a000 rw-p 00004000 08:01 25298379                   /usr/local/lib/R/site-library/lazyeval/libs/lazyeval.so
7f442f75a000-7f442f76c000 r-xp 00000000 08:01 25428653                   /usr/local/lib/R/site-library/scales/libs/scales.so
7f442f76c000-7f442f96c000 ---p 00012000 08:01 25428653                   /usr/local/lib/R/site-library/scales/libs/scales.so
7f442f96c000-7f442f96d000 r--p 00012000 08:01 25428653                   /usr/local/lib/R/site-library/scales/libs/scales.so
7f442f96d000-7f442f96e000 rw-p 00013000 08:01 25428653                   /usr/local/lib/R/site-library/scales/libs/scales.so
7f442f96e000-7f442f979000 r-xp 00000000 08:01 23205239                   /usr/local/lib/R/site-library/colorspace/libs/colorspace.so
7f442f979000-7f442fb78000 ---p 0000b000 08:01 23205239                   /usr/local/lib/R/site-library/colorspace/libs/colorspace.so
7f442fb78000-7f442fb79000 r--p 0000a000 08:01 23205239                   /usr/local/lib/R/site-library/colorspace/libs/colorspace.so
7f442fb79000-7f442fb7a000 rw-p 0000b000 08:01 23205239                   /usr/local/lib/R/site-library/colorspace/libs/colorspace.so
7f442fb7a000-7f442fba1000 r-xp 00000000 08:01 23201961                   /usr/lib/R/library/survival/libs/survival.so
7f442fba1000-7f442fda1000 ---p 00027000 08:01 23201961                   /usr/lib/R/library/survival/libs/survival.so
7f442fda1000-7f442fda2000 r--p 00027000 08:01 23201961                   /usr/lib/R/library/survival/libs/survival.so
7f442fda2000-7f442fda3000 rw-p 00028000 08:01 23201961                   /usr/lib/R/library/survival/libs/survival.so
7f442fda3000-7f442fe5e000 r-xp 00000000 08:01 23073181                   /usr/lib/R/library/Matrix/libs/Matrix.so
7f442fe5e000-7f443005e000 ---p 000bb000 08:01 23073181                   /usr/lib/R/library/Matrix/libs/Matrix.so
7f443005e000-7f443005f000 r--p 000bb000 08:01 23073181                   /usr/lib/R/library/Matrix/libs/Matrix.so
7f443005f000-7f4430062000 rw-p 000bc000 08:01 23073181                   /usr/lib/R/library/Matrix/libs/Matrix.so
7f4430062000-7f4430310000 rw-p 00000000 00:00 0 
7f4430310000-7f4430313000 r-xp 00000000 08:01 23073083                   /usr/lib/R/library/lattice/libs/lattice.so
7f4430313000-7f4430512000 ---p 00003000 08:01 23073083                   /usr/lib/R/library/lattice/libs/lattice.so
7f4430512000-7f4430513000 r--p 00002000 08:01 23073083                   /usr/lib/R/library/lattice/libs/lattice.so
7f4430513000-7f4430514000 rw-p 00003000 08:01 23073083                   /usr/lib/R/library/lattice/libs/lattice.so
7f4430514000-7f4430533000 r-xp 00000000 08:01 22809277                   /usr/lib/R/library/grid/libs/grid.so
7f4430533000-7f4430733000 ---p 0001f000 08:01 22809277                   /usr/lib/R/library/grid/libs/grid.so
7f4430733000-7f4430734000 r--p 0001f000 08:01 22809277                   /usr/lib/R/library/grid/libs/grid.so
7f4430734000-7f4430735000 rw-p 00020000 08:01 22809277                   /usr/lib/R/library/grid/libs/grid.so
7f4430735000-7f4430737000 r-xp 00000000 08:01 22938611                   /usr/lib/R/library/splines/libs/splines.so
7f4430737000-7f4430936000 ---p 00002000 08:01 22938611                   /usr/lib/R/library/splines/libs/splines.so
7f4430936000-7f4430937000 r--p 00001000 08:01 22938611                   /usr/lib/R/library/splines/libs/splines.so
7f4430937000-7f4430938000 rw-p 00002000 08:01 22938611                   /usr/lib/R/library/splines/libs/splines.so
7f4430938000-7f4430b12000 r-xp 00000000 08:01 25428954                   /usr/local/lib/R/site-library/dplyr/libs/dplyr.so
7f4430b12000-7f4430d12000 ---p 001da000 08:01 25428954                   /usr/local/lib/R/site-library/dplyr/libs/dplyr.so
7f4430d12000-7f4430d17000 r--p 001da000 08:01 25428954                   /usr/local/lib/R/site-library/dplyr/libs/dplyr.so
7f4430d17000-7f4430d18000 rw-p 001df000 08:01 25428954                   /usr/local/lib/R/site-library/dplyr/libs/dplyr.so
7f4430d18000-7f4430d1d000 rw-p 00000000 00:00 0 
7f4430d1d000-7f4430d32000 r-xp 00000000 08:01 25428731                   /usr/local/lib/R/site-library/tidyselect/libs/tidyselect.so
7f4430d32000-7f4430f31000 ---p 00015000 08:01 25428731                   /usr/local/lib/R/site-library/tidyselect/libs/tidyselect.so
7f4430f31000-7f4430f32000 r--p 00014000 08:01 25428731                   /usr/local/lib/R/site-library/tidyselect/libs/tidyselect.so
7f4430f32000-7f4430f33000 rw-p 00015000 08:01 25428731                   /usr/local/lib/R/site-library/tidyselect/libs/tidyselect.so
7f4430f33000-7f4430f3b000 r-xp 00000000 08:01 25428390                   /usr/local/lib/R/site-library/purrr/libs/purrr.so
7f4430f3b000-7f443113a000 ---p 00008000 08:01 25428390                   /usr/local/lib/R/site-library/purrr/libs/purrr.so
7f443113a000-7f443113b000 r--p 00007000 08:01 25428390                   /usr/local/lib/R/site-library/purrr/libs/purrr.so
7f443113b000-7f443113c000 rw-p 00008000 08:01 25428390                   /usr/local/lib/R/site-library/purrr/libs/purrr.so
7f443113c000-7f443113e000 r-xp 00000000 08:01 25428015                   /usr/local/lib/R/site-library/glue/libs/glue.so
7f443113e000-7f443133d000 ---p 00002000 08:01 25428015                   /usr/local/lib/R/site-library/glue/libs/glue.so
7f443133d000-7f443133e000 r--p 00001000 08:01 25428015                   /usr/local/lib/R/site-library/glue/libs/glue.so
7f443133e000-7f443133f000 rw-p 00002000 08:01 25428015                   /usr/local/lib/R/site-library/glue/libs/glue.so
7f443133f000-7f4431351000 r-xp 00000000 08:01 786812                     /usr/lib/R/library/e1071/libs/e1071.so
7f4431351000-7f4431550000 ---p 00012000 08:01 786812                     /usr/lib/R/library/e1071/libs/e1071.so
7f4431550000-7f4431551000 r--p 00011000 08:01 786812                     /usr/lib/R/library/e1071/libs/e1071.so
7f4431551000-7f4431552000 rw-p 00012000 08:01 786812                     /usr/lib/R/library/e1071/libs/e1071.so
7f4431552000-7f4431555000 r-xp 00000000 08:01 23071853                   /usr/lib/R/library/class/libs/class.so
7f4431555000-7f4431754000 ---p 00003000 08:01 23071853                   /usr/lib/R/library/class/libs/class.so
7f4431754000-7f4431755000 r--p 00002000 08:01 23071853                   /usr/lib/R/library/class/libs/class.so
7f4431755000-7f4431756000 rw-p 00003000 08:01 23071853                   /usr/lib/R/library/class/libs/class.so
7f4431756000-7f44317a7000 r-xp 00000000 08:01 918028                     /usr/lib/R/library/readxl/libs/readxl.so
7f44317a7000-7f44319a7000 ---p 00051000 08:01 918028                     /usr/lib/R/library/readxl/libs/readxl.so
7f44319a7000-7f44319a8000 r--p 00051000 08:01 918028                     /usr/lib/R/library/readxl/libs/readxl.so
7f44319a8000-7f44319aa000 rw-p 00052000 08:01 918028                     /usr/lib/R/library/readxl/libs/readxl.so
7f44319aa000-7f44319ab000 rw-p 00000000 00:00 0 
7f44319ab000-7f4431a0c000 r-xp 00000000 08:01 790863                     /usr/lib/R/library/openxlsx/libs/openxlsx.so
7f4431a0c000-7f4431c0c000 ---p 00061000 08:01 790863                     /usr/lib/R/library/openxlsx/libs/openxlsx.so
7f4431c0c000-7f4431c0d000 r--p 00061000 08:01 790863                     /usr/lib/R/library/openxlsx/libs/openxlsx.so
7f4431c0d000-7f4431c0e000 rw-p 00062000 08:01 790863                     /usr/lib/R/library/openxlsx/libs/openxlsx.so
7f4431c0e000-7f4431c0f000 rw-p 00000000 00:00 0 
7f4431c0f000-7f4431c27000 r-xp 00000000 08:01 1450198                    /usr/local/lib/R/site-library/zip/libs/zip.so
7f4431c27000-7f4431e26000 ---p 00018000 08:01 1450198                    /usr/local/lib/R/site-library/zip/libs/zip.so
7f4431e26000-7f4431e27000 r--p 00017000 08:01 1450198                    /usr/local/lib/R/site-library/zip/libs/zip.so
7f4431e27000-7f4431e28000 rw-p 00018000 08:01 1450198                    /usr/local/lib/R/site-library/zip/libs/zip.so
7f4431e28000-7f4431e82000 r-xp 00000000 08:01 920231                     /usr/lib/R/library/haven/libs/haven.so
7f4431e82000-7f4432082000 ---p 0005a000 08:01 920231                     /usr/lib/R/library/haven/libs/haven.so
7f4432082000-7f4432083000 r--p 0005a000 08:01 920231                     /usr/lib/R/library/haven/libs/haven.so
7f4432083000-7f4432085000 rw-p 0005b000 08:01 920231                     /usr/lib/R/library/haven/libs/haven.so
7f4432085000-7f4432086000 rw-p 00000000 00:00 0 
7f4432086000-7f4432088000 r-xp 00000000 08:01 25428868                   /usr/local/lib/R/site-library/tibble/libs/tibble.so
7f4432088000-7f4432288000 ---p 00002000 08:01 25428868                   /usr/local/lib/R/site-library/tibble/libs/tibble.so
7f4432288000-7f4432289000 r--p 00002000 08:01 25428868                   /usr/local/lib/R/site-library/tibble/libs/tibble.so
7f4432289000-7f443228a000 rw-p 00003000 08:01 25428868                   /usr/local/lib/R/site-library/tibble/libs/tibble.so
7f443228a000-7f443228b000 r-xp 00000000 08:01 23204182                   /usr/local/lib/R/site-library/backports/libs/backports.so
7f443228b000-7f443248a000 ---p 00001000 08:01 23204182                   /usr/local/lib/R/site-library/backports/libs/backports.so
7f443248a000-7f443248b000 r--p 00000000 08:01 23204182                   /usr/local/lib/R/site-library/backports/libs/backports.so
7f443248b000-7f443248c000 rw-p 00001000 08:01 23204182                   /usr/local/lib/R/site-library/backports/libs/backports.so
7f443248c000-7f44324ab000 r-xp 00000000 08:01 25428572                   /usr/local/lib/R/site-library/vctrs/libs/vctrs.so
7f44324ab000-7f44326ab000 ---p 0001f000 08:01 25428572                   /usr/local/lib/R/site-library/vctrs/libs/vctrs.so
7f44326ab000-7f44326ac000 r--p 0001f000 08:01 25428572                   /usr/local/lib/R/site-library/vctrs/libs/vctrs.so
7f44326ac000-7f44326ad000 rw-p 00020000 08:01 25428572                   /usr/local/lib/R/site-library/vctrs/libs/vctrs.so
7f44326ad000-7f44326c5000 r-xp 00000000 08:01 23072979                   /usr/lib/R/library/foreign/libs/foreign.so
7f44326c5000-7f44328c4000 ---p 00018000 08:01 23072979                   /usr/lib/R/library/foreign/libs/foreign.so
7f44328c4000-7f44328c5000 r--p 00017000 08:01 23072979                   /usr/lib/R/library/foreign/libs/foreign.so
7f44328c5000-7f44328c6000 rw-p 00018000 08:01 23072979                   /usr/lib/R/library/foreign/libs/foreign.so
7f44328c6000-7f4432926000 r-xp 00000000 08:01 23203171                   /usr/local/lib/R/site-library/data.table/libs/datatable.so
7f4432926000-7f4432b26000 ---p 00060000 08:01 23203171                   /usr/local/lib/R/site-library/data.table/libs/datatable.so
7f4432b26000-7f4432b27000 r--p 00060000 08:01 23203171                   /usr/local/lib/R/site-library/data.table/libs/datatable.so
7f4432b27000-7f4432b28000 rw-p 00061000 08:01 23203171                   /usr/local/lib/R/site-library/data.table/libs/datatable.so
7f4432b28000-7f4432b29000 rw-p 00000000 00:00 0 
7f4432b29000-7f4432b32000 r-xp 00000000 08:01 12849816                   /lib/x86_64-linux-gnu/libcrypt-2.27.so
7f4432b32000-7f4432d31000 ---p 00009000 08:01 12849816                   /lib/x86_64-linux-gnu/libcrypt-2.27.so
7f4432d31000-7f4432d32000 r--p 00008000 08:01 12849816                   /lib/x86_64-linux-gnu/libcrypt-2.27.so
7f4432d32000-7f4432d33000 rw-p 00009000 08:01 12849816                   /lib/x86_64-linux-gnu/libcrypt-2.27.so
7f4432d33000-7f4432d61000 rw-p 00000000 00:00 0 
7f4432d61000-7f4432e65000 r-xp 00000000 08:01 22028373                   /usr/lib/x86_64-linux-gnu/libsqlite3.so.0.8.6
7f4432e65000-7f4433064000 ---p 00104000 08:01 22028373                   /usr/lib/x86_64-linux-gnu/libsqlite3.so.0.8.6
7f4433064000-7f4433067000 r--p 00103000 08:01 22028373                   /usr/lib/x86_64-linux-gnu/libsqlite3.so.0.8.6
7f4433067000-7f4433069000 rw-p 00106000 08:01 22028373                   /usr/lib/x86_64-linux-gnu/libsqlite3.so.0.8.6
7f4433069000-7f443306a000 rw-p 00000000 00:00 0 
7f443306a000-7f44330b0000 r-xp 00000000 08:01 22028313                   /usr/lib/x86_64-linux-gnu/libhx509.so.5.0.0
7f44330b0000-7f44332af000 ---p 00046000 08:01 22028313                   /usr/lib/x86_64-linux-gnu/libhx509.so.5.0.0
7f44332af000-7f44332b2000 r--p 00045000 08:01 22028313                   /usr/lib/x86_64-linux-gnu/libhx509.so.5.0.0
7f44332b2000-7f44332b3000 rw-p 00048000 08:01 22028313                   /usr/lib/x86_64-linux-gnu/libhx509.so.5.0.0
7f44332b3000-7f44332b4000 rw-p 00000000 00:00 0 
7f44332b4000-7f44332c2000 r-xp 00000000 08:01 22028297                   /usr/lib/x86_64-linux-gnu/libheimbase.so.1.0.0
7f44332c2000-7f44334c1000 ---p 0000e000 08:01 22028297                   /usr/lib/x86_64-linux-gnu/libheimbase.so.1.0.0
7f44334c1000-7f44334c2000 r--p 0000d000 08:01 22028297                   /usr/lib/x86_64-linux-gnu/libheimbase.so.1.0.0
7f44334c2000-7f44334c3000 rw-p 0000e000 08:01 22028297                   /usr/lib/x86_64-linux-gnu/libheimbase.so.1.0.0
7f44334c3000-7f44334eb000 r-xp 00000000 08:01 22028853                   /usr/lib/x86_64-linux-gnu/libwind.so.0.0.0
7f44334eb000-7f44336ea000 ---p 00028000 08:01 22028853                   /usr/lib/x86_64-linux-gnu/libwind.so.0.0.0
7f44336ea000-7f44336eb000 r--p 00027000 08:01 22028853                   /usr/lib/x86_64-linux-gnu/libwind.so.0.0.0
7f44336eb000-7f44336ec000 rw-p 00028000 08:01 22028853                   /usr/lib/x86_64-linux-gnu/libwind.so.0.0.0
7f44336ec000-7f4433701000 r-xp 00000000 08:01 22028653                   /usr/lib/x86_64-linux-gnu/libroken.so.18.1.0
7f4433701000-7f4433900000 ---p 00015000 08:01 22028653                   /usr/lib/x86_64-linux-gnu/libroken.so.18.1.0
7f4433900000-7f4433901000 r--p 00014000 08:01 22028653                   /usr/lib/x86_64-linux-gnu/libroken.so.18.1.0
7f4433901000-7f4433902000 rw-p 00015000 08:01 22028653                   /usr/lib/x86_64-linux-gnu/libroken.so.18.1.0
7f4433902000-7f4433935000 r-xp 00000000 08:01 22028295                   /usr/lib/x86_64-linux-gnu/libhcrypto.so.4.1.0
7f4433935000-7f4433b34000 ---p 00033000 08:01 22028295                   /usr/lib/x86_64-linux-gnu/libhcrypto.so.4.1.0
7f4433b34000-7f4433b36000 r--p 00032000 08:01 22028295                   /usr/lib/x86_64-linux-gnu/libhcrypto.so.4.1.0
7f4433b36000-7f4433b37000 rw-p 00034000 08:01 22028295                   /usr/lib/x86_64-linux-gnu/libhcrypto.so.4.1.0
7f4433b37000-7f4433b38000 rw-p 00000000 00:00 0 
7f4433b38000-7f4433bd6000 r-xp 00000000 08:01 22027812                   /usr/lib/x86_64-linux-gnu/libasn1.so.8.0.0
7f4433bd6000-7f4433dd6000 ---p 0009e000 08:01 22027812                   /usr/lib/x86_64-linux-gnu/libasn1.so.8.0.0
7f4433dd6000-7f4433dd7000 r--p 0009e000 08:01 22027812                   /usr/lib/x86_64-linux-gnu/libasn1.so.8.0.0
7f4433dd7000-7f4433dda000 rw-p 0009f000 08:01 22027812                   /usr/lib/x86_64-linux-gnu/libasn1.so.8.0.0
7f4433dda000-7f4433e61000 r-xp 00000000 08:01 22028398                   /usr/lib/x86_64-linux-gnu/libkrb5.so.26.0.0
7f4433e61000-7f4434060000 ---p 00087000 08:01 22028398                   /usr/lib/x86_64-linux-gnu/libkrb5.so.26.0.0
7f4434060000-7f4434064000 r--p 00086000 08:01 22028398                   /usr/lib/x86_64-linux-gnu/libkrb5.so.26.0.0
7f4434064000-7f4434066000 rw-p 0008a000 08:01 22028398                   /usr/lib/x86_64-linux-gnu/libkrb5.so.26.0.0
7f4434066000-7f4434067000 rw-p 00000000 00:00 0 
7f4434067000-7f443406f000 r-xp 00000000 08:01 22028299                   /usr/lib/x86_64-linux-gnu/libheimntlm.so.0.1.0
7f443406f000-7f443426e000 ---p 00008000 08:01 22028299                   /usr/lib/x86_64-linux-gnu/libheimntlm.so.0.1.0
7f443426e000-7f443426f000 r--p 00007000 08:01 22028299                   /usr/lib/x86_64-linux-gnu/libheimntlm.so.0.1.0
7f443426f000-7f4434270000 rw-p 00008000 08:01 22028299                   /usr/lib/x86_64-linux-gnu/libheimntlm.so.0.1.0
7f4434270000-7f4434273000 r-xp 00000000 08:01 12849860                   /lib/x86_64-linux-gnu/libkeyutils.so.1.5
7f4434273000-7f4434472000 ---p 00003000 08:01 12849860                   /lib/x86_64-linux-gnu/libkeyutils.so.1.5
7f4434472000-7f4434473000 r--p 00002000 08:01 12849860                   /lib/x86_64-linux-gnu/libkeyutils.so.1.5
7f4434473000-7f4434474000 rw-p 00003000 08:01 12849860                   /lib/x86_64-linux-gnu/libkeyutils.so.1.5
7f4434474000-7f4434485000 r-xp 00000000 08:01 22028741                   /usr/lib/x86_64-linux-gnu/libtasn1.so.6.5.5
7f4434485000-7f4434685000 ---p 00011000 08:01 22028741                   /usr/lib/x86_64-linux-gnu/libtasn1.so.6.5.5
7f4434685000-7f4434686000 r--p 00011000 08:01 22028741                   /usr/lib/x86_64-linux-gnu/libtasn1.so.6.5.5
7f4434686000-7f4434687000 rw-p 00012000 08:01 22028741                   /usr/lib/x86_64-linux-gnu/libtasn1.so.6.5.5
7f4434687000-7f44347a1000 r-xp 00000000 08:01 22028536                   /usr/lib/x86_64-linux-gnu/libp11-kit.so.0.3.0
7f44347a1000-7f44349a1000 ---p 0011a000 08:01 22028536                   /usr/lib/x86_64-linux-gnu/libp11-kit.so.0.3.0
7f44349a1000-7f44349ab000 r--p 0011a000 08:01 22028536                   /usr/lib/x86_64-linux-gnu/libp11-kit.so.0.3.0
7f44349ab000-7f44349b5000 rw-p 00124000 08:01 22028536                   /usr/lib/x86_64-linux-gnu/libp11-kit.so.0.3.0
7f44349b5000-7f44349b6000 rw-p 00000000 00:00 0 
7f44349b6000-7f44349f3000 r-xp 00000000 08:01 22028227                   /usr/lib/x86_64-linux-gnu/libgssapi.so.3.0.0
7f44349f3000-7f4434bf3000 ---p 0003d000 08:01 22028227                   /usr/lib/x86_64-linux-gnu/libgssapi.so.3.0.0
7f4434bf3000-7f4434bf5000 r--p 0003d000 08:01 22028227                   /usr/lib/x86_64-linux-gnu/libgssapi.so.3.0.0
7f4434bf5000-7f4434bf7000 rw-p 0003f000 08:01 22028227                   /usr/lib/x86_64-linux-gnu/libgssapi.so.3.0.0
7f4434bf7000-7f4434c10000 r-xp 00000000 08:01 22028677                   /usr/lib/x86_64-linux-gnu/libsasl2.so.2.0.25
7f4434c10000-7f4434e10000 ---p 00019000 08:01 22028677                   /usr/lib/x86_64-linux-gnu/libsasl2.so.2.0.25
7f4434e10000-7f4434e11000 r--p 00019000 08:01 22028677                   /usr/lib/x86_64-linux-gnu/libsasl2.so.2.0.25
7f4434e11000-7f4434e12000 rw-p 0001a000 08:01 22028677                   /usr/lib/x86_64-linux-gnu/libsasl2.so.2.0.25
7f4434e12000-7f4434e29000 r-xp 00000000 08:01 12849945                   /lib/x86_64-linux-gnu/libresolv-2.27.so
7f4434e29000-7f4435029000 ---p 00017000 08:01 12849945                   /lib/x86_64-linux-gnu/libresolv-2.27.so
7f4435029000-7f443502a000 r--p 00017000 08:01 12849945                   /lib/x86_64-linux-gnu/libresolv-2.27.so
7f443502a000-7f443502b000 rw-p 00018000 08:01 12849945                   /lib/x86_64-linux-gnu/libresolv-2.27.so
7f443502b000-7f443502d000 rw-p 00000000 00:00 0 
7f443502d000-7f4435037000 r-xp 00000000 08:01 22022647                   /usr/lib/x86_64-linux-gnu/libkrb5support.so.0.1
7f4435037000-7f4435236000 ---p 0000a000 08:01 22022647                   /usr/lib/x86_64-linux-gnu/libkrb5support.so.0.1
7f4435236000-7f4435237000 r--p 00009000 08:01 22022647                   /usr/lib/x86_64-linux-gnu/libkrb5support.so.0.1
7f4435237000-7f4435238000 rw-p 0000a000 08:01 22022647                   /usr/lib/x86_64-linux-gnu/libkrb5support.so.0.1
7f4435238000-7f443523b000 r-xp 00000000 08:01 12845253                   /lib/x86_64-linux-gnu/libcom_err.so.2.1
7f443523b000-7f443543a000 ---p 00003000 08:01 12845253                   /lib/x86_64-linux-gnu/libcom_err.so.2.1
7f443543a000-7f443543b000 r--p 00002000 08:01 12845253                   /lib/x86_64-linux-gnu/libcom_err.so.2.1
7f443543b000-7f443543c000 rw-p 00003000 08:01 12845253                   /lib/x86_64-linux-gnu/libcom_err.so.2.1
7f443543c000-7f443546a000 r-xp 00000000 08:01 22022262                   /usr/lib/x86_64-linux-gnu/libk5crypto.so.3.1
7f443546a000-7f443566a000 ---p 0002e000 08:01 22022262                   /usr/lib/x86_64-linux-gnu/libk5crypto.so.3.1
7f443566a000-7f443566c000 r--p 0002e000 08:01 22022262                   /usr/lib/x86_64-linux-gnu/libk5crypto.so.3.1
7f443566c000-7f443566d000 rw-p 00030000 08:01 22022262                   /usr/lib/x86_64-linux-gnu/libk5crypto.so.3.1
7f443566d000-7f443566e000 rw-p 00000000 00:00 0 
7f443566e000-7f4435734000 r-xp 00000000 08:01 22022789                   /usr/lib/x86_64-linux-gnu/libkrb5.so.3.3
7f4435734000-7f4435934000 ---p 000c6000 08:01 22022789                   /usr/lib/x86_64-linux-gnu/libkrb5.so.3.3
7f4435934000-7f4435942000 r--p 000c6000 08:01 22022789                   /usr/lib/x86_64-linux-gnu/libkrb5.so.3.3
7f4435942000-7f4435944000 rw-p 000d4000 08:01 22022789                   /usr/lib/x86_64-linux-gnu/libkrb5.so.3.3
7f4435944000-7f44359c3000 r-xp 00000000 08:01 22028174                   /usr/lib/x86_64-linux-gnu/libgmp.so.10.3.2
7f44359c3000-7f4435bc3000 ---p 0007f000 08:01 22028174                   /usr/lib/x86_64-linux-gnu/libgmp.so.10.3.2
7f4435bc3000-7f4435bc4000 r--p 0007f000 08:01 22028174                   /usr/lib/x86_64-linux-gnu/libgmp.so.10.3.2
7f4435bc4000-7f4435bc5000 rw-p 00080000 08:01 22028174                   /usr/lib/x86_64-linux-gnu/libgmp.so.10.3.2
7f4435bc5000-7f4435bf9000 r-xp 00000000 08:01 22028498                   /usr/lib/x86_64-linux-gnu/libnettle.so.6.4
7f4435bf9000-7f4435df8000 ---p 00034000 08:01 22028498                   /usr/lib/x86_64-linux-gnu/libnettle.so.6.4
7f4435df8000-7f4435dfa000 r--p 00033000 08:01 22028498                   /usr/lib/x86_64-linux-gnu/libnettle.so.6.4
7f4435dfa000-7f4435dfb000 rw-p 00035000 08:01 22028498                   /usr/lib/x86_64-linux-gnu/libnettle.so.6.4
7f4435dfb000-7f4435e2e000 r-xp 00000000 08:01 22028301                   /usr/lib/x86_64-linux-gnu/libhogweed.so.4.4
7f4435e2e000-7f443602d000 ---p 00033000 08:01 22028301                   /usr/lib/x86_64-linux-gnu/libhogweed.so.4.4
7f443602d000-7f443602e000 r--p 00032000 08:01 22028301                   /usr/lib/x86_64-linux-gnu/libhogweed.so.4.4
7f443602e000-7f443602f000 rw-p 00033000 08:01 22028301                   /usr/lib/x86_64-linux-gnu/libhogweed.so.4.4
7f443602f000-7f4436187000 r-xp 00000000 08:01 22022253                   /usr/lib/x86_64-linux-gnu/libgnutls.so.30.14.10
7f4436187000-7f4436386000 ---p 00158000 08:01 22022253                   /usr/lib/x86_64-linux-gnu/libgnutls.so.30.14.10
7f4436386000-7f4436392000 r--p 00157000 08:01 22022253                   /usr/lib/x86_64-linux-gnu/libgnutls.so.30.14.10
7f4436392000-7f4436393000 rw-p 00163000 08:01 22022253                   /usr/lib/x86_64-linux-gnu/libgnutls.so.30.14.10
7f4436393000-7f4436394000 rw-p 00000000 00:00 0 
7f4436394000-7f443650e000 r-xp 00000000 08:01 22020234                   /usr/lib/x86_64-linux-gnu/libunistring.so.2.1.0
7f443650e000-7f443670e000 ---p 0017a000 08:01 22020234                   /usr/lib/x86_64-linux-gnu/libunistring.so.2.1.0
7f443670e000-7f4436711000 r--p 0017a000 08:01 22020234                   /usr/lib/x86_64-linux-gnu/libunistring.so.2.1.0
7f4436711000-7f4436712000 rw-p 0017d000 08:01 22020234                   /usr/lib/x86_64-linux-gnu/libunistring.so.2.1.0
7f4436712000-7f443671f000 r-xp 00000000 08:01 22020208                   /usr/lib/x86_64-linux-gnu/liblber-2.4.so.2.10.8
7f443671f000-7f443691e000 ---p 0000d000 08:01 22020208                   /usr/lib/x86_64-linux-gnu/liblber-2.4.so.2.10.8
7f443691e000-7f443691f000 r--p 0000c000 08:01 22020208                   /usr/lib/x86_64-linux-gnu/liblber-2.4.so.2.10.8
7f443691f000-7f4436920000 rw-p 0000d000 08:01 22020208                   /usr/lib/x86_64-linux-gnu/liblber-2.4.so.2.10.8
7f4436920000-7f443696e000 r-xp 00000000 08:01 22020554                   /usr/lib/x86_64-linux-gnu/libldap_r-2.4.so.2.10.8
7f443696e000-7f4436b6d000 ---p 0004e000 08:01 22020554                   /usr/lib/x86_64-linux-gnu/libldap_r-2.4.so.2.10.8
7f4436b6d000-7f4436b6f000 r--p 0004d000 08:01 22020554                   /usr/lib/x86_64-linux-gnu/libldap_r-2.4.so.2.10.8
7f4436b6f000-7f4436b70000 rw-p 0004f000 08:01 22020554                   /usr/lib/x86_64-linux-gnu/libldap_r-2.4.so.2.10.8
7f4436b70000-7f4436b72000 rw-p 00000000 00:00 0 
7f4436b72000-7f4436bba000 r-xp 00000000 08:01 22022773                   /usr/lib/x86_64-linux-gnu/libgssapi_krb5.so.2.2
7f4436bba000-7f4436db9000 ---p 00048000 08:01 22022773                   /usr/lib/x86_64-linux-gnu/libgssapi_krb5.so.2.2
7f4436db9000-7f4436dbb000 r--p 00047000 08:01 22022773                   /usr/lib/x86_64-linux-gnu/libgssapi_krb5.so.2.2
7f4436dbb000-7f4436dbd000 rw-p 00049000 08:01 22022773                   /usr/lib/x86_64-linux-gnu/libgssapi_krb5.so.2.2
7f4436dbd000-7f4437058000 r-xp 00000000 08:01 22021931                   /usr/lib/x86_64-linux-gnu/libcrypto.so.1.1
7f4437058000-7f4437257000 ---p 0029b000 08:01 22021931                   /usr/lib/x86_64-linux-gnu/libcrypto.so.1.1
7f4437257000-7f4437283000 r--p 0029a000 08:01 22021931                   /usr/lib/x86_64-linux-gnu/libcrypto.so.1.1
7f4437283000-7f4437285000 rw-p 002c6000 08:01 22021931                   /usr/lib/x86_64-linux-gnu/libcrypto.so.1.1
7f4437285000-7f4437288000 rw-p 00000000 00:00 0 
7f4437288000-7f4437308000 r-xp 00000000 08:01 22023064                   /usr/lib/x86_64-linux-gnu/libssl.so.1.1
7f4437308000-7f4437508000 ---p 00080000 08:01 22023064                   /usr/lib/x86_64-linux-gnu/libssl.so.1.1
7f4437508000-7f4437511000 r--p 00080000 08:01 22023064                   /usr/lib/x86_64-linux-gnu/libssl.so.1.1
7f4437511000-7f4437515000 rw-p 00089000 08:01 22023064                   /usr/lib/x86_64-linux-gnu/libssl.so.1.1
7f4437515000-7f4437522000 r-xp 00000000 08:01 22028600                   /usr/lib/x86_64-linux-gnu/libpsl.so.5.2.0
7f4437522000-7f4437721000 ---p 0000d000 08:01 22028600                   /usr/lib/x86_64-linux-gnu/libpsl.so.5.2.0
7f4437721000-7f4437722000 r--p 0000c000 08:01 22028600                   /usr/lib/x86_64-linux-gnu/libpsl.so.5.2.0
7f4437722000-7f4437723000 rw-p 0000d000 08:01 22028600                   /usr/lib/x86_64-linux-gnu/libpsl.so.5.2.0
7f4437723000-7f443773e000 r-xp 00000000 08:01 22028658                   /usr/lib/x86_64-linux-gnu/librtmp.so.1
7f443773e000-7f443793d000 ---p 0001b000 08:01 22028658                   /usr/lib/x86_64-linux-gnu/librtmp.so.1
7f443793d000-7f443793e000 r--p 0001a000 08:01 22028658                   /usr/lib/x86_64-linux-gnu/librtmp.so.1
7f443793e000-7f443793f000 rw-p 0001b000 08:01 22028658                   /usr/lib/x86_64-linux-gnu/librtmp.so.1
7f443793f000-7f443795b000 r-xp 00000000 08:01 22020110                   /usr/lib/x86_64-linux-gnu/libidn2.so.0.3.3
7f443795b000-7f4437b5a000 ---p 0001c000 08:01 22020110                   /usr/lib/x86_64-linux-gnu/libidn2.so.0.3.3
7f4437b5a000-7f4437b5b000 r--p 0001b000 08:01 22020110                   /usr/lib/x86_64-linux-gnu/libidn2.so.0.3.3
7f4437b5b000-7f4437b5c000 rw-p 0001c000 08:01 22020110                   /usr/lib/x86_64-linux-gnu/libidn2.so.0.3.3
7f4437b5c000-7f4437b7f000 r-xp 00000000 08:01 22028502                   /usr/lib/x86_64-linux-gnu/libnghttp2.so.14.15.2
7f4437b7f000-7f4437d7e000 ---p 00023000 08:01 22028502                   /usr/lib/x86_64-linux-gnu/libnghttp2.so.14.15.2
7f4437d7e000-7f4437d7f000 r--p 00022000 08:01 22028502                   /usr/lib/x86_64-linux-gnu/libnghttp2.so.14.15.2
7f4437d7f000-7f4437d81000 rw-p 00023000 08:01 22028502                   /usr/lib/x86_64-linux-gnu/libnghttp2.so.14.15.2
7f4437d81000-7f4437dfc000 r-xp 00000000 08:01 22022855                   /usr/lib/x86_64-linux-gnu/libcurl.so.4.5.0
7f4437dfc000-7f4437ffc000 ---p 0007b000 08:01 22022855                   /usr/lib/x86_64-linux-gnu/libcurl.so.4.5.0
7f4437ffc000-7f4437fff000 r--p 0007b000 08:01 22022855                   /usr/lib/x86_64-linux-gnu/libcurl.so.4.5.0
7f4437fff000-7f4438000000 rw-p 0007e000 08:01 22022855                   /usr/lib/x86_64-linux-gnu/libcurl.so.4.5.0
7f4438000000-7f4438061000 rw-p 00000000 00:00 0 
7f4438061000-7f443c000000 ---p 00000000 00:00 0 
7f443c0cb000-7f443c0cc000 ---p 00000000 00:00 0 
7f443c0cc000-7f443c1cd000 rw-p 00000000 00:00 0 
7f443c1cd000-7f443c1d7000 r-xp 00000000 08:01 787106                     /usr/lib/R/library/curl/libs/curl.so
7f443c1d7000-7f443c3d7000 ---p 0000a000 08:01 787106                     /usr/lib/R/library/curl/libs/curl.so
7f443c3d7000-7f443c3d8000 r--p 0000a000 08:01 787106                     /usr/lib/R/library/curl/libs/curl.so
7f443c3d8000-7f443c3d9000 rw-p 0000b000 08:01 787106                     /usr/lib/R/library/curl/libs/curl.so
7f443c3d9000-7f443c3ec000 r-xp 00000000 08:01 12849802                   /lib/x86_64-linux-gnu/libbsd.so.0.8.7
7f443c3ec000-7f443c5eb000 ---p 00013000 08:01 12849802                   /lib/x86_64-linux-gnu/libbsd.so.0.8.7
7f443c5eb000-7f443c5ec000 r--p 00012000 08:01 12849802                   /lib/x86_64-linux-gnu/libbsd.so.0.8.7
7f443c5ec000-7f443c5ed000 rw-p 00013000 08:01 12849802                   /lib/x86_64-linux-gnu/libbsd.so.0.8.7
7f443c5ed000-7f443c5ee000 rw-p 00000000 00:00 0 
7f443c5ee000-7f443c619000 r-xp 00000000 08:01 22028215                   /usr/lib/x86_64-linux-gnu/libgraphite2.so.3.0.1
7f443c619000-7f443c818000 ---p 0002b000 08:01 22028215                   /usr/lib/x86_64-linux-gnu/libgraphite2.so.3.0.1
7f443c818000-7f443c81a000 r--p 0002a000 08:01 22028215                   /usr/lib/x86_64-linux-gnu/libgraphite2.so.3.0.1
7f443c81a000-7f443c81b000 rw-p 0002c000 08:01 22028215                   /usr/lib/x86_64-linux-gnu/libgraphite2.so.3.0.1
7f443c81b000-7f443c820000 r-xp 00000000 08:01 22027749                   /usr/lib/x86_64-linux-gnu/libXdmcp.so.6.0.0
7f443c820000-7f443ca1f000 ---p 00005000 08:01 22027749                   /usr/lib/x86_64-linux-gnu/libXdmcp.so.6.0.0
7f443ca1f000-7f443ca20000 r--p 00004000 08:01 22027749                   /usr/lib/x86_64-linux-gnu/libXdmcp.so.6.0.0
7f443ca20000-7f443ca21000 rw-p 00005000 08:01 22027749                   /usr/lib/x86_64-linux-gnu/libXdmcp.so.6.0.0
7f443ca21000-7f443ca23000 r-xp 00000000 08:01 22027738                   /usr/lib/x86_64-linux-gnu/libXau.so.6.0.0
7f443ca23000-7f443cc23000 ---p 00002000 08:01 22027738                   /usr/lib/x86_64-linux-gnu/libXau.so.6.0.0
7f443cc23000-7f443cc24000 r--p 00002000 08:01 22027738                   /usr/lib/x86_64-linux-gnu/libXau.so.6.0.0
7f443cc24000-7f443cc25000 rw-p 00003000 08:01 22027738                   /usr/lib/x86_64-linux-gnu/libXau.so.6.0.0
7f443cc25000-7f443cc2b000 r-xp 00000000 08:01 22027962                   /usr/lib/x86_64-linux-gnu/libdatrie.so.1.3.3
7f443cc2b000-7f443ce2a000 ---p 00006000 08:01 22027962                   /usr/lib/x86_64-linux-gnu/libdatrie.so.1.3.3
7f443ce2a000-7f443ce2b000 r--p 00005000 08:01 22027962                   /usr/lib/x86_64-linux-gnu/libdatrie.so.1.3.3
7f443ce2b000-7f443ce2c000 rw-p 00006000 08:01 22027962                   /usr/lib/x86_64-linux-gnu/libdatrie.so.1.3.3
7f443ce2c000-7f443cec8000 r-xp 00000000 08:01 22028293                   /usr/lib/x86_64-linux-gnu/libharfbuzz.so.0.10702.0
7f443cec8000-7f443d0c8000 ---p 0009c000 08:01 22028293                   /usr/lib/x86_64-linux-gnu/libharfbuzz.so.0.10702.0
7f443d0c8000-7f443d0c9000 r--p 0009c000 08:01 22028293                   /usr/lib/x86_64-linux-gnu/libharfbuzz.so.0.10702.0
7f443d0c9000-7f443d0ca000 rw-p 0009d000 08:01 22028293                   /usr/lib/x86_64-linux-gnu/libharfbuzz.so.0.10702.0
7f443d0ca000-7f443d0f9000 r-xp 00000000 08:01 12845249                   /lib/x86_64-linux-gnu/libexpat.so.1.6.7
7f443d0f9000-7f443d2f9000 ---p 0002f000 08:01 12845249                   /lib/x86_64-linux-gnu/libexpat.so.1.6.7
7f443d2f9000-7f443d2fb000 r--p 0002f000 08:01 12845249                   /lib/x86_64-linux-gnu/libexpat.so.1.6.7
7f443d2fb000-7f443d2fc000 rw-p 00031000 08:01 12845249                   /lib/x86_64-linux-gnu/libexpat.so.1.6.7
7f443d2fc000-7f443d30d000 r-xp 00000000 08:01 22027751                   /usr/lib/x86_64-linux-gnu/libXext.so.6.4.0
7f443d30d000-7f443d50c000 ---p 00011000 08:01 22027751                   /usr/lib/x86_64-linux-gnu/libXext.so.6.4.0
7f443d50c000-7f443d50d000 r--p 00010000 08:01 22027751                   /usr/lib/x86_64-linux-gnu/libXext.so.6.4.0
7f443d50d000-7f443d50e000 rw-p 00011000 08:01 22027751                   /usr/lib/x86_64-linux-gnu/libXext.so.6.4.0
7f443d50e000-7f443d641000 r-xp 00000000 08:01 22021204                   /usr/lib/x86_64-linux-gnu/libX11.so.6.3.0
7f443d641000-7f443d841000 ---p 00133000 08:01 22021204                   /usr/lib/x86_64-linux-gnu/libX11.so.6.3.0
7f443d841000-7f443d842000 r--p 00133000 08:01 22021204                   /usr/lib/x86_64-linux-gnu/libX11.so.6.3.0
7f443d842000-7f443d846000 rw-p 00134000 08:01 22021204                   /usr/lib/x86_64-linux-gnu/libX11.so.6.3.0
7f443d846000-7f443d84f000 r-xp 00000000 08:01 22027771                   /usr/lib/x86_64-linux-gnu/libXrender.so.1.3.0
7f443d84f000-7f443da4e000 ---p 00009000 08:01 22027771                   /usr/lib/x86_64-linux-gnu/libXrender.so.1.3.0
7f443da4e000-7f443da4f000 r--p 00008000 08:01 22027771                   /usr/lib/x86_64-linux-gnu/libXrender.so.1.3.0
7f443da4f000-7f443da50000 rw-p 00009000 08:01 22027771                   /usr/lib/x86_64-linux-gnu/libXrender.so.1.3.0
7f443da50000-7f443da5c000 r-xp 00000000 08:01 22028543                   /usr/lib/x86_64-linux-gnu/libxcb-render.so.0.0.0
7f443da5c000-7f443dc5b000 ---p 0000c000 08:01 22028543                   /usr/lib/x86_64-linux-gnu/libxcb-render.so.0.0.0
7f443dc5b000-7f443dc5c000 r--p 0000b000 08:01 22028543                   /usr/lib/x86_64-linux-gnu/libxcb-render.so.0.0.0
7f443dc5c000-7f443dc5d000 rw-p 0000c000 08:01 22028543                   /usr/lib/x86_64-linux-gnu/libxcb-render.so.0.0.0
7f443dc5d000-7f443dc83000 r-xp 00000000 08:01 22020963                   /usr/lib/x86_64-linux-gnu/libxcb.so.1.1.0
7f443dc83000-7f443de83000 ---p 00026000 08:01 22020963                   /usr/lib/x86_64-linux-gnu/libxcb.so.1.1.0
7f443de83000-7f443de84000 r--p 00026000 08:01 22020963                   /usr/lib/x86_64-linux-gnu/libxcb.so.1.1.0
7f443de84000-7f443de85000 rw-p 00027000 08:01 22020963                   /usr/lib/x86_64-linux-gnu/libxcb.so.1.1.0
7f443de85000-7f443de87000 r-xp 00000000 08:01 22028884                   /usr/lib/x86_64-linux-gnu/libxcb-shm.so.0.0.0
7f443de87000-7f443e086000 ---p 00002000 08:01 22028884                   /usr/lib/x86_64-linux-gnu/libxcb-shm.so.0.0.0
7f443e086000-7f443e087000 r--p 00001000 08:01 22028884                   /usr/lib/x86_64-linux-gnu/libxcb-shm.so.0.0.0
7f443e087000-7f443e088000 rw-p 00002000 08:01 22028884                   /usr/lib/x86_64-linux-gnu/libxcb-shm.so.0.0.0
7f443e088000-7f443e125000 r-xp 00000000 08:01 22028576                   /usr/lib/x86_64-linux-gnu/libpixman-1.so.0.34.0
7f443e125000-7f443e324000 ---p 0009d000 08:01 22028576                   /usr/lib/x86_64-linux-gnu/libpixman-1.so.0.34.0
7f443e324000-7f443e32c000 r--p 0009c000 08:01 22028576                   /usr/lib/x86_64-linux-gnu/libpixman-1.so.0.34.0
7f443e32c000-7f443e32d000 rw-p 000a4000 08:01 22028576                   /usr/lib/x86_64-linux-gnu/libpixman-1.so.0.34.0
7f443e32d000-7f443e339000 r-xp 00000000 08:01 22940210                   /usr/lib/R/library/utils/libs/utils.so
7f443e339000-7f443e538000 ---p 0000c000 08:01 22940210                   /usr/lib/R/library/utils/libs/utils.so
7f443e538000-7f443e539000 r--p 0000b000 08:01 22940210                   /usr/lib/R/library/utils/libs/utils.so
7f443e539000-7f443e53a000 rw-p 0000c000 08:01 22940210                   /usr/lib/R/library/utils/libs/utils.so
7f443e53a000-7f443e53b000 rw-p 00000000 00:00 0 
7f443e5df000-7f443e5e0000 ---p 00000000 00:00 0 
7f443e5e0000-7f443e6e1000 rw-p 00000000 00:00 0 
7f443e6e1000-7f443e6e8000 r-xp 00000000 08:01 22028076                   /usr/lib/x86_64-linux-gnu/libffi.so.6.0.4
7f443e6e8000-7f443e8e7000 ---p 00007000 08:01 22028076                   /usr/lib/x86_64-linux-gnu/libffi.so.6.0.4
7f443e8e7000-7f443e8e8000 r--p 00006000 08:01 22028076                   /usr/lib/x86_64-linux-gnu/libffi.so.6.0.4
7f443e8e8000-7f443e8e9000 rw-p 00007000 08:01 22028076                   /usr/lib/x86_64-linux-gnu/libffi.so.6.0.4
7f443e8e9000-7f443e9cb000 rw-p 00000000 00:00 0 
7f443ea97000-7f443ebd7000 rw-p 00000000 00:00 0 
7f443ebd7000-7f443ebdf000 r-xp 00000000 08:01 22938257                   /usr/lib/R/library/methods/libs/methods.so
7f443ebdf000-7f443eddf000 ---p 00008000 08:01 22938257                   /usr/lib/R/library/methods/libs/methods.so
7f443eddf000-7f443ede0000 r--p 00008000 08:01 22938257                   /usr/lib/R/library/methods/libs/methods.so
7f443ede0000-7f443ede1000 rw-p 00009000 08:01 22938257                   /usr/lib/R/library/methods/libs/methods.so
7f443ee10000-7f443f21a000 rw-p 00000000 00:00 0 
7f443f21a000-7f444321a000 rw-p 00000000 00:00 0 
7f444321a000-7f4443be9000 r--p 00000000 08:01 22026757                   /usr/lib/locale/locale-archive
7f4443be9000-7f4447be9000 rw-p 00000000 00:00 0 
7f4447be9000-7f4447bea000 ---p 00000000 00:00 0 
7f4447bea000-7f44483ea000 rw-p 00000000 00:00 0 
7f44483ea000-7f444a3ea000 rw-p 00000000 00:00 0 
7f444a3ea000-7f444a3eb000 ---p 00000000 00:00 0 
7f444a3eb000-7f444abeb000 rw-p 00000000 00:00 0 
7f444abeb000-7f444cbeb000 rw-p 00000000 00:00 0 
7f444cbeb000-7f444cbec000 ---p 00000000 00:00 0 
7f444cbec000-7f444d3ec000 rw-p 00000000 00:00 0 
7f444d3ec000-7f444d3ed000 ---p 00000000 00:00 0 
7f444d3ed000-7f444dbed000 rw-p 00000000 00:00 0 
7f444dc1b000-7f444dd1b000 ---p 00000000 00:00 0 
7f444dd1b000-7f444dd23000 r-xp 00000000 08:01 22028751                   /usr/lib/x86_64-linux-gnu/libthai.so.0.3.0
7f444dd23000-7f444df22000 ---p 00008000 08:01 22028751                   /usr/lib/x86_64-linux-gnu/libthai.so.0.3.0
7f444df22000-7f444df23000 r--p 00007000 08:01 22028751                   /usr/lib/x86_64-linux-gnu/libthai.so.0.3.0
7f444df23000-7f444df24000 rw-p 00008000 08:01 22028751                   /usr/lib/x86_64-linux-gnu/libthai.so.0.3.0
7f444df24000-7f444dfd1000 r-xp 00000000 08:01 22028106                   /usr/lib/x86_64-linux-gnu/libfreetype.so.6.15.0
7f444dfd1000-7f444e1d0000 ---p 000ad000 08:01 22028106                   /usr/lib/x86_64-linux-gnu/libfreetype.so.6.15.0
7f444e1d0000-7f444e1d7000 r--p 000ac000 08:01 22028106                   /usr/lib/x86_64-linux-gnu/libfreetype.so.6.15.0
7f444e1d7000-7f444e1d8000 rw-p 000b3000 08:01 22028106                   /usr/lib/x86_64-linux-gnu/libfreetype.so.6.15.0
7f444e1d8000-7f444e1ec000 r-xp 00000000 08:01 22027884                   /usr/lib/x86_64-linux-gnu/libpangoft2-1.0.so.0.4000.14
7f444e1ec000-7f444e3ec000 ---p 00014000 08:01 22027884                   /usr/lib/x86_64-linux-gnu/libpangoft2-1.0.so.0.4000.14
7f444e3ec000-7f444e3ed000 r--p 00014000 08:01 22027884                   /usr/lib/x86_64-linux-gnu/libpangoft2-1.0.so.0.4000.14
7f444e3ed000-7f444e3ee000 rw-p 00015000 08:01 22027884                   /usr/lib/x86_64-linux-gnu/libpangoft2-1.0.so.0.4000.14
7f444e3ee000-7f44503ee000 rw-p 00000000 00:00 0 
7f4450485000-7f44504c3000 r-xp 00000000 08:01 22028090                   /usr/lib/x86_64-linux-gnu/libfontconfig.so.1.10.1
7f44504c3000-7f44506c3000 ---p 0003e000 08:01 22028090                   /usr/lib/x86_64-linux-gnu/libfontconfig.so.1.10.1
7f44506c3000-7f44506c5000 r--p 0003e000 08:01 22028090                   /usr/lib/x86_64-linux-gnu/libfontconfig.so.1.10.1
7f44506c5000-7f44506ca000 rw-p 00040000 08:01 22028090                   /usr/lib/x86_64-linux-gnu/libfontconfig.so.1.10.1
7f44506ca000-7f44507de000 r-xp 00000000 08:01 22020437                   /usr/lib/x86_64-linux-gnu/libglib-2.0.so.0.5600.4
7f44507de000-7f44509de000 ---p 00114000 08:01 22020437                   /usr/lib/x86_64-linux-gnu/libglib-2.0.so.0.5600.4
7f44509de000-7f44509df000 r--p 00114000 08:01 22020437                   /usr/lib/x86_64-linux-gnu/libglib-2.0.so.0.5600.4
7f44509df000-7f44509e0000 rw-p 00115000 08:01 22020437                   /usr/lib/x86_64-linux-gnu/libglib-2.0.so.0.5600.4
7f44509e0000-7f44509e1000 rw-p 00000000 00:00 0 
7f44509e1000-7f44509ec000 r-xp 00000000 08:01 22028386                   /usr/lib/x86_64-linux-gnu/libjbig.so.0
7f44509ec000-7f4450beb000 ---p 0000b000 08:01 22028386                   /usr/lib/x86_64-linux-gnu/libjbig.so.0
7f4450beb000-7f4450bec000 r--p 0000a000 08:01 22028386                   /usr/lib/x86_64-linux-gnu/libjbig.so.0
7f4450bec000-7f4450bef000 rw-p 0000b000 08:01 22028386                   /usr/lib/x86_64-linux-gnu/libjbig.so.0
7f4450bef000-7f4452bef000 rw-p 00000000 00:00 0 
7f4452c32000-7f4452d4a000 r-xp 00000000 08:01 22028890                   /usr/lib/x86_64-linux-gnu/libcairo.so.2.11510.0
7f4452d4a000-7f4452f49000 ---p 00118000 08:01 22028890                   /usr/lib/x86_64-linux-gnu/libcairo.so.2.11510.0
7f4452f49000-7f4452f4c000 r--p 00117000 08:01 22028890                   /usr/lib/x86_64-linux-gnu/libcairo.so.2.11510.0
7f4452f4c000-7f4452f4e000 rw-p 0011a000 08:01 22028890                   /usr/lib/x86_64-linux-gnu/libcairo.so.2.11510.0
7f4452f4e000-7f4452f4f000 rw-p 00000000 00:00 0 
7f4452f4f000-7f4452fa1000 r-xp 00000000 08:01 22020461                   /usr/lib/x86_64-linux-gnu/libgobject-2.0.so.0.5600.4
7f4452fa1000-7f44531a1000 ---p 00052000 08:01 22020461                   /usr/lib/x86_64-linux-gnu/libgobject-2.0.so.0.5600.4
7f44531a1000-7f44531a2000 r--p 00052000 08:01 22020461                   /usr/lib/x86_64-linux-gnu/libgobject-2.0.so.0.5600.4
7f44531a2000-7f44531a3000 rw-p 00053000 08:01 22020461                   /usr/lib/x86_64-linux-gnu/libgobject-2.0.so.0.5600.4
7f44531a3000-7f44531ed000 r-xp 00000000 08:01 22030881                   /usr/lib/x86_64-linux-gnu/libpango-1.0.so.0.4000.14
7f44531ed000-7f44533ec000 ---p 0004a000 08:01 22030881                   /usr/lib/x86_64-linux-gnu/libpango-1.0.so.0.4000.14
7f44533ec000-7f44533ef000 r--p 00049000 08:01 22030881                   /usr/lib/x86_64-linux-gnu/libpango-1.0.so.0.4000.14
7f44533ef000-7f44533f0000 rw-p 0004c000 08:01 22030881                   /usr/lib/x86_64-linux-gnu/libpango-1.0.so.0.4000.14
7f44533f0000-7f44553f0000 rw-p 00000000 00:00 0 
7f445544a000-7f445554a000 ---p 00000000 00:00 0 
7f445554a000-7f4455556000 r-xp 00000000 08:01 22028547                   /usr/lib/x86_64-linux-gnu/libpangocairo-1.0.so.0.4000.14
7f4455556000-7f4455755000 ---p 0000c000 08:01 22028547                   /usr/lib/x86_64-linux-gnu/libpangocairo-1.0.so.0.4000.14
7f4455755000-7f4455756000 r--p 0000b000 08:01 22028547                   /usr/lib/x86_64-linux-gnu/libpangocairo-1.0.so.0.4000.14
7f4455756000-7f4455757000 rw-p 0000c000 08:01 22028547                   /usr/lib/x86_64-linux-gnu/libpangocairo-1.0.so.0.4000.14
7f4455757000-7f4455788000 r-xp 00000000 08:01 22023387                   /usr/lib/x86_64-linux-gnu/libpng16.so.16.34.0
7f4455788000-7f4455987000 ---p 00031000 08:01 22023387                   /usr/lib/x86_64-linux-gnu/libpng16.so.16.34.0
7f4455987000-7f4455988000 r--p 00030000 08:01 22023387                   /usr/lib/x86_64-linux-gnu/libpng16.so.16.34.0
7f4455988000-7f4455989000 rw-p 00031000 08:01 22023387                   /usr/lib/x86_64-linux-gnu/libpng16.so.16.34.0
7f4455989000-7f44559f0000 r-xp 00000000 08:01 22023009                   /usr/lib/x86_64-linux-gnu/libjpeg.so.8.1.2
7f44559f0000-7f4455bef000 ---p 00067000 08:01 22023009                   /usr/lib/x86_64-linux-gnu/libjpeg.so.8.1.2
7f4455bef000-7f4455bf0000 r--p 00066000 08:01 22023009                   /usr/lib/x86_64-linux-gnu/libjpeg.so.8.1.2
7f4455bf0000-7f4455bf1000 rw-p 00067000 08:01 22023009                   /usr/lib/x86_64-linux-gnu/libjpeg.so.8.1.2
7f4455bf1000-7f4457bf1000 rw-p 00000000 00:00 0 
7f4457c09000-7f4457d09000 ---p 00000000 00:00 0 
7f4457d09000-7f4457d7c000 r-xp 00000000 08:01 22022060                   /usr/lib/x86_64-linux-gnu/libtiff.so.5.3.0
7f4457d7c000-7f4457f7b000 ---p 00073000 08:01 22022060                   /usr/lib/x86_64-linux-gnu/libtiff.so.5.3.0
7f4457f7b000-7f4457f7f000 r--p 00072000 08:01 22022060                   /usr/lib/x86_64-linux-gnu/libtiff.so.5.3.0
7f4457f7f000-7f4457f80000 rw-p 00076000 08:01 22022060                   /usr/lib/x86_64-linux-gnu/libtiff.so.5.3.0
7f4457f80000-7f4457f89000 r-xp 00000000 08:01 22809168                   /usr/lib/R/library/grDevices/libs/cairo.so
7f4457f89000-7f4458188000 ---p 00009000 08:01 22809168                   /usr/lib/R/library/grDevices/libs/cairo.so
7f4458188000-7f4458189000 r--p 00008000 08:01 22809168                   /usr/lib/R/library/grDevices/libs/cairo.so
7f4458189000-7f445818a000 rw-p 00009000 08:01 22809168                   /usr/lib/R/library/grDevices/libs/cairo.so
7f445818a000-7f4458190000 r-xp 00000000 08:01 2885346                    /usr/lib/R/library/pbdZMQ/libs/pbdZMQ.so
7f4458190000-7f445838f000 ---p 00006000 08:01 2885346                    /usr/lib/R/library/pbdZMQ/libs/pbdZMQ.so
7f445838f000-7f4458390000 r--p 00005000 08:01 2885346                    /usr/lib/R/library/pbdZMQ/libs/pbdZMQ.so
7f4458390000-7f4458391000 rw-p 00006000 08:01 2885346                    /usr/lib/R/library/pbdZMQ/libs/pbdZMQ.so
7f4458391000-7f44583f2000 rw-p 00000000 00:00 0 
7f44583f2000-7f445a3f2000 rw-p 00000000 00:00 0 
7f445a449000-7f445a44a000 ---p 00000000 00:00 0 
7f445a44a000-7f445a54b000 rw-p 00000000 00:00 0 
7f445a54b000-7f445a5c1000 r-xp 00000000 08:01 2885347                    /usr/lib/R/library/pbdZMQ/libs/libzmq.so
7f445a5c1000-7f445a7c1000 ---p 00076000 08:01 2885347                    /usr/lib/R/library/pbdZMQ/libs/libzmq.so
7f445a7c1000-7f445a7c6000 r--p 00076000 08:01 2885347                    /usr/lib/R/library/pbdZMQ/libs/libzmq.so
7f445a7c6000-7f445a7c7000 rw-p 0007b000 08:01 2885347                    /usr/lib/R/library/pbdZMQ/libs/libzmq.so
7f445a7c7000-7f445a7d2000 r-xp 00000000 08:01 12849896                   /lib/x86_64-linux-gnu/libnss_files-2.27.so
7f445a7d2000-7f445a9d1000 ---p 0000b000 08:01 12849896                   /lib/x86_64-linux-gnu/libnss_files-2.27.so
7f445a9d1000-7f445a9d2000 r--p 0000a000 08:01 12849896                   /lib/x86_64-linux-gnu/libnss_files-2.27.so
7f445a9d2000-7f445a9d3000 rw-p 0000b000 08:01 12849896                   /lib/x86_64-linux-gnu/libnss_files-2.27.so
7f445a9d3000-7f445a9d9000 rw-p 00000000 00:00 0 
7f445a9d9000-7f445a9f0000 r-xp 00000000 08:01 12849890                   /lib/x86_64-linux-gnu/libnsl-2.27.so
7f445a9f0000-7f445abef000 ---p 00017000 08:01 12849890                   /lib/x86_64-linux-gnu/libnsl-2.27.so
7f445abef000-7f445abf0000 r--p 00016000 08:01 12849890                   /lib/x86_64-linux-gnu/libnsl-2.27.so
7f445abf0000-7f445abf1000 rw-p 00017000 08:01 12849890                   /lib/x86_64-linux-gnu/libnsl-2.27.so
7f445abf1000-7f445abf3000 rw-p 00000000 00:00 0 
7f445abf3000-7f445cbf3000 rw-p 00000000 00:00 0 
7f445ccde000-7f445cce3000 rw-p 00000000 00:00 0 
7f445cce3000-7f445cdc7000 ---p 00000000 00:00 0 
7f445cdc7000-7f445cdd2000 r-xp 00000000 08:01 12849907                   /lib/x86_64-linux-gnu/libnss_nis-2.27.so
7f445cdd2000-7f445cfd1000 ---p 0000b000 08:01 12849907                   /lib/x86_64-linux-gnu/libnss_nis-2.27.so
7f445cfd1000-7f445cfd2000 r--p 0000a000 08:01 12849907                   /lib/x86_64-linux-gnu/libnss_nis-2.27.so
7f445cfd2000-7f445cfd3000 rw-p 0000b000 08:01 12849907                   /lib/x86_64-linux-gnu/libnss_nis-2.27.so
7f445cfd3000-7f445cfdb000 r-xp 00000000 08:01 12849892                   /lib/x86_64-linux-gnu/libnss_compat-2.27.so
7f445cfdb000-7f445d1db000 ---p 00008000 08:01 12849892                   /lib/x86_64-linux-gnu/libnss_compat-2.27.so
7f445d1db000-7f445d1dc000 r--p 00008000 08:01 12849892                   /lib/x86_64-linux-gnu/libnss_compat-2.27.so
7f445d1dc000-7f445d1dd000 rw-p 00009000 08:01 12849892                   /lib/x86_64-linux-gnu/libnss_compat-2.27.so
7f445d1dd000-7f445d1f2000 r-xp 00000000 08:01 22939767                   /usr/lib/R/library/tools/libs/tools.so
7f445d1f2000-7f445d3f2000 ---p 00015000 08:01 22939767                   /usr/lib/R/library/tools/libs/tools.so
7f445d3f2000-7f445d3f3000 r--p 00015000 08:01 22939767                   /usr/lib/R/library/tools/libs/tools.so
7f445d3f3000-7f445d3f4000 rw-p 00016000 08:01 22939767                   /usr/lib/R/library/tools/libs/tools.so
7f445d3f4000-7f44613f4000 rw-p 00000000 00:00 0 
7f4461477000-7f446147c000 rw-p 00000000 00:00 0 
7f446147c000-7f4461560000 ---p 00000000 00:00 0 
7f4461560000-7f446157e000 r-xp 00000000 08:01 25298415                   /usr/local/lib/R/site-library/rlang/libs/rlang.so
7f446157e000-7f446177d000 ---p 0001e000 08:01 25298415                   /usr/local/lib/R/site-library/rlang/libs/rlang.so
7f446177d000-7f446177f000 r--p 0001d000 08:01 25298415                   /usr/local/lib/R/site-library/rlang/libs/rlang.so
7f446177f000-7f4461780000 rw-p 0001f000 08:01 25298415                   /usr/local/lib/R/site-library/rlang/libs/rlang.so
7f4461780000-7f446178e000 r-xp 00000000 08:01 787458                     /usr/lib/R/library/jsonlite/libs/jsonlite.so
7f446178e000-7f446198e000 ---p 0000e000 08:01 787458                     /usr/lib/R/library/jsonlite/libs/jsonlite.so
7f446198e000-7f446198f000 r--p 0000e000 08:01 787458                     /usr/lib/R/library/jsonlite/libs/jsonlite.so
7f446198f000-7f4461990000 rw-p 0000f000 08:01 787458                     /usr/lib/R/library/jsonlite/libs/jsonlite.so
7f4461990000-7f44619eb000 r-xp 00000000 08:01 25298538                   /usr/local/lib/R/site-library/Rcpp/libs/Rcpp.so
7f44619eb000-7f4461beb000 ---p 0005b000 08:01 25298538                   /usr/local/lib/R/site-library/Rcpp/libs/Rcpp.so
7f4461beb000-7f4461bec000 r--p 0005b000 08:01 25298538                   /usr/local/lib/R/site-library/Rcpp/libs/Rcpp.so
7f4461bec000-7f4461bed000 rw-p 0005c000 08:01 25298538                   /usr/local/lib/R/site-library/Rcpp/libs/Rcpp.so
7f4461bed000-7f4461bf5000 rw-p 00000000 00:00 0 
7f4461bf5000-7f4463bf5000 rw-p 00000000 00:00 0 
7f4463c07000-7f4463c16000 r-xp 00000000 08:01 787285                     /usr/lib/R/library/htmltools/libs/htmltools.so
7f4463c16000-7f4463e15000 ---p 0000f000 08:01 787285                     /usr/lib/R/library/htmltools/libs/htmltools.so
7f4463e15000-7f4463e16000 r--p 0000e000 08:01 787285                     /usr/lib/R/library/htmltools/libs/htmltools.so
7f4463e16000-7f4463e17000 rw-p 0000f000 08:01 787285                     /usr/lib/R/library/htmltools/libs/htmltools.so
7f4463e17000-7f4463e1a000 r-xp 00000000 08:01 921563                     /usr/lib/R/library/base64enc/libs/base64enc.so
7f4463e1a000-7f4464019000 ---p 00003000 08:01 921563                     /usr/lib/R/library/base64enc/libs/base64enc.so
7f4464019000-7f446401a000 r--p 00002000 08:01 921563                     /usr/lib/R/library/base64enc/libs/base64enc.so
7f446401a000-7f446401b000 rw-p 00003000 08:01 921563                     /usr/lib/R/library/base64enc/libs/base64enc.so
7f446401b000-7f446401d000 rw-p 00000000 00:00 0 
7f446401d000-7f4464020000 r-xp 00000000 08:01 2885417                    /usr/lib/R/library/uuid/libs/uuid.so
7f4464020000-7f446421f000 ---p 00003000 08:01 2885417                    /usr/lib/R/library/uuid/libs/uuid.so
7f446421f000-7f4464220000 r--p 00002000 08:01 2885417                    /usr/lib/R/library/uuid/libs/uuid.so
7f4464220000-7f4464221000 rw-p 00003000 08:01 2885417                    /usr/lib/R/library/uuid/libs/uuid.so
7f4464221000-7f446423e000 r-xp 00000000 08:01 25298299                   /usr/local/lib/R/site-library/digest/libs/digest.so
7f446423e000-7f446443d000 ---p 0001d000 08:01 25298299                   /usr/local/lib/R/site-library/digest/libs/digest.so
7f446443d000-7f446443e000 r--p 0001c000 08:01 25298299                   /usr/local/lib/R/site-library/digest/libs/digest.so
7f446443e000-7f446443f000 rw-p 0001d000 08:01 25298299                   /usr/local/lib/R/site-library/digest/libs/digest.so
7f446443f000-7f4464441000 rw-p 00000000 00:00 0 
7f4464441000-7f4464ac5000 r-xp 00000000 08:01 22152790                   /usr/lib/x86_64-linux-gnu/openblas/liblapack.so.3
7f4464ac5000-7f4464cc4000 ---p 00684000 08:01 22152790                   /usr/lib/x86_64-linux-gnu/openblas/liblapack.so.3
7f4464cc4000-7f4464cc5000 r--p 00683000 08:01 22152790                   /usr/lib/x86_64-linux-gnu/openblas/liblapack.so.3
7f4464cc5000-7f4464cc7000 rw-p 00684000 08:01 22152790                   /usr/lib/x86_64-linux-gnu/openblas/liblapack.so.3
7f4464cc7000-7f4464d6a000 r-xp 00000000 08:01 22939005                   /usr/lib/R/library/stats/libs/stats.so
7f4464d6a000-7f4464f6a000 ---p 000a3000 08:01 22939005                   /usr/lib/R/library/stats/libs/stats.so
7f4464f6a000-7f4464f6c000 r--p 000a3000 08:01 22939005                   /usr/lib/R/library/stats/libs/stats.so
7f4464f6c000-7f4464f6d000 rw-p 000a5000 08:01 22939005                   /usr/lib/R/library/stats/libs/stats.so
7f4464f6d000-7f4464f6e000 rw-p 00000000 00:00 0 
7f4464f6e000-7f4464fb8000 r-xp 00000000 08:01 22809209                   /usr/lib/R/library/graphics/libs/graphics.so
7f4464fb8000-7f44651b8000 ---p 0004a000 08:01 22809209                   /usr/lib/R/library/graphics/libs/graphics.so
7f44651b8000-7f44651b9000 r--p 0004a000 08:01 22809209                   /usr/lib/R/library/graphics/libs/graphics.so
7f44651b9000-7f44651ba000 rw-p 0004b000 08:01 22809209                   /usr/lib/R/library/graphics/libs/graphics.so
7f44651ba000-7f44651f1000 r-xp 00000000 08:01 22809169                   /usr/lib/R/library/grDevices/libs/grDevices.so
7f44651f1000-7f44653f0000 ---p 00037000 08:01 22809169                   /usr/lib/R/library/grDevices/libs/grDevices.so
7f44653f0000-7f44653f5000 r--p 00036000 08:01 22809169                   /usr/lib/R/library/grDevices/libs/grDevices.so
7f44653f5000-7f44653f7000 rw-p 0003b000 08:01 22809169                   /usr/lib/R/library/grDevices/libs/grDevices.so
7f44653f7000-7f44653f8000 rw-p 00000000 00:00 0 
7f44653f8000-7f4465437000 r-xp 00000000 08:01 22024871                   /usr/lib/x86_64-linux-gnu/libquadmath.so.0.0.0
7f4465437000-7f4465636000 ---p 0003f000 08:01 22024871                   /usr/lib/x86_64-linux-gnu/libquadmath.so.0.0.0
7f4465636000-7f4465637000 r--p 0003e000 08:01 22024871                   /usr/lib/x86_64-linux-gnu/libquadmath.so.0.0.0
7f4465637000-7f4465638000 rw-p 0003f000 08:01 22024871                   /usr/lib/x86_64-linux-gnu/libquadmath.so.0.0.0
7f4465638000-7f4465814000 r-xp 00000000 08:01 22034262                   /usr/lib/x86_64-linux-gnu/libgfortran.so.4.0.0
7f4465814000-7f4465a14000 ---p 001dc000 08:01 22034262                   /usr/lib/x86_64-linux-gnu/libgfortran.so.4.0.0
7f4465a14000-7f4465a15000 r--p 001dc000 08:01 22034262                   /usr/lib/x86_64-linux-gnu/libgfortran.so.4.0.0
7f4465a15000-7f4465a16000 rw-p 001dd000 08:01 22034262                   /usr/lib/x86_64-linux-gnu/libgfortran.so.4.0.0
7f4465a16000-7f4465a17000 rw-p 00000000 00:00 0 
7f4465a17000-7f4465a2e000 r-xp 00000000 08:01 12845062                   /lib/x86_64-linux-gnu/libgcc_s.so.1
7f4465a2e000-7f4465c2d000 ---p 00017000 08:01 12845062                   /lib/x86_64-linux-gnu/libgcc_s.so.1
7f4465c2d000-7f4465c2e000 r--p 00016000 08:01 12845062                   /lib/x86_64-linux-gnu/libgcc_s.so.1
7f4465c2e000-7f4465c2f000 rw-p 00017000 08:01 12845062                   /lib/x86_64-linux-gnu/libgcc_s.so.1
7f4465c2f000-7f4465da8000 r-xp 00000000 08:01 22022767                   /usr/lib/x86_64-linux-gnu/libstdc++.so.6.0.25
7f4465da8000-7f4465fa8000 ---p 00179000 08:01 22022767                   /usr/lib/x86_64-linux-gnu/libstdc++.so.6.0.25
7f4465fa8000-7f4465fb2000 r--p 00179000 08:01 22022767                   /usr/lib/x86_64-linux-gnu/libstdc++.so.6.0.25
7f4465fb2000-7f4465fb4000 rw-p 00183000 08:01 22022767                   /usr/lib/x86_64-linux-gnu/libstdc++.so.6.0.25
7f4465fb4000-7f4465fb8000 rw-p 00000000 00:00 0 
7f4465fb8000-7f4467960000 r-xp 00000000 08:01 22028331                   /usr/lib/x86_64-linux-gnu/libicudata.so.60.2
7f4467960000-7f4467b5f000 ---p 019a8000 08:01 22028331                   /usr/lib/x86_64-linux-gnu/libicudata.so.60.2
7f4467b5f000-7f4467b60000 r--p 019a7000 08:01 22028331                   /usr/lib/x86_64-linux-gnu/libicudata.so.60.2
7f4467b60000-7f4467b61000 rw-p 019a8000 08:01 22028331                   /usr/lib/x86_64-linux-gnu/libicudata.so.60.2
7f4467b61000-7f4467b86000 r-xp 00000000 08:01 12849964                   /lib/x86_64-linux-gnu/libtinfo.so.5.9
7f4467b86000-7f4467d86000 ---p 00025000 08:01 12849964                   /lib/x86_64-linux-gnu/libtinfo.so.5.9
7f4467d86000-7f4467d8a000 r--p 00025000 08:01 12849964                   /lib/x86_64-linux-gnu/libtinfo.so.5.9
7f4467d8a000-7f4467d8b000 rw-p 00029000 08:01 12849964                   /lib/x86_64-linux-gnu/libtinfo.so.5.9
7f4467d8b000-7f4469e00000 r-xp 00000000 08:01 22034358                   /usr/lib/x86_64-linux-gnu/libopenblasp-r0.2.20.so
7f4469e00000-7f4469fff000 ---p 02075000 08:01 22034358                   /usr/lib/x86_64-linux-gnu/libopenblasp-r0.2.20.so
7f4469fff000-7f446a005000 r--p 02074000 08:01 22034358                   /usr/lib/x86_64-linux-gnu/libopenblasp-r0.2.20.so
7f446a005000-7f446a018000 rw-p 0207a000 08:01 22034358                   /usr/lib/x86_64-linux-gnu/libopenblasp-r0.2.20.so
7f446a018000-7f446a031000 rw-p 00000000 00:00 0 
7f446a031000-7f446a04b000 r-xp 00000000 08:01 12849939                   /lib/x86_64-linux-gnu/libpthread-2.27.so
7f446a04b000-7f446a24a000 ---p 0001a000 08:01 12849939                   /lib/x86_64-linux-gnu/libpthread-2.27.so
7f446a24a000-7f446a24b000 r--p 00019000 08:01 12849939                   /lib/x86_64-linux-gnu/libpthread-2.27.so
7f446a24b000-7f446a24c000 rw-p 0001a000 08:01 12849939                   /lib/x86_64-linux-gnu/libpthread-2.27.so
7f446a24c000-7f446a250000 rw-p 00000000 00:00 0 
7f446a250000-7f446a27e000 r-xp 00000000 08:01 22023382                   /usr/lib/x86_64-linux-gnu/libgomp.so.1.0.0
7f446a27e000-7f446a47d000 ---p 0002e000 08:01 22023382                   /usr/lib/x86_64-linux-gnu/libgomp.so.1.0.0
7f446a47d000-7f446a47e000 r--p 0002d000 08:01 22023382                   /usr/lib/x86_64-linux-gnu/libgomp.so.1.0.0
7f446a47e000-7f446a47f000 rw-p 0002e000 08:01 22023382                   /usr/lib/x86_64-linux-gnu/libgomp.so.1.0.0
7f446a47f000-7f446a711000 r-xp 00000000 08:01 22028333                   /usr/lib/x86_64-linux-gnu/libicui18n.so.60.2
7f446a711000-7f446a910000 ---p 00292000 08:01 22028333                   /usr/lib/x86_64-linux-gnu/libicui18n.so.60.2
7f446a910000-7f446a91f000 r--p 00291000 08:01 22028333                   /usr/lib/x86_64-linux-gnu/libicui18n.so.60.2
7f446a91f000-7f446a920000 rw-p 002a0000 08:01 22028333                   /usr/lib/x86_64-linux-gnu/libicui18n.so.60.2
7f446a920000-7f446aac3000 r-xp 00000000 08:01 22028341                   /usr/lib/x86_64-linux-gnu/libicuuc.so.60.2
7f446aac3000-7f446acc2000 ---p 001a3000 08:01 22028341                   /usr/lib/x86_64-linux-gnu/libicuuc.so.60.2
7f446acc2000-7f446acd5000 r--p 001a2000 08:01 22028341                   /usr/lib/x86_64-linux-gnu/libicuuc.so.60.2
7f446acd5000-7f446acd6000 rw-p 001b5000 08:01 22028341                   /usr/lib/x86_64-linux-gnu/libicuuc.so.60.2
7f446acd6000-7f446acd7000 rw-p 00000000 00:00 0 
7f446acd7000-7f446acda000 r-xp 00000000 08:01 12849829                   /lib/x86_64-linux-gnu/libdl-2.27.so
7f446acda000-7f446aed9000 ---p 00003000 08:01 12849829                   /lib/x86_64-linux-gnu/libdl-2.27.so
7f446aed9000-7f446aeda000 r--p 00002000 08:01 12849829                   /lib/x86_64-linux-gnu/libdl-2.27.so
7f446aeda000-7f446aedb000 rw-p 00003000 08:01 12849829                   /lib/x86_64-linux-gnu/libdl-2.27.so
7f446aedb000-7f446aee2000 r-xp 00000000 08:01 12849947                   /lib/x86_64-linux-gnu/librt-2.27.so
7f446aee2000-7f446b0e1000 ---p 00007000 08:01 12849947                   /lib/x86_64-linux-gnu/librt-2.27.so
7f446b0e1000-7f446b0e2000 r--p 00006000 08:01 12849947                   /lib/x86_64-linux-gnu/librt-2.27.so
7f446b0e2000-7f446b0e3000 rw-p 00007000 08:01 12849947                   /lib/x86_64-linux-gnu/librt-2.27.so
7f446b0e3000-7f446b0ff000 r-xp 00000000 08:01 12849978                   /lib/x86_64-linux-gnu/libz.so.1.2.11
7f446b0ff000-7f446b2fe000 ---p 0001c000 08:01 12849978                   /lib/x86_64-linux-gnu/libz.so.1.2.11
7f446b2fe000-7f446b2ff000 r--p 0001b000 08:01 12849978                   /lib/x86_64-linux-gnu/libz.so.1.2.11
7f446b2ff000-7f446b300000 rw-p 0001c000 08:01 12849978                   /lib/x86_64-linux-gnu/libz.so.1.2.11
7f446b300000-7f446b30f000 r-xp 00000000 08:01 12845072                   /lib/x86_64-linux-gnu/libbz2.so.1.0.4
7f446b30f000-7f446b50e000 ---p 0000f000 08:01 12845072                   /lib/x86_64-linux-gnu/libbz2.so.1.0.4
7f446b50e000-7f446b50f000 r--p 0000e000 08:01 12845072                   /lib/x86_64-linux-gnu/libbz2.so.1.0.4
7f446b50f000-7f446b510000 rw-p 0000f000 08:01 12845072                   /lib/x86_64-linux-gnu/libbz2.so.1.0.4
7f446b510000-7f446b534000 r-xp 00000000 08:01 12849866                   /lib/x86_64-linux-gnu/liblzma.so.5.2.2
7f446b534000-7f446b734000 ---p 00024000 08:01 12849866                   /lib/x86_64-linux-gnu/liblzma.so.5.2.2
7f446b734000-7f446b735000 r--p 00024000 08:01 12849866                   /lib/x86_64-linux-gnu/liblzma.so.5.2.2
7f446b735000-7f446b736000 rw-p 00025000 08:01 12849866                   /lib/x86_64-linux-gnu/liblzma.so.5.2.2
7f446b736000-7f446b7a6000 r-xp 00000000 08:01 12849928                   /lib/x86_64-linux-gnu/libpcre.so.3.13.3
7f446b7a6000-7f446b9a6000 ---p 00070000 08:01 12849928                   /lib/x86_64-linux-gnu/libpcre.so.3.13.3
7f446b9a6000-7f446b9a7000 r--p 00070000 08:01 12849928                   /lib/x86_64-linux-gnu/libpcre.so.3.13.3
7f446b9a7000-7f446b9a8000 rw-p 00071000 08:01 12849928                   /lib/x86_64-linux-gnu/libpcre.so.3.13.3
7f446b9a8000-7f446b9e9000 r-xp 00000000 08:01 12849944                   /lib/x86_64-linux-gnu/libreadline.so.7.0
7f446b9e9000-7f446bbe8000 ---p 00041000 08:01 12849944                   /lib/x86_64-linux-gnu/libreadline.so.7.0
7f446bbe8000-7f446bbea000 r--p 00040000 08:01 12849944                   /lib/x86_64-linux-gnu/libreadline.so.7.0
7f446bbea000-7f446bbf0000 rw-p 00042000 08:01 12849944                   /lib/x86_64-linux-gnu/libreadline.so.7.0
7f446bbf0000-7f446bbf1000 rw-p 00000000 00:00 0 
7f446bbf1000-7f446bd8e000 r-xp 00000000 08:01 12849869                   /lib/x86_64-linux-gnu/libm-2.27.so
7f446bd8e000-7f446bf8d000 ---p 0019d000 08:01 12849869                   /lib/x86_64-linux-gnu/libm-2.27.so
7f446bf8d000-7f446bf8e000 r--p 0019c000 08:01 12849869                   /lib/x86_64-linux-gnu/libm-2.27.so
7f446bf8e000-7f446bf8f000 rw-p 0019d000 08:01 12849869                   /lib/x86_64-linux-gnu/libm-2.27.so
7f446bf8f000-7f446bfe5000 r-xp 00000000 08:01 22152789                   /usr/lib/x86_64-linux-gnu/openblas/libblas.so.3
7f446bfe5000-7f446c1e4000 ---p 00056000 08:01 22152789                   /usr/lib/x86_64-linux-gnu/openblas/libblas.so.3
7f446c1e4000-7f446c1e9000 r--p 00055000 08:01 22152789                   /usr/lib/x86_64-linux-gnu/openblas/libblas.so.3
7f446c1e9000-7f446c1ea000 rw-p 0005a000 08:01 22152789                   /usr/lib/x86_64-linux-gnu/openblas/libblas.so.3
7f446c1ea000-7f446c3d1000 r-xp 00000000 08:01 12849806                   /lib/x86_64-linux-gnu/libc-2.27.so
7f446c3d1000-7f446c5d1000 ---p 001e7000 08:01 12849806                   /lib/x86_64-linux-gnu/libc-2.27.so
7f446c5d1000-7f446c5d5000 r--p 001e7000 08:01 12849806                   /lib/x86_64-linux-gnu/libc-2.27.so
7f446c5d5000-7f446c5d7000 rw-p 001eb000 08:01 12849806                   /lib/x86_64-linux-gnu/libc-2.27.so
7f446c5d7000-7f446c5db000 rw-p 00000000 00:00 0 
7f446c5db000-7f446c8e4000 r-xp 00000000 08:01 22288065                   /usr/lib/R/lib/libR.so
7f446c8e4000-7f446cae3000 ---p 00309000 08:01 22288065                   /usr/lib/R/lib/libR.so
7f446cae3000-7f446cb01000 r--p 00308000 08:01 22288065                   /usr/lib/R/lib/libR.so
7f446cb01000-7f446cb0c000 rw-p 00326000 08:01 22288065                   /usr/lib/R/lib/libR.so
7f446cb0c000-7f446cc5e000 rw-p 00000000 00:00 0 
7f446cc5e000-7f446cc85000 r-xp 00000000 08:01 12849778                   /lib/x86_64-linux-gnu/ld-2.27.so
7f446ccd5000-7f446cd0c000 rw-p 00000000 00:00 0 
7f446cd0c000-7f446cd16000 ---p 00000000 00:00 0 
7f446cd16000-7f446ce68000 rw-p 00000000 00:00 0 
7f446ce70000-7f446ce72000 r--s 00007000 08:01 22420049                   /usr/share/java/java-atk-wrapper.jar
7f446ce72000-7f446ce7a000 rw-s 00000000 08:01 1735526                    /tmp/hsperfdata_dsuser13/32756
7f446ce7a000-7f446ce7b000 ---p 00000000 00:00 0 
7f446ce7b000-7f446ce7c000 r--p 00000000 00:00 0 
7f446ce7c000-7f446ce83000 r--s 00000000 08:01 22285294                   /usr/lib/x86_64-linux-gnu/gconv/gconv-modules.cache
7f446ce83000-7f446ce85000 rw-p 00000000 00:00 0 
7f446ce85000-7f446ce86000 r--p 00027000 08:01 12849778                   /lib/x86_64-linux-gnu/ld-2.27.so
7f446ce86000-7f446ce87000 rw-p 00028000 08:01 12849778                   /lib/x86_64-linux-gnu/ld-2.27.so
7f446ce87000-7f446ce88000 rw-p 00000000 00:00 0 
7ffd92ac4000-7ffd92bc0000 rw-p 00000000 00:00 0                          [stack]
7ffd92be2000-7ffd92be5000 r--p 00000000 00:00 0                          [vvar]
7ffd92be5000-7ffd92be7000 r-xp 00000000 00:00 0                          [vdso]
ffffffffff600000-ffffffffff601000 r-xp 00000000 00:00 0                  [vsyscall]


VM Arguments:
jvm_args: -Xmx512m -Xrs vfprintf exit -XX:+UnlockExperimentalVMOptions -XX:+DisablePrimordialThreadGuardPages 
java_command: <unknown>
java_class_path (initial): /home/dsuser13/R/x86_64-pc-linux-gnu-library/3.6/rJava/java/boot
Launcher Type: generic

[Global flags]
     intx CICompilerCount                          = 12                                        {product} {ergonomic}
     uint ConcGCThreads                            = 3                                         {product} {ergonomic}
     bool DisablePrimordialThreadGuardPages        = true                                 {experimental} {command line}
     uint G1ConcRefinementThreads                  = 13                                        {product} {ergonomic}
   size_t G1HeapRegionSize                         = 1048576                                   {product} {ergonomic}
    uintx GCDrainStackTargetSize                   = 64                                        {product} {ergonomic}
   size_t InitialHeapSize                          = 264241152                                 {product} {ergonomic}
   size_t MarkStackSize                            = 4194304                                   {product} {ergonomic}
   size_t MaxHeapSize                              = 536870912                                 {product} {command line}
   size_t MinHeapDeltaBytes                        = 1048576                                   {product} {ergonomic}
    uintx NonNMethodCodeHeapSize                   = 7591728                                {pd product} {ergonomic}
    uintx NonProfiledCodeHeapSize                  = 122033256                              {pd product} {ergonomic}
    uintx ProfiledCodeHeapSize                     = 122033256                              {pd product} {ergonomic}
     bool ReduceSignalUsage                        = true                                      {product} {command line}
    uintx ReservedCodeCacheSize                    = 251658240                              {pd product} {ergonomic}
     bool SegmentedCodeCache                       = true                                      {product} {ergonomic}
     bool UnlockExperimentalVMOptions              = true                                 {experimental} {command line}
     bool UseCompressedClassPointers               = true                                 {lp64_product} {ergonomic}
     bool UseCompressedOops                        = true                                 {lp64_product} {ergonomic}
     bool UseG1GC                                  = true                                      {product} {ergonomic}

Logging:
Log output configuration:
 #0: stdout all=warning uptime,level,tags
 #1: stderr all=off uptime,level,tags

Environment Variables:
PATH=/usr/local/sbin:/usr/local/bin:/usr/sbin:/usr/bin:/sbin:/bin:/usr/games:/usr/local/games:/snap/bin
LD_LIBRARY_PATH=/usr/lib/R/lib:/usr/lib/x86_64-linux-gnu:/usr/lib/jvm/default-java/lib/server
SHELL=/bin/bash

Signal Handlers:
SIGSEGV: [libjvm.so+0xde5f50], sa_mask[0]=11111111011111111101111111111110, sa_flags=SA_RESTART|SA_SIGINFO
SIGBUS: [libjvm.so+0xde5f50], sa_mask[0]=11111111011111111101111111111110, sa_flags=SA_RESTART|SA_SIGINFO
SIGFPE: [libjvm.so+0xde5f50], sa_mask[0]=11111111011111111101111111111110, sa_flags=SA_RESTART|SA_SIGINFO
SIGPIPE: [libjvm.so+0xbba5b0], sa_mask[0]=11111111011111111101111111111110, sa_flags=SA_RESTART|SA_SIGINFO
SIGXFSZ: [libjvm.so+0xbba5b0], sa_mask[0]=11111111011111111101111111111110, sa_flags=SA_RESTART|SA_SIGINFO
SIGILL: [libjvm.so+0xde5f50], sa_mask[0]=11111111011111111101111111111110, sa_flags=SA_RESTART|SA_SIGINFO
SIGUSR2: [libjvm.so+0xbba450], sa_mask[0]=00000000000000000000000000000000, sa_flags=SA_RESTART|SA_SIGINFO
SIGHUP: SIG_DFL, sa_mask[0]=00000000000000000000000000000000, sa_flags=none
SIGINT: [libR.so+0x169640], sa_mask[0]=01000000000000000000000000000000, sa_flags=SA_RESTART
SIGTERM: SIG_DFL, sa_mask[0]=00000000000000000000000000000000, sa_flags=none
SIGQUIT: SIG_DFL, sa_mask[0]=00000000000000000000000000000000, sa_flags=none


---------------  S Y S T E M  ---------------

OS:DISTRIB_ID=Ubuntu
DISTRIB_RELEASE=18.04
DISTRIB_CODENAME=bionic
DISTRIB_DESCRIPTION="Ubuntu 18.04.3 LTS"
uname:Linux 4.15.0-66-generic #75-Ubuntu SMP Tue Oct 1 05:24:09 UTC 2019 x86_64
libc:glibc 2.27 NPTL 2.27 
rlimit: STACK 8192k, CORE 0k, NPROC 63910, NOFILE 1048576, AS infinity, DATA infinity, FSIZE infinity
load average:1.40 4.68 4.01

/proc/meminfo:
MemTotal:       16422580 kB
MemFree:          278632 kB
MemAvailable:          0 kB
Buffers:            2252 kB
Cached:           116064 kB
SwapCached:         5220 kB
Active:         11675008 kB
Inactive:        3917816 kB
Active(anon):   11665664 kB
Inactive(anon):  3893244 kB
Active(file):       9344 kB
Inactive(file):    24572 kB
Unevictable:          96 kB
Mlocked:              96 kB
SwapTotal:       2097148 kB
SwapFree:              0 kB
Dirty:               200 kB
Writeback:            20 kB
AnonPages:      15470364 kB
Mapped:            64980 kB
Shmem:             83588 kB
Slab:             212908 kB
SReclaimable:      87384 kB
SUnreclaim:       125524 kB
KernelStack:       38160 kB
PageTables:       170940 kB
NFS_Unstable:          0 kB
Bounce:                0 kB
WritebackTmp:          0 kB
CommitLimit:    10308436 kB
Committed_AS:   66210540 kB
VmallocTotal:   34359738367 kB
VmallocUsed:           0 kB
VmallocChunk:          0 kB
HardwareCorrupted:     0 kB
AnonHugePages:         0 kB
ShmemHugePages:        0 kB
ShmemPmdMapped:        0 kB
CmaTotal:              0 kB
CmaFree:               0 kB
HugePages_Total:       0
HugePages_Free:        0
HugePages_Rsvd:        0
HugePages_Surp:        0
Hugepagesize:       2048 kB
DirectMap4k:      550848 kB
DirectMap2M:    16226304 kB
DirectMap1G:     2097152 kB


/proc/sys/kernel/threads-max (system-wide limit on the number of threads):
127820


/proc/sys/vm/max_map_count (maximum number of memory map areas a process may have):
65530


/proc/sys/kernel/pid_max (system-wide limit on number of process identifiers):
32768



container (cgroup) information:
container_type: cgroupv1
cpu_cpuset_cpus: 0-15
cpu_memory_nodes: 0-7
active_processor_count: 16
cpu_quota: -1
cpu_period: 100000
cpu_shares: -1
memory_limit_in_bytes: -1
memory_and_swap_limit_in_bytes: -2
memory_soft_limit_in_bytes: -1
memory_usage_in_bytes: 15965356032
memory_max_usage_in_bytes: 55121850368

Steal ticks since vm start: 0
Steal ticks percentage since vm start:  0.000

CPU:total 16 (initial active 16) (2 cores per cpu, 1 threads per core) family 6 model 79 stepping 1, cmov, cx8, fxsr, mmx, sse, sse2, sse3, ssse3, sse4.1, sse4.2, popcnt, avx, avx2, aes, clmul, erms, rtm, 3dnowpref, lzcnt, tsc, tscinvbit, bmi1, bmi2, adx, fma
CPU Model and flags from /proc/cpuinfo:
model name	: Intel(R) Xeon(R) CPU E5-2630 v4 @ 2.20GHz
flags		: fpu vme de pse tsc msr pae mce cx8 apic sep mtrr pge mca cmov pat pse36 clflush dts mmx fxsr sse sse2 ss ht syscall nx pdpe1gb rdtscp lm constant_tsc arch_perfmon pebs bts nopl xtopology tsc_reliable nonstop_tsc cpuid pni pclmulqdq ssse3 fma cx16 pcid sse4_1 sse4_2 x2apic movbe popcnt tsc_deadline_timer aes xsave avx f16c rdrand hypervisor lahf_lm abm 3dnowprefetch cpuid_fault invpcid_single pti ssbd ibrs ibpb stibp fsgsbase tsc_adjust bmi1 hle avx2 smep bmi2 invpcid rtm rdseed adx smap xsaveopt arat flush_l1d arch_capabilities

Memory: 4k page, physical 16422580k(278632k free), swap 2097148k(0k free)

vm_info: OpenJDK 64-Bit Server VM (11.0.4+11-post-Ubuntu-1ubuntu218.04.3) for linux-amd64 JRE (11.0.4+11-post-Ubuntu-1ubuntu218.04.3), built on Jul 18 2019 18:21:46 by "buildd" with gcc 7.4.0

END.
