#
# There is insufficient memory for the Java Runtime Environment to continue.
# Native memory allocation (mmap) failed to map 264241152 bytes for committing reserved memory.
# Possible reasons:
#   The system is out of physical RAM or swap space
#   The process is running with CompressedOops enabled, and the Java Heap may be blocking the growth of the native heap
# Possible solutions:
#   Reduce memory load on the system
#   Increase physical memory or swap space
#   Check if swap backing store is full
#   Decrease Java heap size (-Xmx/-Xms)
#   Decrease number of Java threads
#   Decrease Java thread stack sizes (-Xss)
#   Set larger code cache with -XX:ReservedCodeCacheSize=
# This output file may be truncated or incomplete.
#
#  Out of Memory Error (os_linux.cpp:2893), pid=32613, tid=32613
#
# JRE version:  (11.0.4+11) (build )
# Java VM: OpenJDK 64-Bit Server VM (11.0.4+11-post-Ubuntu-1ubuntu218.04.3, mixed mode, aot, sharing, tiered, compressed oops, g1 gc, linux-amd64)
# Core dump will be written. Default location: Core dumps may be processed with "/usr/share/apport/apport %p %s %c %d %P" (or dumping to /home/dsuser13/DataScience/stats/core.32613)
#

---------------  S U M M A R Y ------------

Command Line: -Xmx512m -Xrs vfprintf exit -XX:+UnlockExperimentalVMOptions -XX:+DisablePrimordialThreadGuardPages 

Host: Intel(R) Xeon(R) CPU E5-2630 v4 @ 2.20GHz, 16 cores, 15G, Ubuntu 18.04.3 LTS
Time: Wed Dec  4 18:09:54 2019 IST elapsed time: 0 seconds (0d 0h 0m 0s)

---------------  T H R E A D  ---------------

Current thread (0x000055961d76a800):  JavaThread "Unknown thread" [_thread_in_vm, id=32613, stack(0x00007ffe520a1000,0x00007ffe521a1000)]

Stack: [0x00007ffe520a1000,0x00007ffe521a1000],  sp=0x00007ffe5214c6e0,  free space=685k
Native frames: (J=compiled Java code, A=aot compiled Java code, j=interpreted, Vv=VM code, C=native code)
V  [libjvm.so+0xde4547]
V  [libjvm.so+0xde519b]
V  [libjvm.so+0x6511a5]
V  [libjvm.so+0xbbed38]
V  [libjvm.so+0xbb5ebd]
V  [libjvm.so+0x76f53f]
V  [libjvm.so+0x76f7ae]
V  [libjvm.so+0x77b820]
V  [libjvm.so+0x7f6969]
V  [libjvm.so+0x7f75c2]
V  [libjvm.so+0x7f7a29]
V  [libjvm.so+0x72de6f]
V  [libjvm.so+0x72e55d]
V  [libjvm.so+0xd9ea32]
V  [libjvm.so+0xd9ecc6]
V  [libjvm.so+0x80f907]
V  [libjvm.so+0xd7d627]
V  [libjvm.so+0x8c8611]  JNI_CreateJavaVM+0x51


---------------  P R O C E S S  ---------------

Threads class SMR info:
_java_thread_list=0x000055961c113b60, length=0, elements={
}

Java Threads: ( => current thread )

Other Threads:
  0x000055961e7c0800 GCTaskThread "GC Thread#0" [stack: 0x00007f1b928aa000,0x00007f1b929aa000] [id=32718]
  0x000055961fcc5800 ConcurrentGCThread "G1 Main Marker" [stack: 0x00007f1b4c956000,0x00007f1b4ca56000] [id=32719]
  0x000055961cece000 ConcurrentGCThread "G1 Conc#0" [stack: 0x00007f1b4c854000,0x00007f1b4c954000] [id=32720]

[error occurred during error reporting (printing all threads), id 0xb, SIGSEGV (0xb) at pc=0x00007f1b6608f040]

VM state:not at safepoint (not fully initialized)

VM Mutex/Monitor currently owned by a thread:  ([mutex/lock_event])
[0x000055961b75a940] Heap_lock - owner thread: 0x000055961d76a800

Heap address: 0x00000000e0000000, size: 512 MB, Compressed Oops mode: Non-zero based: 0x00000000e0000000
Narrow klass base: 0x0000000000000000, Narrow klass shift: 0

GC Heap History (0 events):
No events

Deoptimization events (0 events):
No events

Classes redefined (0 events):
No events

Internal exceptions (0 events):
No events

Events (0 events):
No events


Dynamic libraries:
efc00000-100000000 ---p 00000000 00:00 0 
559615aa8000-559615aa9000 r-xp 00000000 08:01 22288054                   /usr/lib/R/bin/exec/R
559615ca8000-559615ca9000 r--p 00000000 08:01 22288054                   /usr/lib/R/bin/exec/R
559615ca9000-559615caa000 rw-p 00001000 08:01 22288054                   /usr/lib/R/bin/exec/R
5596165cb000-559623171000 rw-p 00000000 00:00 0                          [heap]
7f1b3e000000-7f1b40000000 rw-p 00000000 00:00 0 
7f1b40000000-7f1b40021000 rw-p 00000000 00:00 0 
7f1b40021000-7f1b44000000 ---p 00000000 00:00 0 
7f1b44000000-7f1b44021000 rw-p 00000000 00:00 0 
7f1b44021000-7f1b48000000 ---p 00000000 00:00 0 
7f1b48000000-7f1b48021000 rw-p 00000000 00:00 0 
7f1b48021000-7f1b4c000000 ---p 00000000 00:00 0 
7f1b4c852000-7f1b4c853000 ---p 00000000 00:00 0 
7f1b4c853000-7f1b4c954000 rw-p 00000000 00:00 0 
7f1b4c954000-7f1b4c955000 ---p 00000000 00:00 0 
7f1b4c955000-7f1b4ca56000 rw-p 00000000 00:00 0 
7f1b4ca56000-7f1b4da56000 ---p 00000000 00:00 0 
7f1b4da56000-7f1b4dcc6000 rwxp 00000000 00:00 0 
7f1b4dcc6000-7f1b4e194000 ---p 00000000 00:00 0 
7f1b4e194000-7f1b4e404000 rwxp 00000000 00:00 0 
7f1b4e404000-7f1b555f5000 ---p 00000000 00:00 0 
7f1b555f5000-7f1b55865000 rwxp 00000000 00:00 0 
7f1b55865000-7f1b5ca56000 ---p 00000000 00:00 0 
7f1b5ca56000-7f1b65100000 r--s 00000000 08:01 22287407                   /usr/lib/jvm/java-11-openjdk-amd64/lib/modules
7f1b65100000-7f1b65105000 r-xp 00000000 08:01 22287389                   /usr/lib/jvm/java-11-openjdk-amd64/lib/libjimage.so
7f1b65105000-7f1b65304000 ---p 00005000 08:01 22287389                   /usr/lib/jvm/java-11-openjdk-amd64/lib/libjimage.so
7f1b65304000-7f1b65305000 r--p 00004000 08:01 22287389                   /usr/lib/jvm/java-11-openjdk-amd64/lib/libjimage.so
7f1b65305000-7f1b65306000 rw-p 00005000 08:01 22287389                   /usr/lib/jvm/java-11-openjdk-amd64/lib/libjimage.so
7f1b65306000-7f1b6530d000 r-xp 00000000 08:01 22287406                   /usr/lib/jvm/java-11-openjdk-amd64/lib/libzip.so
7f1b6530d000-7f1b6550c000 ---p 00007000 08:01 22287406                   /usr/lib/jvm/java-11-openjdk-amd64/lib/libzip.so
7f1b6550c000-7f1b6550d000 r--p 00006000 08:01 22287406                   /usr/lib/jvm/java-11-openjdk-amd64/lib/libzip.so
7f1b6550d000-7f1b6550e000 rw-p 00007000 08:01 22287406                   /usr/lib/jvm/java-11-openjdk-amd64/lib/libzip.so
7f1b6550e000-7f1b65537000 r-xp 00000000 08:01 22287385                   /usr/lib/jvm/java-11-openjdk-amd64/lib/libjava.so
7f1b65537000-7f1b65736000 ---p 00029000 08:01 22287385                   /usr/lib/jvm/java-11-openjdk-amd64/lib/libjava.so
7f1b65736000-7f1b65737000 r--p 00028000 08:01 22287385                   /usr/lib/jvm/java-11-openjdk-amd64/lib/libjava.so
7f1b65737000-7f1b65739000 rw-p 00029000 08:01 22287385                   /usr/lib/jvm/java-11-openjdk-amd64/lib/libjava.so
7f1b65739000-7f1b65746000 r-xp 00000000 08:01 22287405                   /usr/lib/jvm/java-11-openjdk-amd64/lib/libverify.so
7f1b65746000-7f1b65945000 ---p 0000d000 08:01 22287405                   /usr/lib/jvm/java-11-openjdk-amd64/lib/libverify.so
7f1b65945000-7f1b65947000 r--p 0000c000 08:01 22287405                   /usr/lib/jvm/java-11-openjdk-amd64/lib/libverify.so
7f1b65947000-7f1b65948000 rw-p 0000e000 08:01 22287405                   /usr/lib/jvm/java-11-openjdk-amd64/lib/libverify.so
7f1b65948000-7f1b66a14000 r-xp 00000000 08:01 22287412                   /usr/lib/jvm/java-11-openjdk-amd64/lib/server/libjvm.so
7f1b66a14000-7f1b66c13000 ---p 010cc000 08:01 22287412                   /usr/lib/jvm/java-11-openjdk-amd64/lib/server/libjvm.so
7f1b66c13000-7f1b66cd0000 r--p 010cb000 08:01 22287412                   /usr/lib/jvm/java-11-openjdk-amd64/lib/server/libjvm.so
7f1b66cd0000-7f1b66d09000 rw-p 01188000 08:01 22287412                   /usr/lib/jvm/java-11-openjdk-amd64/lib/server/libjvm.so
7f1b66d09000-7f1b66d5f000 rw-p 00000000 00:00 0 
7f1b66d5f000-7f1b66d6f000 r-xp 00000000 08:01 3539828                    /home/dsuser13/R/x86_64-pc-linux-gnu-library/3.6/rJava/libs/rJava.so
7f1b66d6f000-7f1b66f6e000 ---p 00010000 08:01 3539828                    /home/dsuser13/R/x86_64-pc-linux-gnu-library/3.6/rJava/libs/rJava.so
7f1b66f6e000-7f1b66f6f000 r--p 0000f000 08:01 3539828                    /home/dsuser13/R/x86_64-pc-linux-gnu-library/3.6/rJava/libs/rJava.so
7f1b66f6f000-7f1b66f70000 rw-p 00010000 08:01 3539828                    /home/dsuser13/R/x86_64-pc-linux-gnu-library/3.6/rJava/libs/rJava.so
7f1b66f70000-7f1b66f76000 r-xp 00000000 08:01 1051409                    /usr/lib/R/library/Hmisc/libs/Hmisc.so
7f1b66f76000-7f1b67175000 ---p 00006000 08:01 1051409                    /usr/lib/R/library/Hmisc/libs/Hmisc.so
7f1b67175000-7f1b67176000 r--p 00005000 08:01 1051409                    /usr/lib/R/library/Hmisc/libs/Hmisc.so
7f1b67176000-7f1b67177000 rw-p 00006000 08:01 1051409                    /usr/lib/R/library/Hmisc/libs/Hmisc.so
7f1b67177000-7f1b671e6000 r-xp 00000000 08:01 23206155                   /usr/local/lib/R/site-library/stringi/libs/stringi.so
7f1b671e6000-7f1b673e5000 ---p 0006f000 08:01 23206155                   /usr/local/lib/R/site-library/stringi/libs/stringi.so
7f1b673e5000-7f1b673e7000 r--p 0006e000 08:01 23206155                   /usr/local/lib/R/site-library/stringi/libs/stringi.so
7f1b673e7000-7f1b673e8000 rw-p 00070000 08:01 23206155                   /usr/local/lib/R/site-library/stringi/libs/stringi.so
7f1b673e8000-7f1b673f8000 r-xp 00000000 08:01 921384                     /usr/lib/R/library/checkmate/libs/checkmate.so
7f1b673f8000-7f1b675f7000 ---p 00010000 08:01 921384                     /usr/lib/R/library/checkmate/libs/checkmate.so
7f1b675f7000-7f1b675f8000 r--p 0000f000 08:01 921384                     /usr/lib/R/library/checkmate/libs/checkmate.so
7f1b675f8000-7f1b675f9000 rw-p 00010000 08:01 921384                     /usr/lib/R/library/checkmate/libs/checkmate.so
7f1b675f9000-7f1b67605000 r-xp 00000000 08:01 23202426                   /usr/lib/R/library/rpart/libs/rpart.so
7f1b67605000-7f1b67804000 ---p 0000c000 08:01 23202426                   /usr/lib/R/library/rpart/libs/rpart.so
7f1b67804000-7f1b67805000 r--p 0000b000 08:01 23202426                   /usr/lib/R/library/rpart/libs/rpart.so
7f1b67805000-7f1b67806000 rw-p 0000c000 08:01 23202426                   /usr/lib/R/library/rpart/libs/rpart.so
7f1b67806000-7f1b6780a000 r-xp 00000000 08:01 23201197                   /usr/lib/R/library/nnet/libs/nnet.so
7f1b6780a000-7f1b67a09000 ---p 00004000 08:01 23201197                   /usr/lib/R/library/nnet/libs/nnet.so
7f1b67a09000-7f1b67a0a000 r--p 00003000 08:01 23201197                   /usr/lib/R/library/nnet/libs/nnet.so
7f1b67a0a000-7f1b67a0b000 rw-p 00004000 08:01 23201197                   /usr/lib/R/library/nnet/libs/nnet.so
7f1b67a0b000-7f1b67a1b000 r-xp 00000000 08:01 23072847                   /usr/lib/R/library/cluster/libs/cluster.so
7f1b67a1b000-7f1b67c1a000 ---p 00010000 08:01 23072847                   /usr/lib/R/library/cluster/libs/cluster.so
7f1b67c1a000-7f1b67c1b000 r--p 0000f000 08:01 23072847                   /usr/lib/R/library/cluster/libs/cluster.so
7f1b67c1b000-7f1b67c1c000 rw-p 00010000 08:01 23072847                   /usr/lib/R/library/cluster/libs/cluster.so
7f1b67c1c000-7f1b67c23000 r-xp 00000000 08:01 789684                     /usr/lib/R/library/acepack/libs/acepack.so
7f1b67c23000-7f1b67e22000 ---p 00007000 08:01 789684                     /usr/lib/R/library/acepack/libs/acepack.so
7f1b67e22000-7f1b67e23000 r--p 00006000 08:01 789684                     /usr/lib/R/library/acepack/libs/acepack.so
7f1b67e23000-7f1b67e24000 rw-p 00007000 08:01 789684                     /usr/lib/R/library/acepack/libs/acepack.so
7f1b67e24000-7f1b67e27000 r-xp 00000000 08:01 25298379                   /usr/local/lib/R/site-library/lazyeval/libs/lazyeval.so
7f1b67e27000-7f1b68027000 ---p 00003000 08:01 25298379                   /usr/local/lib/R/site-library/lazyeval/libs/lazyeval.so
7f1b68027000-7f1b68028000 r--p 00003000 08:01 25298379                   /usr/local/lib/R/site-library/lazyeval/libs/lazyeval.so
7f1b68028000-7f1b68029000 rw-p 00004000 08:01 25298379                   /usr/local/lib/R/site-library/lazyeval/libs/lazyeval.so
7f1b68029000-7f1b6803b000 r-xp 00000000 08:01 25428653                   /usr/local/lib/R/site-library/scales/libs/scales.so
7f1b6803b000-7f1b6823b000 ---p 00012000 08:01 25428653                   /usr/local/lib/R/site-library/scales/libs/scales.so
7f1b6823b000-7f1b6823c000 r--p 00012000 08:01 25428653                   /usr/local/lib/R/site-library/scales/libs/scales.so
7f1b6823c000-7f1b6823d000 rw-p 00013000 08:01 25428653                   /usr/local/lib/R/site-library/scales/libs/scales.so
7f1b6823d000-7f1b68248000 r-xp 00000000 08:01 23205239                   /usr/local/lib/R/site-library/colorspace/libs/colorspace.so
7f1b68248000-7f1b68447000 ---p 0000b000 08:01 23205239                   /usr/local/lib/R/site-library/colorspace/libs/colorspace.so
7f1b68447000-7f1b68448000 r--p 0000a000 08:01 23205239                   /usr/local/lib/R/site-library/colorspace/libs/colorspace.so
7f1b68448000-7f1b68449000 rw-p 0000b000 08:01 23205239                   /usr/local/lib/R/site-library/colorspace/libs/colorspace.so
7f1b68449000-7f1b68470000 r-xp 00000000 08:01 23201961                   /usr/lib/R/library/survival/libs/survival.so
7f1b68470000-7f1b68670000 ---p 00027000 08:01 23201961                   /usr/lib/R/library/survival/libs/survival.so
7f1b68670000-7f1b68671000 r--p 00027000 08:01 23201961                   /usr/lib/R/library/survival/libs/survival.so
7f1b68671000-7f1b68672000 rw-p 00028000 08:01 23201961                   /usr/lib/R/library/survival/libs/survival.so
7f1b68672000-7f1b6872d000 r-xp 00000000 08:01 23073181                   /usr/lib/R/library/Matrix/libs/Matrix.so
7f1b6872d000-7f1b6892d000 ---p 000bb000 08:01 23073181                   /usr/lib/R/library/Matrix/libs/Matrix.so
7f1b6892d000-7f1b6892e000 r--p 000bb000 08:01 23073181                   /usr/lib/R/library/Matrix/libs/Matrix.so
7f1b6892e000-7f1b68931000 rw-p 000bc000 08:01 23073181                   /usr/lib/R/library/Matrix/libs/Matrix.so
7f1b68931000-7f1b68bdf000 rw-p 00000000 00:00 0 
7f1b68bdf000-7f1b68be2000 r-xp 00000000 08:01 23073083                   /usr/lib/R/library/lattice/libs/lattice.so
7f1b68be2000-7f1b68de1000 ---p 00003000 08:01 23073083                   /usr/lib/R/library/lattice/libs/lattice.so
7f1b68de1000-7f1b68de2000 r--p 00002000 08:01 23073083                   /usr/lib/R/library/lattice/libs/lattice.so
7f1b68de2000-7f1b68de3000 rw-p 00003000 08:01 23073083                   /usr/lib/R/library/lattice/libs/lattice.so
7f1b68de3000-7f1b68e02000 r-xp 00000000 08:01 22809277                   /usr/lib/R/library/grid/libs/grid.so
7f1b68e02000-7f1b69002000 ---p 0001f000 08:01 22809277                   /usr/lib/R/library/grid/libs/grid.so
7f1b69002000-7f1b69003000 r--p 0001f000 08:01 22809277                   /usr/lib/R/library/grid/libs/grid.so
7f1b69003000-7f1b69004000 rw-p 00020000 08:01 22809277                   /usr/lib/R/library/grid/libs/grid.so
7f1b69004000-7f1b69006000 r-xp 00000000 08:01 22938611                   /usr/lib/R/library/splines/libs/splines.so
7f1b69006000-7f1b69205000 ---p 00002000 08:01 22938611                   /usr/lib/R/library/splines/libs/splines.so
7f1b69205000-7f1b69206000 r--p 00001000 08:01 22938611                   /usr/lib/R/library/splines/libs/splines.so
7f1b69206000-7f1b69207000 rw-p 00002000 08:01 22938611                   /usr/lib/R/library/splines/libs/splines.so
7f1b69207000-7f1b693e1000 r-xp 00000000 08:01 25428954                   /usr/local/lib/R/site-library/dplyr/libs/dplyr.so
7f1b693e1000-7f1b695e1000 ---p 001da000 08:01 25428954                   /usr/local/lib/R/site-library/dplyr/libs/dplyr.so
7f1b695e1000-7f1b695e6000 r--p 001da000 08:01 25428954                   /usr/local/lib/R/site-library/dplyr/libs/dplyr.so
7f1b695e6000-7f1b695e7000 rw-p 001df000 08:01 25428954                   /usr/local/lib/R/site-library/dplyr/libs/dplyr.so
7f1b695e7000-7f1b695ec000 rw-p 00000000 00:00 0 
7f1b695ec000-7f1b69601000 r-xp 00000000 08:01 25428731                   /usr/local/lib/R/site-library/tidyselect/libs/tidyselect.so
7f1b69601000-7f1b69800000 ---p 00015000 08:01 25428731                   /usr/local/lib/R/site-library/tidyselect/libs/tidyselect.so
7f1b69800000-7f1b69801000 r--p 00014000 08:01 25428731                   /usr/local/lib/R/site-library/tidyselect/libs/tidyselect.so
7f1b69801000-7f1b69802000 rw-p 00015000 08:01 25428731                   /usr/local/lib/R/site-library/tidyselect/libs/tidyselect.so
7f1b69802000-7f1b6980a000 r-xp 00000000 08:01 25428390                   /usr/local/lib/R/site-library/purrr/libs/purrr.so
7f1b6980a000-7f1b69a09000 ---p 00008000 08:01 25428390                   /usr/local/lib/R/site-library/purrr/libs/purrr.so
7f1b69a09000-7f1b69a0a000 r--p 00007000 08:01 25428390                   /usr/local/lib/R/site-library/purrr/libs/purrr.so
7f1b69a0a000-7f1b69a0b000 rw-p 00008000 08:01 25428390                   /usr/local/lib/R/site-library/purrr/libs/purrr.so
7f1b69a0b000-7f1b69a0d000 r-xp 00000000 08:01 25428015                   /usr/local/lib/R/site-library/glue/libs/glue.so
7f1b69a0d000-7f1b69c0c000 ---p 00002000 08:01 25428015                   /usr/local/lib/R/site-library/glue/libs/glue.so
7f1b69c0c000-7f1b69c0d000 r--p 00001000 08:01 25428015                   /usr/local/lib/R/site-library/glue/libs/glue.so
7f1b69c0d000-7f1b69c0e000 rw-p 00002000 08:01 25428015                   /usr/local/lib/R/site-library/glue/libs/glue.so
7f1b69c0e000-7f1b69c20000 r-xp 00000000 08:01 786812                     /usr/lib/R/library/e1071/libs/e1071.so
7f1b69c20000-7f1b69e1f000 ---p 00012000 08:01 786812                     /usr/lib/R/library/e1071/libs/e1071.so
7f1b69e1f000-7f1b69e20000 r--p 00011000 08:01 786812                     /usr/lib/R/library/e1071/libs/e1071.so
7f1b69e20000-7f1b69e21000 rw-p 00012000 08:01 786812                     /usr/lib/R/library/e1071/libs/e1071.so
7f1b69e21000-7f1b69e24000 r-xp 00000000 08:01 23071853                   /usr/lib/R/library/class/libs/class.so
7f1b69e24000-7f1b6a023000 ---p 00003000 08:01 23071853                   /usr/lib/R/library/class/libs/class.so
7f1b6a023000-7f1b6a024000 r--p 00002000 08:01 23071853                   /usr/lib/R/library/class/libs/class.so
7f1b6a024000-7f1b6a025000 rw-p 00003000 08:01 23071853                   /usr/lib/R/library/class/libs/class.so
7f1b6a025000-7f1b6a076000 r-xp 00000000 08:01 918028                     /usr/lib/R/library/readxl/libs/readxl.so
7f1b6a076000-7f1b6a276000 ---p 00051000 08:01 918028                     /usr/lib/R/library/readxl/libs/readxl.so
7f1b6a276000-7f1b6a277000 r--p 00051000 08:01 918028                     /usr/lib/R/library/readxl/libs/readxl.so
7f1b6a277000-7f1b6a279000 rw-p 00052000 08:01 918028                     /usr/lib/R/library/readxl/libs/readxl.so
7f1b6a279000-7f1b6a27a000 rw-p 00000000 00:00 0 
7f1b6a27a000-7f1b6a2db000 r-xp 00000000 08:01 790863                     /usr/lib/R/library/openxlsx/libs/openxlsx.so
7f1b6a2db000-7f1b6a4db000 ---p 00061000 08:01 790863                     /usr/lib/R/library/openxlsx/libs/openxlsx.so
7f1b6a4db000-7f1b6a4dc000 r--p 00061000 08:01 790863                     /usr/lib/R/library/openxlsx/libs/openxlsx.so
7f1b6a4dc000-7f1b6a4dd000 rw-p 00062000 08:01 790863                     /usr/lib/R/library/openxlsx/libs/openxlsx.so
7f1b6a4dd000-7f1b6a4de000 rw-p 00000000 00:00 0 
7f1b6a4de000-7f1b6a4f6000 r-xp 00000000 08:01 1450198                    /usr/local/lib/R/site-library/zip/libs/zip.so
7f1b6a4f6000-7f1b6a6f5000 ---p 00018000 08:01 1450198                    /usr/local/lib/R/site-library/zip/libs/zip.so
7f1b6a6f5000-7f1b6a6f6000 r--p 00017000 08:01 1450198                    /usr/local/lib/R/site-library/zip/libs/zip.so
7f1b6a6f6000-7f1b6a6f7000 rw-p 00018000 08:01 1450198                    /usr/local/lib/R/site-library/zip/libs/zip.so
7f1b6a6f7000-7f1b6a751000 r-xp 00000000 08:01 920231                     /usr/lib/R/library/haven/libs/haven.so
7f1b6a751000-7f1b6a951000 ---p 0005a000 08:01 920231                     /usr/lib/R/library/haven/libs/haven.so
7f1b6a951000-7f1b6a952000 r--p 0005a000 08:01 920231                     /usr/lib/R/library/haven/libs/haven.so
7f1b6a952000-7f1b6a954000 rw-p 0005b000 08:01 920231                     /usr/lib/R/library/haven/libs/haven.so
7f1b6a954000-7f1b6a955000 rw-p 00000000 00:00 0 
7f1b6a955000-7f1b6a957000 r-xp 00000000 08:01 25428868                   /usr/local/lib/R/site-library/tibble/libs/tibble.so
7f1b6a957000-7f1b6ab57000 ---p 00002000 08:01 25428868                   /usr/local/lib/R/site-library/tibble/libs/tibble.so
7f1b6ab57000-7f1b6ab58000 r--p 00002000 08:01 25428868                   /usr/local/lib/R/site-library/tibble/libs/tibble.so
7f1b6ab58000-7f1b6ab59000 rw-p 00003000 08:01 25428868                   /usr/local/lib/R/site-library/tibble/libs/tibble.so
7f1b6ab59000-7f1b6ab5a000 r-xp 00000000 08:01 23204182                   /usr/local/lib/R/site-library/backports/libs/backports.so
7f1b6ab5a000-7f1b6ad59000 ---p 00001000 08:01 23204182                   /usr/local/lib/R/site-library/backports/libs/backports.so
7f1b6ad59000-7f1b6ad5a000 r--p 00000000 08:01 23204182                   /usr/local/lib/R/site-library/backports/libs/backports.so
7f1b6ad5a000-7f1b6ad5b000 rw-p 00001000 08:01 23204182                   /usr/local/lib/R/site-library/backports/libs/backports.so
7f1b6ad5b000-7f1b6ad7a000 r-xp 00000000 08:01 25428572                   /usr/local/lib/R/site-library/vctrs/libs/vctrs.so
7f1b6ad7a000-7f1b6af7a000 ---p 0001f000 08:01 25428572                   /usr/local/lib/R/site-library/vctrs/libs/vctrs.so
7f1b6af7a000-7f1b6af7b000 r--p 0001f000 08:01 25428572                   /usr/local/lib/R/site-library/vctrs/libs/vctrs.so
7f1b6af7b000-7f1b6af7c000 rw-p 00020000 08:01 25428572                   /usr/local/lib/R/site-library/vctrs/libs/vctrs.so
7f1b6af7c000-7f1b6af94000 r-xp 00000000 08:01 23072979                   /usr/lib/R/library/foreign/libs/foreign.so
7f1b6af94000-7f1b6b193000 ---p 00018000 08:01 23072979                   /usr/lib/R/library/foreign/libs/foreign.so
7f1b6b193000-7f1b6b194000 r--p 00017000 08:01 23072979                   /usr/lib/R/library/foreign/libs/foreign.so
7f1b6b194000-7f1b6b195000 rw-p 00018000 08:01 23072979                   /usr/lib/R/library/foreign/libs/foreign.so
7f1b6b195000-7f1b6b1f5000 r-xp 00000000 08:01 23203171                   /usr/local/lib/R/site-library/data.table/libs/datatable.so
7f1b6b1f5000-7f1b6b3f5000 ---p 00060000 08:01 23203171                   /usr/local/lib/R/site-library/data.table/libs/datatable.so
7f1b6b3f5000-7f1b6b3f6000 r--p 00060000 08:01 23203171                   /usr/local/lib/R/site-library/data.table/libs/datatable.so
7f1b6b3f6000-7f1b6b3f7000 rw-p 00061000 08:01 23203171                   /usr/local/lib/R/site-library/data.table/libs/datatable.so
7f1b6b3f7000-7f1b6b3f8000 rw-p 00000000 00:00 0 
7f1b6b3f8000-7f1b6b401000 r-xp 00000000 08:01 12849816                   /lib/x86_64-linux-gnu/libcrypt-2.27.so
7f1b6b401000-7f1b6b600000 ---p 00009000 08:01 12849816                   /lib/x86_64-linux-gnu/libcrypt-2.27.so
7f1b6b600000-7f1b6b601000 r--p 00008000 08:01 12849816                   /lib/x86_64-linux-gnu/libcrypt-2.27.so
7f1b6b601000-7f1b6b602000 rw-p 00009000 08:01 12849816                   /lib/x86_64-linux-gnu/libcrypt-2.27.so
7f1b6b602000-7f1b6b630000 rw-p 00000000 00:00 0 
7f1b6b630000-7f1b6b734000 r-xp 00000000 08:01 22028373                   /usr/lib/x86_64-linux-gnu/libsqlite3.so.0.8.6
7f1b6b734000-7f1b6b933000 ---p 00104000 08:01 22028373                   /usr/lib/x86_64-linux-gnu/libsqlite3.so.0.8.6
7f1b6b933000-7f1b6b936000 r--p 00103000 08:01 22028373                   /usr/lib/x86_64-linux-gnu/libsqlite3.so.0.8.6
7f1b6b936000-7f1b6b938000 rw-p 00106000 08:01 22028373                   /usr/lib/x86_64-linux-gnu/libsqlite3.so.0.8.6
7f1b6b938000-7f1b6b939000 rw-p 00000000 00:00 0 
7f1b6b939000-7f1b6b97f000 r-xp 00000000 08:01 22028313                   /usr/lib/x86_64-linux-gnu/libhx509.so.5.0.0
7f1b6b97f000-7f1b6bb7e000 ---p 00046000 08:01 22028313                   /usr/lib/x86_64-linux-gnu/libhx509.so.5.0.0
7f1b6bb7e000-7f1b6bb81000 r--p 00045000 08:01 22028313                   /usr/lib/x86_64-linux-gnu/libhx509.so.5.0.0
7f1b6bb81000-7f1b6bb82000 rw-p 00048000 08:01 22028313                   /usr/lib/x86_64-linux-gnu/libhx509.so.5.0.0
7f1b6bb82000-7f1b6bb83000 rw-p 00000000 00:00 0 
7f1b6bb83000-7f1b6bb91000 r-xp 00000000 08:01 22028297                   /usr/lib/x86_64-linux-gnu/libheimbase.so.1.0.0
7f1b6bb91000-7f1b6bd90000 ---p 0000e000 08:01 22028297                   /usr/lib/x86_64-linux-gnu/libheimbase.so.1.0.0
7f1b6bd90000-7f1b6bd91000 r--p 0000d000 08:01 22028297                   /usr/lib/x86_64-linux-gnu/libheimbase.so.1.0.0
7f1b6bd91000-7f1b6bd92000 rw-p 0000e000 08:01 22028297                   /usr/lib/x86_64-linux-gnu/libheimbase.so.1.0.0
7f1b6bd92000-7f1b6bdba000 r-xp 00000000 08:01 22028853                   /usr/lib/x86_64-linux-gnu/libwind.so.0.0.0
7f1b6bdba000-7f1b6bfb9000 ---p 00028000 08:01 22028853                   /usr/lib/x86_64-linux-gnu/libwind.so.0.0.0
7f1b6bfb9000-7f1b6bfba000 r--p 00027000 08:01 22028853                   /usr/lib/x86_64-linux-gnu/libwind.so.0.0.0
7f1b6bfba000-7f1b6bfbb000 rw-p 00028000 08:01 22028853                   /usr/lib/x86_64-linux-gnu/libwind.so.0.0.0
7f1b6bfbb000-7f1b6bfd0000 r-xp 00000000 08:01 22028653                   /usr/lib/x86_64-linux-gnu/libroken.so.18.1.0
7f1b6bfd0000-7f1b6c1cf000 ---p 00015000 08:01 22028653                   /usr/lib/x86_64-linux-gnu/libroken.so.18.1.0
7f1b6c1cf000-7f1b6c1d0000 r--p 00014000 08:01 22028653                   /usr/lib/x86_64-linux-gnu/libroken.so.18.1.0
7f1b6c1d0000-7f1b6c1d1000 rw-p 00015000 08:01 22028653                   /usr/lib/x86_64-linux-gnu/libroken.so.18.1.0
7f1b6c1d1000-7f1b6c204000 r-xp 00000000 08:01 22028295                   /usr/lib/x86_64-linux-gnu/libhcrypto.so.4.1.0
7f1b6c204000-7f1b6c403000 ---p 00033000 08:01 22028295                   /usr/lib/x86_64-linux-gnu/libhcrypto.so.4.1.0
7f1b6c403000-7f1b6c405000 r--p 00032000 08:01 22028295                   /usr/lib/x86_64-linux-gnu/libhcrypto.so.4.1.0
7f1b6c405000-7f1b6c406000 rw-p 00034000 08:01 22028295                   /usr/lib/x86_64-linux-gnu/libhcrypto.so.4.1.0
7f1b6c406000-7f1b6c407000 rw-p 00000000 00:00 0 
7f1b6c407000-7f1b6c4a5000 r-xp 00000000 08:01 22027812                   /usr/lib/x86_64-linux-gnu/libasn1.so.8.0.0
7f1b6c4a5000-7f1b6c6a5000 ---p 0009e000 08:01 22027812                   /usr/lib/x86_64-linux-gnu/libasn1.so.8.0.0
7f1b6c6a5000-7f1b6c6a6000 r--p 0009e000 08:01 22027812                   /usr/lib/x86_64-linux-gnu/libasn1.so.8.0.0
7f1b6c6a6000-7f1b6c6a9000 rw-p 0009f000 08:01 22027812                   /usr/lib/x86_64-linux-gnu/libasn1.so.8.0.0
7f1b6c6a9000-7f1b6c730000 r-xp 00000000 08:01 22028398                   /usr/lib/x86_64-linux-gnu/libkrb5.so.26.0.0
7f1b6c730000-7f1b6c92f000 ---p 00087000 08:01 22028398                   /usr/lib/x86_64-linux-gnu/libkrb5.so.26.0.0
7f1b6c92f000-7f1b6c933000 r--p 00086000 08:01 22028398                   /usr/lib/x86_64-linux-gnu/libkrb5.so.26.0.0
7f1b6c933000-7f1b6c935000 rw-p 0008a000 08:01 22028398                   /usr/lib/x86_64-linux-gnu/libkrb5.so.26.0.0
7f1b6c935000-7f1b6c936000 rw-p 00000000 00:00 0 
7f1b6c936000-7f1b6c93e000 r-xp 00000000 08:01 22028299                   /usr/lib/x86_64-linux-gnu/libheimntlm.so.0.1.0
7f1b6c93e000-7f1b6cb3d000 ---p 00008000 08:01 22028299                   /usr/lib/x86_64-linux-gnu/libheimntlm.so.0.1.0
7f1b6cb3d000-7f1b6cb3e000 r--p 00007000 08:01 22028299                   /usr/lib/x86_64-linux-gnu/libheimntlm.so.0.1.0
7f1b6cb3e000-7f1b6cb3f000 rw-p 00008000 08:01 22028299                   /usr/lib/x86_64-linux-gnu/libheimntlm.so.0.1.0
7f1b6cb3f000-7f1b6cb42000 r-xp 00000000 08:01 12849860                   /lib/x86_64-linux-gnu/libkeyutils.so.1.5
7f1b6cb42000-7f1b6cd41000 ---p 00003000 08:01 12849860                   /lib/x86_64-linux-gnu/libkeyutils.so.1.5
7f1b6cd41000-7f1b6cd42000 r--p 00002000 08:01 12849860                   /lib/x86_64-linux-gnu/libkeyutils.so.1.5
7f1b6cd42000-7f1b6cd43000 rw-p 00003000 08:01 12849860                   /lib/x86_64-linux-gnu/libkeyutils.so.1.5
7f1b6cd43000-7f1b6cd54000 r-xp 00000000 08:01 22028741                   /usr/lib/x86_64-linux-gnu/libtasn1.so.6.5.5
7f1b6cd54000-7f1b6cf54000 ---p 00011000 08:01 22028741                   /usr/lib/x86_64-linux-gnu/libtasn1.so.6.5.5
7f1b6cf54000-7f1b6cf55000 r--p 00011000 08:01 22028741                   /usr/lib/x86_64-linux-gnu/libtasn1.so.6.5.5
7f1b6cf55000-7f1b6cf56000 rw-p 00012000 08:01 22028741                   /usr/lib/x86_64-linux-gnu/libtasn1.so.6.5.5
7f1b6cf56000-7f1b6d070000 r-xp 00000000 08:01 22028536                   /usr/lib/x86_64-linux-gnu/libp11-kit.so.0.3.0
7f1b6d070000-7f1b6d270000 ---p 0011a000 08:01 22028536                   /usr/lib/x86_64-linux-gnu/libp11-kit.so.0.3.0
7f1b6d270000-7f1b6d27a000 r--p 0011a000 08:01 22028536                   /usr/lib/x86_64-linux-gnu/libp11-kit.so.0.3.0
7f1b6d27a000-7f1b6d284000 rw-p 00124000 08:01 22028536                   /usr/lib/x86_64-linux-gnu/libp11-kit.so.0.3.0
7f1b6d284000-7f1b6d285000 rw-p 00000000 00:00 0 
7f1b6d285000-7f1b6d2c2000 r-xp 00000000 08:01 22028227                   /usr/lib/x86_64-linux-gnu/libgssapi.so.3.0.0
7f1b6d2c2000-7f1b6d4c2000 ---p 0003d000 08:01 22028227                   /usr/lib/x86_64-linux-gnu/libgssapi.so.3.0.0
7f1b6d4c2000-7f1b6d4c4000 r--p 0003d000 08:01 22028227                   /usr/lib/x86_64-linux-gnu/libgssapi.so.3.0.0
7f1b6d4c4000-7f1b6d4c6000 rw-p 0003f000 08:01 22028227                   /usr/lib/x86_64-linux-gnu/libgssapi.so.3.0.0
7f1b6d4c6000-7f1b6d4df000 r-xp 00000000 08:01 22028677                   /usr/lib/x86_64-linux-gnu/libsasl2.so.2.0.25
7f1b6d4df000-7f1b6d6df000 ---p 00019000 08:01 22028677                   /usr/lib/x86_64-linux-gnu/libsasl2.so.2.0.25
7f1b6d6df000-7f1b6d6e0000 r--p 00019000 08:01 22028677                   /usr/lib/x86_64-linux-gnu/libsasl2.so.2.0.25
7f1b6d6e0000-7f1b6d6e1000 rw-p 0001a000 08:01 22028677                   /usr/lib/x86_64-linux-gnu/libsasl2.so.2.0.25
7f1b6d6e1000-7f1b6d6f8000 r-xp 00000000 08:01 12849945                   /lib/x86_64-linux-gnu/libresolv-2.27.so
7f1b6d6f8000-7f1b6d8f8000 ---p 00017000 08:01 12849945                   /lib/x86_64-linux-gnu/libresolv-2.27.so
7f1b6d8f8000-7f1b6d8f9000 r--p 00017000 08:01 12849945                   /lib/x86_64-linux-gnu/libresolv-2.27.so
7f1b6d8f9000-7f1b6d8fa000 rw-p 00018000 08:01 12849945                   /lib/x86_64-linux-gnu/libresolv-2.27.so
7f1b6d8fa000-7f1b6d8fc000 rw-p 00000000 00:00 0 
7f1b6d8fc000-7f1b6d906000 r-xp 00000000 08:01 22022647                   /usr/lib/x86_64-linux-gnu/libkrb5support.so.0.1
7f1b6d906000-7f1b6db05000 ---p 0000a000 08:01 22022647                   /usr/lib/x86_64-linux-gnu/libkrb5support.so.0.1
7f1b6db05000-7f1b6db06000 r--p 00009000 08:01 22022647                   /usr/lib/x86_64-linux-gnu/libkrb5support.so.0.1
7f1b6db06000-7f1b6db07000 rw-p 0000a000 08:01 22022647                   /usr/lib/x86_64-linux-gnu/libkrb5support.so.0.1
7f1b6db07000-7f1b6db0a000 r-xp 00000000 08:01 12845253                   /lib/x86_64-linux-gnu/libcom_err.so.2.1
7f1b6db0a000-7f1b6dd09000 ---p 00003000 08:01 12845253                   /lib/x86_64-linux-gnu/libcom_err.so.2.1
7f1b6dd09000-7f1b6dd0a000 r--p 00002000 08:01 12845253                   /lib/x86_64-linux-gnu/libcom_err.so.2.1
7f1b6dd0a000-7f1b6dd0b000 rw-p 00003000 08:01 12845253                   /lib/x86_64-linux-gnu/libcom_err.so.2.1
7f1b6dd0b000-7f1b6dd39000 r-xp 00000000 08:01 22022262                   /usr/lib/x86_64-linux-gnu/libk5crypto.so.3.1
7f1b6dd39000-7f1b6df39000 ---p 0002e000 08:01 22022262                   /usr/lib/x86_64-linux-gnu/libk5crypto.so.3.1
7f1b6df39000-7f1b6df3b000 r--p 0002e000 08:01 22022262                   /usr/lib/x86_64-linux-gnu/libk5crypto.so.3.1
7f1b6df3b000-7f1b6df3c000 rw-p 00030000 08:01 22022262                   /usr/lib/x86_64-linux-gnu/libk5crypto.so.3.1
7f1b6df3c000-7f1b6df3d000 rw-p 00000000 00:00 0 
7f1b6df3d000-7f1b6e003000 r-xp 00000000 08:01 22022789                   /usr/lib/x86_64-linux-gnu/libkrb5.so.3.3
7f1b6e003000-7f1b6e203000 ---p 000c6000 08:01 22022789                   /usr/lib/x86_64-linux-gnu/libkrb5.so.3.3
7f1b6e203000-7f1b6e211000 r--p 000c6000 08:01 22022789                   /usr/lib/x86_64-linux-gnu/libkrb5.so.3.3
7f1b6e211000-7f1b6e213000 rw-p 000d4000 08:01 22022789                   /usr/lib/x86_64-linux-gnu/libkrb5.so.3.3
7f1b6e213000-7f1b6e292000 r-xp 00000000 08:01 22028174                   /usr/lib/x86_64-linux-gnu/libgmp.so.10.3.2
7f1b6e292000-7f1b6e492000 ---p 0007f000 08:01 22028174                   /usr/lib/x86_64-linux-gnu/libgmp.so.10.3.2
7f1b6e492000-7f1b6e493000 r--p 0007f000 08:01 22028174                   /usr/lib/x86_64-linux-gnu/libgmp.so.10.3.2
7f1b6e493000-7f1b6e494000 rw-p 00080000 08:01 22028174                   /usr/lib/x86_64-linux-gnu/libgmp.so.10.3.2
7f1b6e494000-7f1b6e4c8000 r-xp 00000000 08:01 22028498                   /usr/lib/x86_64-linux-gnu/libnettle.so.6.4
7f1b6e4c8000-7f1b6e6c7000 ---p 00034000 08:01 22028498                   /usr/lib/x86_64-linux-gnu/libnettle.so.6.4
7f1b6e6c7000-7f1b6e6c9000 r--p 00033000 08:01 22028498                   /usr/lib/x86_64-linux-gnu/libnettle.so.6.4
7f1b6e6c9000-7f1b6e6ca000 rw-p 00035000 08:01 22028498                   /usr/lib/x86_64-linux-gnu/libnettle.so.6.4
7f1b6e6ca000-7f1b6e6fd000 r-xp 00000000 08:01 22028301                   /usr/lib/x86_64-linux-gnu/libhogweed.so.4.4
7f1b6e6fd000-7f1b6e8fc000 ---p 00033000 08:01 22028301                   /usr/lib/x86_64-linux-gnu/libhogweed.so.4.4
7f1b6e8fc000-7f1b6e8fd000 r--p 00032000 08:01 22028301                   /usr/lib/x86_64-linux-gnu/libhogweed.so.4.4
7f1b6e8fd000-7f1b6e8fe000 rw-p 00033000 08:01 22028301                   /usr/lib/x86_64-linux-gnu/libhogweed.so.4.4
7f1b6e8fe000-7f1b6ea56000 r-xp 00000000 08:01 22022253                   /usr/lib/x86_64-linux-gnu/libgnutls.so.30.14.10
7f1b6ea56000-7f1b6ec55000 ---p 00158000 08:01 22022253                   /usr/lib/x86_64-linux-gnu/libgnutls.so.30.14.10
7f1b6ec55000-7f1b6ec61000 r--p 00157000 08:01 22022253                   /usr/lib/x86_64-linux-gnu/libgnutls.so.30.14.10
7f1b6ec61000-7f1b6ec62000 rw-p 00163000 08:01 22022253                   /usr/lib/x86_64-linux-gnu/libgnutls.so.30.14.10
7f1b6ec62000-7f1b6ec63000 rw-p 00000000 00:00 0 
7f1b6ec63000-7f1b6eddd000 r-xp 00000000 08:01 22020234                   /usr/lib/x86_64-linux-gnu/libunistring.so.2.1.0
7f1b6eddd000-7f1b6efdd000 ---p 0017a000 08:01 22020234                   /usr/lib/x86_64-linux-gnu/libunistring.so.2.1.0
7f1b6efdd000-7f1b6efe0000 r--p 0017a000 08:01 22020234                   /usr/lib/x86_64-linux-gnu/libunistring.so.2.1.0
7f1b6efe0000-7f1b6efe1000 rw-p 0017d000 08:01 22020234                   /usr/lib/x86_64-linux-gnu/libunistring.so.2.1.0
7f1b6efe1000-7f1b6efee000 r-xp 00000000 08:01 22020208                   /usr/lib/x86_64-linux-gnu/liblber-2.4.so.2.10.8
7f1b6efee000-7f1b6f1ed000 ---p 0000d000 08:01 22020208                   /usr/lib/x86_64-linux-gnu/liblber-2.4.so.2.10.8
7f1b6f1ed000-7f1b6f1ee000 r--p 0000c000 08:01 22020208                   /usr/lib/x86_64-linux-gnu/liblber-2.4.so.2.10.8
7f1b6f1ee000-7f1b6f1ef000 rw-p 0000d000 08:01 22020208                   /usr/lib/x86_64-linux-gnu/liblber-2.4.so.2.10.8
7f1b6f1ef000-7f1b6f23d000 r-xp 00000000 08:01 22020554                   /usr/lib/x86_64-linux-gnu/libldap_r-2.4.so.2.10.8
7f1b6f23d000-7f1b6f43c000 ---p 0004e000 08:01 22020554                   /usr/lib/x86_64-linux-gnu/libldap_r-2.4.so.2.10.8
7f1b6f43c000-7f1b6f43e000 r--p 0004d000 08:01 22020554                   /usr/lib/x86_64-linux-gnu/libldap_r-2.4.so.2.10.8
7f1b6f43e000-7f1b6f43f000 rw-p 0004f000 08:01 22020554                   /usr/lib/x86_64-linux-gnu/libldap_r-2.4.so.2.10.8
7f1b6f43f000-7f1b6f441000 rw-p 00000000 00:00 0 
7f1b6f441000-7f1b6f489000 r-xp 00000000 08:01 22022773                   /usr/lib/x86_64-linux-gnu/libgssapi_krb5.so.2.2
7f1b6f489000-7f1b6f688000 ---p 00048000 08:01 22022773                   /usr/lib/x86_64-linux-gnu/libgssapi_krb5.so.2.2
7f1b6f688000-7f1b6f68a000 r--p 00047000 08:01 22022773                   /usr/lib/x86_64-linux-gnu/libgssapi_krb5.so.2.2
7f1b6f68a000-7f1b6f68c000 rw-p 00049000 08:01 22022773                   /usr/lib/x86_64-linux-gnu/libgssapi_krb5.so.2.2
7f1b6f68c000-7f1b6f927000 r-xp 00000000 08:01 22021931                   /usr/lib/x86_64-linux-gnu/libcrypto.so.1.1
7f1b6f927000-7f1b6fb26000 ---p 0029b000 08:01 22021931                   /usr/lib/x86_64-linux-gnu/libcrypto.so.1.1
7f1b6fb26000-7f1b6fb52000 r--p 0029a000 08:01 22021931                   /usr/lib/x86_64-linux-gnu/libcrypto.so.1.1
7f1b6fb52000-7f1b6fb54000 rw-p 002c6000 08:01 22021931                   /usr/lib/x86_64-linux-gnu/libcrypto.so.1.1
7f1b6fb54000-7f1b6fb57000 rw-p 00000000 00:00 0 
7f1b6fb57000-7f1b6fbd7000 r-xp 00000000 08:01 22023064                   /usr/lib/x86_64-linux-gnu/libssl.so.1.1
7f1b6fbd7000-7f1b6fdd7000 ---p 00080000 08:01 22023064                   /usr/lib/x86_64-linux-gnu/libssl.so.1.1
7f1b6fdd7000-7f1b6fde0000 r--p 00080000 08:01 22023064                   /usr/lib/x86_64-linux-gnu/libssl.so.1.1
7f1b6fde0000-7f1b6fde4000 rw-p 00089000 08:01 22023064                   /usr/lib/x86_64-linux-gnu/libssl.so.1.1
7f1b6fde4000-7f1b6fdff000 r-xp 00000000 08:01 22028658                   /usr/lib/x86_64-linux-gnu/librtmp.so.1
7f1b6fdff000-7f1b6fffe000 ---p 0001b000 08:01 22028658                   /usr/lib/x86_64-linux-gnu/librtmp.so.1
7f1b6fffe000-7f1b6ffff000 r--p 0001a000 08:01 22028658                   /usr/lib/x86_64-linux-gnu/librtmp.so.1
7f1b6ffff000-7f1b70000000 rw-p 0001b000 08:01 22028658                   /usr/lib/x86_64-linux-gnu/librtmp.so.1
7f1b70000000-7f1b70065000 rw-p 00000000 00:00 0 
7f1b70065000-7f1b74000000 ---p 00000000 00:00 0 
7f1b74002000-7f1b7400f000 r-xp 00000000 08:01 22028600                   /usr/lib/x86_64-linux-gnu/libpsl.so.5.2.0
7f1b7400f000-7f1b7420e000 ---p 0000d000 08:01 22028600                   /usr/lib/x86_64-linux-gnu/libpsl.so.5.2.0
7f1b7420e000-7f1b7420f000 r--p 0000c000 08:01 22028600                   /usr/lib/x86_64-linux-gnu/libpsl.so.5.2.0
7f1b7420f000-7f1b74210000 rw-p 0000d000 08:01 22028600                   /usr/lib/x86_64-linux-gnu/libpsl.so.5.2.0
7f1b74210000-7f1b7422c000 r-xp 00000000 08:01 22020110                   /usr/lib/x86_64-linux-gnu/libidn2.so.0.3.3
7f1b7422c000-7f1b7442b000 ---p 0001c000 08:01 22020110                   /usr/lib/x86_64-linux-gnu/libidn2.so.0.3.3
7f1b7442b000-7f1b7442c000 r--p 0001b000 08:01 22020110                   /usr/lib/x86_64-linux-gnu/libidn2.so.0.3.3
7f1b7442c000-7f1b7442d000 rw-p 0001c000 08:01 22020110                   /usr/lib/x86_64-linux-gnu/libidn2.so.0.3.3
7f1b7442d000-7f1b74450000 r-xp 00000000 08:01 22028502                   /usr/lib/x86_64-linux-gnu/libnghttp2.so.14.15.2
7f1b74450000-7f1b7464f000 ---p 00023000 08:01 22028502                   /usr/lib/x86_64-linux-gnu/libnghttp2.so.14.15.2
7f1b7464f000-7f1b74650000 r--p 00022000 08:01 22028502                   /usr/lib/x86_64-linux-gnu/libnghttp2.so.14.15.2
7f1b74650000-7f1b74652000 rw-p 00023000 08:01 22028502                   /usr/lib/x86_64-linux-gnu/libnghttp2.so.14.15.2
7f1b74652000-7f1b746cd000 r-xp 00000000 08:01 22022855                   /usr/lib/x86_64-linux-gnu/libcurl.so.4.5.0
7f1b746cd000-7f1b748cd000 ---p 0007b000 08:01 22022855                   /usr/lib/x86_64-linux-gnu/libcurl.so.4.5.0
7f1b748cd000-7f1b748d0000 r--p 0007b000 08:01 22022855                   /usr/lib/x86_64-linux-gnu/libcurl.so.4.5.0
7f1b748d0000-7f1b748d1000 rw-p 0007e000 08:01 22022855                   /usr/lib/x86_64-linux-gnu/libcurl.so.4.5.0
7f1b748d1000-7f1b748db000 r-xp 00000000 08:01 787106                     /usr/lib/R/library/curl/libs/curl.so
7f1b748db000-7f1b74adb000 ---p 0000a000 08:01 787106                     /usr/lib/R/library/curl/libs/curl.so
7f1b74adb000-7f1b74adc000 r--p 0000a000 08:01 787106                     /usr/lib/R/library/curl/libs/curl.so
7f1b74adc000-7f1b74add000 rw-p 0000b000 08:01 787106                     /usr/lib/R/library/curl/libs/curl.so
7f1b74add000-7f1b74af0000 r-xp 00000000 08:01 12849802                   /lib/x86_64-linux-gnu/libbsd.so.0.8.7
7f1b74af0000-7f1b74cef000 ---p 00013000 08:01 12849802                   /lib/x86_64-linux-gnu/libbsd.so.0.8.7
7f1b74cef000-7f1b74cf0000 r--p 00012000 08:01 12849802                   /lib/x86_64-linux-gnu/libbsd.so.0.8.7
7f1b74cf0000-7f1b74cf1000 rw-p 00013000 08:01 12849802                   /lib/x86_64-linux-gnu/libbsd.so.0.8.7
7f1b74cf1000-7f1b74cf2000 rw-p 00000000 00:00 0 
7f1b74cf2000-7f1b74d1d000 r-xp 00000000 08:01 22028215                   /usr/lib/x86_64-linux-gnu/libgraphite2.so.3.0.1
7f1b74d1d000-7f1b74f1c000 ---p 0002b000 08:01 22028215                   /usr/lib/x86_64-linux-gnu/libgraphite2.so.3.0.1
7f1b74f1c000-7f1b74f1e000 r--p 0002a000 08:01 22028215                   /usr/lib/x86_64-linux-gnu/libgraphite2.so.3.0.1
7f1b74f1e000-7f1b74f1f000 rw-p 0002c000 08:01 22028215                   /usr/lib/x86_64-linux-gnu/libgraphite2.so.3.0.1
7f1b74f1f000-7f1b74f24000 r-xp 00000000 08:01 22027749                   /usr/lib/x86_64-linux-gnu/libXdmcp.so.6.0.0
7f1b74f24000-7f1b75123000 ---p 00005000 08:01 22027749                   /usr/lib/x86_64-linux-gnu/libXdmcp.so.6.0.0
7f1b75123000-7f1b75124000 r--p 00004000 08:01 22027749                   /usr/lib/x86_64-linux-gnu/libXdmcp.so.6.0.0
7f1b75124000-7f1b75125000 rw-p 00005000 08:01 22027749                   /usr/lib/x86_64-linux-gnu/libXdmcp.so.6.0.0
7f1b75125000-7f1b75127000 r-xp 00000000 08:01 22027738                   /usr/lib/x86_64-linux-gnu/libXau.so.6.0.0
7f1b75127000-7f1b75327000 ---p 00002000 08:01 22027738                   /usr/lib/x86_64-linux-gnu/libXau.so.6.0.0
7f1b75327000-7f1b75328000 r--p 00002000 08:01 22027738                   /usr/lib/x86_64-linux-gnu/libXau.so.6.0.0
7f1b75328000-7f1b75329000 rw-p 00003000 08:01 22027738                   /usr/lib/x86_64-linux-gnu/libXau.so.6.0.0
7f1b75329000-7f1b7532f000 r-xp 00000000 08:01 22027962                   /usr/lib/x86_64-linux-gnu/libdatrie.so.1.3.3
7f1b7532f000-7f1b7552e000 ---p 00006000 08:01 22027962                   /usr/lib/x86_64-linux-gnu/libdatrie.so.1.3.3
7f1b7552e000-7f1b7552f000 r--p 00005000 08:01 22027962                   /usr/lib/x86_64-linux-gnu/libdatrie.so.1.3.3
7f1b7552f000-7f1b75530000 rw-p 00006000 08:01 22027962                   /usr/lib/x86_64-linux-gnu/libdatrie.so.1.3.3
7f1b75530000-7f1b755cc000 r-xp 00000000 08:01 22028293                   /usr/lib/x86_64-linux-gnu/libharfbuzz.so.0.10702.0
7f1b755cc000-7f1b757cc000 ---p 0009c000 08:01 22028293                   /usr/lib/x86_64-linux-gnu/libharfbuzz.so.0.10702.0
7f1b757cc000-7f1b757cd000 r--p 0009c000 08:01 22028293                   /usr/lib/x86_64-linux-gnu/libharfbuzz.so.0.10702.0
7f1b757cd000-7f1b757ce000 rw-p 0009d000 08:01 22028293                   /usr/lib/x86_64-linux-gnu/libharfbuzz.so.0.10702.0
7f1b757ce000-7f1b757fd000 r-xp 00000000 08:01 12845249                   /lib/x86_64-linux-gnu/libexpat.so.1.6.7
7f1b757fd000-7f1b759fd000 ---p 0002f000 08:01 12845249                   /lib/x86_64-linux-gnu/libexpat.so.1.6.7
7f1b759fd000-7f1b759ff000 r--p 0002f000 08:01 12845249                   /lib/x86_64-linux-gnu/libexpat.so.1.6.7
7f1b759ff000-7f1b75a00000 rw-p 00031000 08:01 12845249                   /lib/x86_64-linux-gnu/libexpat.so.1.6.7
7f1b75a00000-7f1b75a11000 r-xp 00000000 08:01 22027751                   /usr/lib/x86_64-linux-gnu/libXext.so.6.4.0
7f1b75a11000-7f1b75c10000 ---p 00011000 08:01 22027751                   /usr/lib/x86_64-linux-gnu/libXext.so.6.4.0
7f1b75c10000-7f1b75c11000 r--p 00010000 08:01 22027751                   /usr/lib/x86_64-linux-gnu/libXext.so.6.4.0
7f1b75c11000-7f1b75c12000 rw-p 00011000 08:01 22027751                   /usr/lib/x86_64-linux-gnu/libXext.so.6.4.0
7f1b75c12000-7f1b75d45000 r-xp 00000000 08:01 22021204                   /usr/lib/x86_64-linux-gnu/libX11.so.6.3.0
7f1b75d45000-7f1b75f45000 ---p 00133000 08:01 22021204                   /usr/lib/x86_64-linux-gnu/libX11.so.6.3.0
7f1b75f45000-7f1b75f46000 r--p 00133000 08:01 22021204                   /usr/lib/x86_64-linux-gnu/libX11.so.6.3.0
7f1b75f46000-7f1b75f4a000 rw-p 00134000 08:01 22021204                   /usr/lib/x86_64-linux-gnu/libX11.so.6.3.0
7f1b75f4a000-7f1b75f53000 r-xp 00000000 08:01 22027771                   /usr/lib/x86_64-linux-gnu/libXrender.so.1.3.0
7f1b75f53000-7f1b76152000 ---p 00009000 08:01 22027771                   /usr/lib/x86_64-linux-gnu/libXrender.so.1.3.0
7f1b76152000-7f1b76153000 r--p 00008000 08:01 22027771                   /usr/lib/x86_64-linux-gnu/libXrender.so.1.3.0
7f1b76153000-7f1b76154000 rw-p 00009000 08:01 22027771                   /usr/lib/x86_64-linux-gnu/libXrender.so.1.3.0
7f1b76154000-7f1b76160000 r-xp 00000000 08:01 22028543                   /usr/lib/x86_64-linux-gnu/libxcb-render.so.0.0.0
7f1b76160000-7f1b7635f000 ---p 0000c000 08:01 22028543                   /usr/lib/x86_64-linux-gnu/libxcb-render.so.0.0.0
7f1b7635f000-7f1b76360000 r--p 0000b000 08:01 22028543                   /usr/lib/x86_64-linux-gnu/libxcb-render.so.0.0.0
7f1b76360000-7f1b76361000 rw-p 0000c000 08:01 22028543                   /usr/lib/x86_64-linux-gnu/libxcb-render.so.0.0.0
7f1b76361000-7f1b76387000 r-xp 00000000 08:01 22020963                   /usr/lib/x86_64-linux-gnu/libxcb.so.1.1.0
7f1b76387000-7f1b76587000 ---p 00026000 08:01 22020963                   /usr/lib/x86_64-linux-gnu/libxcb.so.1.1.0
7f1b76587000-7f1b76588000 r--p 00026000 08:01 22020963                   /usr/lib/x86_64-linux-gnu/libxcb.so.1.1.0
7f1b76588000-7f1b76589000 rw-p 00027000 08:01 22020963                   /usr/lib/x86_64-linux-gnu/libxcb.so.1.1.0
7f1b76589000-7f1b7658b000 r-xp 00000000 08:01 22028884                   /usr/lib/x86_64-linux-gnu/libxcb-shm.so.0.0.0
7f1b7658b000-7f1b7678a000 ---p 00002000 08:01 22028884                   /usr/lib/x86_64-linux-gnu/libxcb-shm.so.0.0.0
7f1b7678a000-7f1b7678b000 r--p 00001000 08:01 22028884                   /usr/lib/x86_64-linux-gnu/libxcb-shm.so.0.0.0
7f1b7678b000-7f1b7678c000 rw-p 00002000 08:01 22028884                   /usr/lib/x86_64-linux-gnu/libxcb-shm.so.0.0.0
7f1b7678c000-7f1b76798000 r-xp 00000000 08:01 22940210                   /usr/lib/R/library/utils/libs/utils.so
7f1b76798000-7f1b76997000 ---p 0000c000 08:01 22940210                   /usr/lib/R/library/utils/libs/utils.so
7f1b76997000-7f1b76998000 r--p 0000b000 08:01 22940210                   /usr/lib/R/library/utils/libs/utils.so
7f1b76998000-7f1b76999000 rw-p 0000c000 08:01 22940210                   /usr/lib/R/library/utils/libs/utils.so
7f1b76999000-7f1b7699a000 rw-p 00000000 00:00 0 
7f1b769a3000-7f1b76aa3000 ---p 00000000 00:00 0 
7f1b76aa3000-7f1b76b40000 r-xp 00000000 08:01 22028576                   /usr/lib/x86_64-linux-gnu/libpixman-1.so.0.34.0
7f1b76b40000-7f1b76d3f000 ---p 0009d000 08:01 22028576                   /usr/lib/x86_64-linux-gnu/libpixman-1.so.0.34.0
7f1b76d3f000-7f1b76d47000 r--p 0009c000 08:01 22028576                   /usr/lib/x86_64-linux-gnu/libpixman-1.so.0.34.0
7f1b76d47000-7f1b76d48000 rw-p 000a4000 08:01 22028576                   /usr/lib/x86_64-linux-gnu/libpixman-1.so.0.34.0
7f1b76d48000-7f1b76e2a000 rw-p 00000000 00:00 0 
7f1b76ef6000-7f1b77036000 rw-p 00000000 00:00 0 
7f1b77036000-7f1b7703e000 r-xp 00000000 08:01 22938257                   /usr/lib/R/library/methods/libs/methods.so
7f1b7703e000-7f1b7723e000 ---p 00008000 08:01 22938257                   /usr/lib/R/library/methods/libs/methods.so
7f1b7723e000-7f1b7723f000 r--p 00008000 08:01 22938257                   /usr/lib/R/library/methods/libs/methods.so
7f1b7723f000-7f1b77240000 rw-p 00009000 08:01 22938257                   /usr/lib/R/library/methods/libs/methods.so
7f1b7726f000-7f1b77679000 rw-p 00000000 00:00 0 
7f1b77679000-7f1b79679000 rw-p 00000000 00:00 0 
7f1b79679000-7f1b7b679000 rw-p 00000000 00:00 0 
7f1b7b679000-7f1b7c048000 r--p 00000000 08:01 22026757                   /usr/lib/locale/locale-archive
7f1b7c048000-7f1b86048000 rw-p 00000000 00:00 0 
7f1b86048000-7f1b86049000 ---p 00000000 00:00 0 
7f1b86049000-7f1b86849000 rw-p 00000000 00:00 0 
7f1b86849000-7f1b8684a000 ---p 00000000 00:00 0 
7f1b8684a000-7f1b8704a000 rw-p 00000000 00:00 0 
7f1b8704a000-7f1b8704b000 ---p 00000000 00:00 0 
7f1b8704b000-7f1b8784b000 rw-p 00000000 00:00 0 
7f1b8784b000-7f1b8784c000 ---p 00000000 00:00 0 
7f1b8784c000-7f1b8804c000 rw-p 00000000 00:00 0 
7f1b8804c000-7f1b8c04c000 rw-p 00000000 00:00 0 
7f1b8c0a6000-7f1b8c1a6000 ---p 00000000 00:00 0 
7f1b8c1a6000-7f1b8c1ad000 r-xp 00000000 08:01 22028076                   /usr/lib/x86_64-linux-gnu/libffi.so.6.0.4
7f1b8c1ad000-7f1b8c3ac000 ---p 00007000 08:01 22028076                   /usr/lib/x86_64-linux-gnu/libffi.so.6.0.4
7f1b8c3ac000-7f1b8c3ad000 r--p 00006000 08:01 22028076                   /usr/lib/x86_64-linux-gnu/libffi.so.6.0.4
7f1b8c3ad000-7f1b8c3ae000 rw-p 00007000 08:01 22028076                   /usr/lib/x86_64-linux-gnu/libffi.so.6.0.4
7f1b8c3ae000-7f1b8c3b6000 r-xp 00000000 08:01 22028751                   /usr/lib/x86_64-linux-gnu/libthai.so.0.3.0
7f1b8c3b6000-7f1b8c5b5000 ---p 00008000 08:01 22028751                   /usr/lib/x86_64-linux-gnu/libthai.so.0.3.0
7f1b8c5b5000-7f1b8c5b6000 r--p 00007000 08:01 22028751                   /usr/lib/x86_64-linux-gnu/libthai.so.0.3.0
7f1b8c5b6000-7f1b8c5b7000 rw-p 00008000 08:01 22028751                   /usr/lib/x86_64-linux-gnu/libthai.so.0.3.0
7f1b8c5b7000-7f1b8c664000 r-xp 00000000 08:01 22028106                   /usr/lib/x86_64-linux-gnu/libfreetype.so.6.15.0
7f1b8c664000-7f1b8c863000 ---p 000ad000 08:01 22028106                   /usr/lib/x86_64-linux-gnu/libfreetype.so.6.15.0
7f1b8c863000-7f1b8c86a000 r--p 000ac000 08:01 22028106                   /usr/lib/x86_64-linux-gnu/libfreetype.so.6.15.0
7f1b8c86a000-7f1b8c86b000 rw-p 000b3000 08:01 22028106                   /usr/lib/x86_64-linux-gnu/libfreetype.so.6.15.0
7f1b8c86b000-7f1b8c87f000 r-xp 00000000 08:01 22027884                   /usr/lib/x86_64-linux-gnu/libpangoft2-1.0.so.0.4000.14
7f1b8c87f000-7f1b8ca7f000 ---p 00014000 08:01 22027884                   /usr/lib/x86_64-linux-gnu/libpangoft2-1.0.so.0.4000.14
7f1b8ca7f000-7f1b8ca80000 r--p 00014000 08:01 22027884                   /usr/lib/x86_64-linux-gnu/libpangoft2-1.0.so.0.4000.14
7f1b8ca80000-7f1b8ca81000 rw-p 00015000 08:01 22027884                   /usr/lib/x86_64-linux-gnu/libpangoft2-1.0.so.0.4000.14
7f1b8ca81000-7f1b8cabf000 r-xp 00000000 08:01 22028090                   /usr/lib/x86_64-linux-gnu/libfontconfig.so.1.10.1
7f1b8cabf000-7f1b8ccbf000 ---p 0003e000 08:01 22028090                   /usr/lib/x86_64-linux-gnu/libfontconfig.so.1.10.1
7f1b8ccbf000-7f1b8ccc1000 r--p 0003e000 08:01 22028090                   /usr/lib/x86_64-linux-gnu/libfontconfig.so.1.10.1
7f1b8ccc1000-7f1b8ccc6000 rw-p 00040000 08:01 22028090                   /usr/lib/x86_64-linux-gnu/libfontconfig.so.1.10.1
7f1b8ccc6000-7f1b8cdda000 r-xp 00000000 08:01 22020437                   /usr/lib/x86_64-linux-gnu/libglib-2.0.so.0.5600.4
7f1b8cdda000-7f1b8cfda000 ---p 00114000 08:01 22020437                   /usr/lib/x86_64-linux-gnu/libglib-2.0.so.0.5600.4
7f1b8cfda000-7f1b8cfdb000 r--p 00114000 08:01 22020437                   /usr/lib/x86_64-linux-gnu/libglib-2.0.so.0.5600.4
7f1b8cfdb000-7f1b8cfdc000 rw-p 00115000 08:01 22020437                   /usr/lib/x86_64-linux-gnu/libglib-2.0.so.0.5600.4
7f1b8cfdc000-7f1b8cfdd000 rw-p 00000000 00:00 0 
7f1b8cfdd000-7f1b8cfe8000 r-xp 00000000 08:01 22028386                   /usr/lib/x86_64-linux-gnu/libjbig.so.0
7f1b8cfe8000-7f1b8d1e7000 ---p 0000b000 08:01 22028386                   /usr/lib/x86_64-linux-gnu/libjbig.so.0
7f1b8d1e7000-7f1b8d1e8000 r--p 0000a000 08:01 22028386                   /usr/lib/x86_64-linux-gnu/libjbig.so.0
7f1b8d1e8000-7f1b8d1eb000 rw-p 0000b000 08:01 22028386                   /usr/lib/x86_64-linux-gnu/libjbig.so.0
7f1b8d1eb000-7f1b8d303000 r-xp 00000000 08:01 22028890                   /usr/lib/x86_64-linux-gnu/libcairo.so.2.11510.0
7f1b8d303000-7f1b8d502000 ---p 00118000 08:01 22028890                   /usr/lib/x86_64-linux-gnu/libcairo.so.2.11510.0
7f1b8d502000-7f1b8d505000 r--p 00117000 08:01 22028890                   /usr/lib/x86_64-linux-gnu/libcairo.so.2.11510.0
7f1b8d505000-7f1b8d507000 rw-p 0011a000 08:01 22028890                   /usr/lib/x86_64-linux-gnu/libcairo.so.2.11510.0
7f1b8d507000-7f1b8d508000 rw-p 00000000 00:00 0 
7f1b8d508000-7f1b8d55a000 r-xp 00000000 08:01 22020461                   /usr/lib/x86_64-linux-gnu/libgobject-2.0.so.0.5600.4
7f1b8d55a000-7f1b8d75a000 ---p 00052000 08:01 22020461                   /usr/lib/x86_64-linux-gnu/libgobject-2.0.so.0.5600.4
7f1b8d75a000-7f1b8d75b000 r--p 00052000 08:01 22020461                   /usr/lib/x86_64-linux-gnu/libgobject-2.0.so.0.5600.4
7f1b8d75b000-7f1b8d75c000 rw-p 00053000 08:01 22020461                   /usr/lib/x86_64-linux-gnu/libgobject-2.0.so.0.5600.4
7f1b8d75c000-7f1b8d7a6000 r-xp 00000000 08:01 22030881                   /usr/lib/x86_64-linux-gnu/libpango-1.0.so.0.4000.14
7f1b8d7a6000-7f1b8d9a5000 ---p 0004a000 08:01 22030881                   /usr/lib/x86_64-linux-gnu/libpango-1.0.so.0.4000.14
7f1b8d9a5000-7f1b8d9a8000 r--p 00049000 08:01 22030881                   /usr/lib/x86_64-linux-gnu/libpango-1.0.so.0.4000.14
7f1b8d9a8000-7f1b8d9a9000 rw-p 0004c000 08:01 22030881                   /usr/lib/x86_64-linux-gnu/libpango-1.0.so.0.4000.14
7f1b8d9a9000-7f1b8d9b5000 r-xp 00000000 08:01 22028547                   /usr/lib/x86_64-linux-gnu/libpangocairo-1.0.so.0.4000.14
7f1b8d9b5000-7f1b8dbb4000 ---p 0000c000 08:01 22028547                   /usr/lib/x86_64-linux-gnu/libpangocairo-1.0.so.0.4000.14
7f1b8dbb4000-7f1b8dbb5000 r--p 0000b000 08:01 22028547                   /usr/lib/x86_64-linux-gnu/libpangocairo-1.0.so.0.4000.14
7f1b8dbb5000-7f1b8dbb6000 rw-p 0000c000 08:01 22028547                   /usr/lib/x86_64-linux-gnu/libpangocairo-1.0.so.0.4000.14
7f1b8dbb6000-7f1b8dbe7000 r-xp 00000000 08:01 22023387                   /usr/lib/x86_64-linux-gnu/libpng16.so.16.34.0
7f1b8dbe7000-7f1b8dde6000 ---p 00031000 08:01 22023387                   /usr/lib/x86_64-linux-gnu/libpng16.so.16.34.0
7f1b8dde6000-7f1b8dde7000 r--p 00030000 08:01 22023387                   /usr/lib/x86_64-linux-gnu/libpng16.so.16.34.0
7f1b8dde7000-7f1b8dde8000 rw-p 00031000 08:01 22023387                   /usr/lib/x86_64-linux-gnu/libpng16.so.16.34.0
7f1b8dde8000-7f1b8de4f000 r-xp 00000000 08:01 22023009                   /usr/lib/x86_64-linux-gnu/libjpeg.so.8.1.2
7f1b8de4f000-7f1b8e04e000 ---p 00067000 08:01 22023009                   /usr/lib/x86_64-linux-gnu/libjpeg.so.8.1.2
7f1b8e04e000-7f1b8e04f000 r--p 00066000 08:01 22023009                   /usr/lib/x86_64-linux-gnu/libjpeg.so.8.1.2
7f1b8e04f000-7f1b8e050000 rw-p 00067000 08:01 22023009                   /usr/lib/x86_64-linux-gnu/libjpeg.so.8.1.2
7f1b8e050000-7f1b90050000 rw-p 00000000 00:00 0 
7f1b90068000-7f1b90168000 ---p 00000000 00:00 0 
7f1b90168000-7f1b901db000 r-xp 00000000 08:01 22022060                   /usr/lib/x86_64-linux-gnu/libtiff.so.5.3.0
7f1b901db000-7f1b903da000 ---p 00073000 08:01 22022060                   /usr/lib/x86_64-linux-gnu/libtiff.so.5.3.0
7f1b903da000-7f1b903de000 r--p 00072000 08:01 22022060                   /usr/lib/x86_64-linux-gnu/libtiff.so.5.3.0
7f1b903de000-7f1b903df000 rw-p 00076000 08:01 22022060                   /usr/lib/x86_64-linux-gnu/libtiff.so.5.3.0
7f1b903df000-7f1b903e8000 r-xp 00000000 08:01 22809168                   /usr/lib/R/library/grDevices/libs/cairo.so
7f1b903e8000-7f1b905e7000 ---p 00009000 08:01 22809168                   /usr/lib/R/library/grDevices/libs/cairo.so
7f1b905e7000-7f1b905e8000 r--p 00008000 08:01 22809168                   /usr/lib/R/library/grDevices/libs/cairo.so
7f1b905e8000-7f1b905e9000 rw-p 00009000 08:01 22809168                   /usr/lib/R/library/grDevices/libs/cairo.so
7f1b905e9000-7f1b905ef000 r-xp 00000000 08:01 2885346                    /usr/lib/R/library/pbdZMQ/libs/pbdZMQ.so
7f1b905ef000-7f1b907ee000 ---p 00006000 08:01 2885346                    /usr/lib/R/library/pbdZMQ/libs/pbdZMQ.so
7f1b907ee000-7f1b907ef000 r--p 00005000 08:01 2885346                    /usr/lib/R/library/pbdZMQ/libs/pbdZMQ.so
7f1b907ef000-7f1b907f0000 rw-p 00006000 08:01 2885346                    /usr/lib/R/library/pbdZMQ/libs/pbdZMQ.so
7f1b907f0000-7f1b90851000 rw-p 00000000 00:00 0 
7f1b90851000-7f1b92851000 rw-p 00000000 00:00 0 
7f1b928a8000-7f1b928a9000 ---p 00000000 00:00 0 
7f1b928a9000-7f1b929aa000 rw-p 00000000 00:00 0 
7f1b929aa000-7f1b92a20000 r-xp 00000000 08:01 2885347                    /usr/lib/R/library/pbdZMQ/libs/libzmq.so
7f1b92a20000-7f1b92c20000 ---p 00076000 08:01 2885347                    /usr/lib/R/library/pbdZMQ/libs/libzmq.so
7f1b92c20000-7f1b92c25000 r--p 00076000 08:01 2885347                    /usr/lib/R/library/pbdZMQ/libs/libzmq.so
7f1b92c25000-7f1b92c26000 rw-p 0007b000 08:01 2885347                    /usr/lib/R/library/pbdZMQ/libs/libzmq.so
7f1b92c26000-7f1b92c31000 r-xp 00000000 08:01 12849896                   /lib/x86_64-linux-gnu/libnss_files-2.27.so
7f1b92c31000-7f1b92e30000 ---p 0000b000 08:01 12849896                   /lib/x86_64-linux-gnu/libnss_files-2.27.so
7f1b92e30000-7f1b92e31000 r--p 0000a000 08:01 12849896                   /lib/x86_64-linux-gnu/libnss_files-2.27.so
7f1b92e31000-7f1b92e32000 rw-p 0000b000 08:01 12849896                   /lib/x86_64-linux-gnu/libnss_files-2.27.so
7f1b92e32000-7f1b92e38000 rw-p 00000000 00:00 0 
7f1b92e38000-7f1b92e4f000 r-xp 00000000 08:01 12849890                   /lib/x86_64-linux-gnu/libnsl-2.27.so
7f1b92e4f000-7f1b9304e000 ---p 00017000 08:01 12849890                   /lib/x86_64-linux-gnu/libnsl-2.27.so
7f1b9304e000-7f1b9304f000 r--p 00016000 08:01 12849890                   /lib/x86_64-linux-gnu/libnsl-2.27.so
7f1b9304f000-7f1b93050000 rw-p 00017000 08:01 12849890                   /lib/x86_64-linux-gnu/libnsl-2.27.so
7f1b93050000-7f1b93052000 rw-p 00000000 00:00 0 
7f1b93052000-7f1b95052000 rw-p 00000000 00:00 0 
7f1b9513d000-7f1b95142000 rw-p 00000000 00:00 0 
7f1b95142000-7f1b95226000 ---p 00000000 00:00 0 
7f1b95226000-7f1b95231000 r-xp 00000000 08:01 12849907                   /lib/x86_64-linux-gnu/libnss_nis-2.27.so
7f1b95231000-7f1b95430000 ---p 0000b000 08:01 12849907                   /lib/x86_64-linux-gnu/libnss_nis-2.27.so
7f1b95430000-7f1b95431000 r--p 0000a000 08:01 12849907                   /lib/x86_64-linux-gnu/libnss_nis-2.27.so
7f1b95431000-7f1b95432000 rw-p 0000b000 08:01 12849907                   /lib/x86_64-linux-gnu/libnss_nis-2.27.so
7f1b95432000-7f1b9543a000 r-xp 00000000 08:01 12849892                   /lib/x86_64-linux-gnu/libnss_compat-2.27.so
7f1b9543a000-7f1b9563a000 ---p 00008000 08:01 12849892                   /lib/x86_64-linux-gnu/libnss_compat-2.27.so
7f1b9563a000-7f1b9563b000 r--p 00008000 08:01 12849892                   /lib/x86_64-linux-gnu/libnss_compat-2.27.so
7f1b9563b000-7f1b9563c000 rw-p 00009000 08:01 12849892                   /lib/x86_64-linux-gnu/libnss_compat-2.27.so
7f1b9563c000-7f1b95651000 r-xp 00000000 08:01 22939767                   /usr/lib/R/library/tools/libs/tools.so
7f1b95651000-7f1b95851000 ---p 00015000 08:01 22939767                   /usr/lib/R/library/tools/libs/tools.so
7f1b95851000-7f1b95852000 r--p 00015000 08:01 22939767                   /usr/lib/R/library/tools/libs/tools.so
7f1b95852000-7f1b95853000 rw-p 00016000 08:01 22939767                   /usr/lib/R/library/tools/libs/tools.so
7f1b95853000-7f1b97853000 rw-p 00000000 00:00 0 
7f1b978d6000-7f1b978db000 rw-p 00000000 00:00 0 
7f1b978db000-7f1b979bf000 ---p 00000000 00:00 0 
7f1b979bf000-7f1b979dd000 r-xp 00000000 08:01 25298415                   /usr/local/lib/R/site-library/rlang/libs/rlang.so
7f1b979dd000-7f1b97bdc000 ---p 0001e000 08:01 25298415                   /usr/local/lib/R/site-library/rlang/libs/rlang.so
7f1b97bdc000-7f1b97bde000 r--p 0001d000 08:01 25298415                   /usr/local/lib/R/site-library/rlang/libs/rlang.so
7f1b97bde000-7f1b97bdf000 rw-p 0001f000 08:01 25298415                   /usr/local/lib/R/site-library/rlang/libs/rlang.so
7f1b97bdf000-7f1b97bed000 r-xp 00000000 08:01 787458                     /usr/lib/R/library/jsonlite/libs/jsonlite.so
7f1b97bed000-7f1b97ded000 ---p 0000e000 08:01 787458                     /usr/lib/R/library/jsonlite/libs/jsonlite.so
7f1b97ded000-7f1b97dee000 r--p 0000e000 08:01 787458                     /usr/lib/R/library/jsonlite/libs/jsonlite.so
7f1b97dee000-7f1b97def000 rw-p 0000f000 08:01 787458                     /usr/lib/R/library/jsonlite/libs/jsonlite.so
7f1b97def000-7f1b97e4a000 r-xp 00000000 08:01 25298538                   /usr/local/lib/R/site-library/Rcpp/libs/Rcpp.so
7f1b97e4a000-7f1b9804a000 ---p 0005b000 08:01 25298538                   /usr/local/lib/R/site-library/Rcpp/libs/Rcpp.so
7f1b9804a000-7f1b9804b000 r--p 0005b000 08:01 25298538                   /usr/local/lib/R/site-library/Rcpp/libs/Rcpp.so
7f1b9804b000-7f1b9804c000 rw-p 0005c000 08:01 25298538                   /usr/local/lib/R/site-library/Rcpp/libs/Rcpp.so
7f1b9804c000-7f1b98054000 rw-p 00000000 00:00 0 
7f1b98054000-7f1b9c054000 rw-p 00000000 00:00 0 
7f1b9c066000-7f1b9c075000 r-xp 00000000 08:01 787285                     /usr/lib/R/library/htmltools/libs/htmltools.so
7f1b9c075000-7f1b9c274000 ---p 0000f000 08:01 787285                     /usr/lib/R/library/htmltools/libs/htmltools.so
7f1b9c274000-7f1b9c275000 r--p 0000e000 08:01 787285                     /usr/lib/R/library/htmltools/libs/htmltools.so
7f1b9c275000-7f1b9c276000 rw-p 0000f000 08:01 787285                     /usr/lib/R/library/htmltools/libs/htmltools.so
7f1b9c276000-7f1b9c279000 r-xp 00000000 08:01 921563                     /usr/lib/R/library/base64enc/libs/base64enc.so
7f1b9c279000-7f1b9c478000 ---p 00003000 08:01 921563                     /usr/lib/R/library/base64enc/libs/base64enc.so
7f1b9c478000-7f1b9c479000 r--p 00002000 08:01 921563                     /usr/lib/R/library/base64enc/libs/base64enc.so
7f1b9c479000-7f1b9c47a000 rw-p 00003000 08:01 921563                     /usr/lib/R/library/base64enc/libs/base64enc.so
7f1b9c47a000-7f1b9c47c000 rw-p 00000000 00:00 0 
7f1b9c47c000-7f1b9c47f000 r-xp 00000000 08:01 2885417                    /usr/lib/R/library/uuid/libs/uuid.so
7f1b9c47f000-7f1b9c67e000 ---p 00003000 08:01 2885417                    /usr/lib/R/library/uuid/libs/uuid.so
7f1b9c67e000-7f1b9c67f000 r--p 00002000 08:01 2885417                    /usr/lib/R/library/uuid/libs/uuid.so
7f1b9c67f000-7f1b9c680000 rw-p 00003000 08:01 2885417                    /usr/lib/R/library/uuid/libs/uuid.so
7f1b9c680000-7f1b9c69d000 r-xp 00000000 08:01 25298299                   /usr/local/lib/R/site-library/digest/libs/digest.so
7f1b9c69d000-7f1b9c89c000 ---p 0001d000 08:01 25298299                   /usr/local/lib/R/site-library/digest/libs/digest.so
7f1b9c89c000-7f1b9c89d000 r--p 0001c000 08:01 25298299                   /usr/local/lib/R/site-library/digest/libs/digest.so
7f1b9c89d000-7f1b9c89e000 rw-p 0001d000 08:01 25298299                   /usr/local/lib/R/site-library/digest/libs/digest.so
7f1b9c89e000-7f1b9c8a0000 rw-p 00000000 00:00 0 
7f1b9c8a0000-7f1b9cf24000 r-xp 00000000 08:01 22152790                   /usr/lib/x86_64-linux-gnu/openblas/liblapack.so.3
7f1b9cf24000-7f1b9d123000 ---p 00684000 08:01 22152790                   /usr/lib/x86_64-linux-gnu/openblas/liblapack.so.3
7f1b9d123000-7f1b9d124000 r--p 00683000 08:01 22152790                   /usr/lib/x86_64-linux-gnu/openblas/liblapack.so.3
7f1b9d124000-7f1b9d126000 rw-p 00684000 08:01 22152790                   /usr/lib/x86_64-linux-gnu/openblas/liblapack.so.3
7f1b9d126000-7f1b9d1c9000 r-xp 00000000 08:01 22939005                   /usr/lib/R/library/stats/libs/stats.so
7f1b9d1c9000-7f1b9d3c9000 ---p 000a3000 08:01 22939005                   /usr/lib/R/library/stats/libs/stats.so
7f1b9d3c9000-7f1b9d3cb000 r--p 000a3000 08:01 22939005                   /usr/lib/R/library/stats/libs/stats.so
7f1b9d3cb000-7f1b9d3cc000 rw-p 000a5000 08:01 22939005                   /usr/lib/R/library/stats/libs/stats.so
7f1b9d3cc000-7f1b9d3cd000 rw-p 00000000 00:00 0 
7f1b9d3cd000-7f1b9d417000 r-xp 00000000 08:01 22809209                   /usr/lib/R/library/graphics/libs/graphics.so
7f1b9d417000-7f1b9d617000 ---p 0004a000 08:01 22809209                   /usr/lib/R/library/graphics/libs/graphics.so
7f1b9d617000-7f1b9d618000 r--p 0004a000 08:01 22809209                   /usr/lib/R/library/graphics/libs/graphics.so
7f1b9d618000-7f1b9d619000 rw-p 0004b000 08:01 22809209                   /usr/lib/R/library/graphics/libs/graphics.so
7f1b9d619000-7f1b9d650000 r-xp 00000000 08:01 22809169                   /usr/lib/R/library/grDevices/libs/grDevices.so
7f1b9d650000-7f1b9d84f000 ---p 00037000 08:01 22809169                   /usr/lib/R/library/grDevices/libs/grDevices.so
7f1b9d84f000-7f1b9d854000 r--p 00036000 08:01 22809169                   /usr/lib/R/library/grDevices/libs/grDevices.so
7f1b9d854000-7f1b9d856000 rw-p 0003b000 08:01 22809169                   /usr/lib/R/library/grDevices/libs/grDevices.so
7f1b9d856000-7f1b9d857000 rw-p 00000000 00:00 0 
7f1b9d857000-7f1b9d896000 r-xp 00000000 08:01 22024871                   /usr/lib/x86_64-linux-gnu/libquadmath.so.0.0.0
7f1b9d896000-7f1b9da95000 ---p 0003f000 08:01 22024871                   /usr/lib/x86_64-linux-gnu/libquadmath.so.0.0.0
7f1b9da95000-7f1b9da96000 r--p 0003e000 08:01 22024871                   /usr/lib/x86_64-linux-gnu/libquadmath.so.0.0.0
7f1b9da96000-7f1b9da97000 rw-p 0003f000 08:01 22024871                   /usr/lib/x86_64-linux-gnu/libquadmath.so.0.0.0
7f1b9da97000-7f1b9dc73000 r-xp 00000000 08:01 22034262                   /usr/lib/x86_64-linux-gnu/libgfortran.so.4.0.0
7f1b9dc73000-7f1b9de73000 ---p 001dc000 08:01 22034262                   /usr/lib/x86_64-linux-gnu/libgfortran.so.4.0.0
7f1b9de73000-7f1b9de74000 r--p 001dc000 08:01 22034262                   /usr/lib/x86_64-linux-gnu/libgfortran.so.4.0.0
7f1b9de74000-7f1b9de75000 rw-p 001dd000 08:01 22034262                   /usr/lib/x86_64-linux-gnu/libgfortran.so.4.0.0
7f1b9de75000-7f1b9de76000 rw-p 00000000 00:00 0 
7f1b9de76000-7f1b9de8d000 r-xp 00000000 08:01 12845062                   /lib/x86_64-linux-gnu/libgcc_s.so.1
7f1b9de8d000-7f1b9e08c000 ---p 00017000 08:01 12845062                   /lib/x86_64-linux-gnu/libgcc_s.so.1
7f1b9e08c000-7f1b9e08d000 r--p 00016000 08:01 12845062                   /lib/x86_64-linux-gnu/libgcc_s.so.1
7f1b9e08d000-7f1b9e08e000 rw-p 00017000 08:01 12845062                   /lib/x86_64-linux-gnu/libgcc_s.so.1
7f1b9e08e000-7f1b9e207000 r-xp 00000000 08:01 22022767                   /usr/lib/x86_64-linux-gnu/libstdc++.so.6.0.25
7f1b9e207000-7f1b9e407000 ---p 00179000 08:01 22022767                   /usr/lib/x86_64-linux-gnu/libstdc++.so.6.0.25
7f1b9e407000-7f1b9e411000 r--p 00179000 08:01 22022767                   /usr/lib/x86_64-linux-gnu/libstdc++.so.6.0.25
7f1b9e411000-7f1b9e413000 rw-p 00183000 08:01 22022767                   /usr/lib/x86_64-linux-gnu/libstdc++.so.6.0.25
7f1b9e413000-7f1b9e417000 rw-p 00000000 00:00 0 
7f1b9e417000-7f1b9fdbf000 r-xp 00000000 08:01 22028331                   /usr/lib/x86_64-linux-gnu/libicudata.so.60.2
7f1b9fdbf000-7f1b9ffbe000 ---p 019a8000 08:01 22028331                   /usr/lib/x86_64-linux-gnu/libicudata.so.60.2
7f1b9ffbe000-7f1b9ffbf000 r--p 019a7000 08:01 22028331                   /usr/lib/x86_64-linux-gnu/libicudata.so.60.2
7f1b9ffbf000-7f1b9ffc0000 rw-p 019a8000 08:01 22028331                   /usr/lib/x86_64-linux-gnu/libicudata.so.60.2
7f1b9ffc0000-7f1b9ffe5000 r-xp 00000000 08:01 12849964                   /lib/x86_64-linux-gnu/libtinfo.so.5.9
7f1b9ffe5000-7f1ba01e5000 ---p 00025000 08:01 12849964                   /lib/x86_64-linux-gnu/libtinfo.so.5.9
7f1ba01e5000-7f1ba01e9000 r--p 00025000 08:01 12849964                   /lib/x86_64-linux-gnu/libtinfo.so.5.9
7f1ba01e9000-7f1ba01ea000 rw-p 00029000 08:01 12849964                   /lib/x86_64-linux-gnu/libtinfo.so.5.9
7f1ba01ea000-7f1ba225f000 r-xp 00000000 08:01 22034358                   /usr/lib/x86_64-linux-gnu/libopenblasp-r0.2.20.so
7f1ba225f000-7f1ba245e000 ---p 02075000 08:01 22034358                   /usr/lib/x86_64-linux-gnu/libopenblasp-r0.2.20.so
7f1ba245e000-7f1ba2464000 r--p 02074000 08:01 22034358                   /usr/lib/x86_64-linux-gnu/libopenblasp-r0.2.20.so
7f1ba2464000-7f1ba2477000 rw-p 0207a000 08:01 22034358                   /usr/lib/x86_64-linux-gnu/libopenblasp-r0.2.20.so
7f1ba2477000-7f1ba2490000 rw-p 00000000 00:00 0 
7f1ba2490000-7f1ba24aa000 r-xp 00000000 08:01 12849939                   /lib/x86_64-linux-gnu/libpthread-2.27.so
7f1ba24aa000-7f1ba26a9000 ---p 0001a000 08:01 12849939                   /lib/x86_64-linux-gnu/libpthread-2.27.so
7f1ba26a9000-7f1ba26aa000 r--p 00019000 08:01 12849939                   /lib/x86_64-linux-gnu/libpthread-2.27.so
7f1ba26aa000-7f1ba26ab000 rw-p 0001a000 08:01 12849939                   /lib/x86_64-linux-gnu/libpthread-2.27.so
7f1ba26ab000-7f1ba26af000 rw-p 00000000 00:00 0 
7f1ba26af000-7f1ba26dd000 r-xp 00000000 08:01 22023382                   /usr/lib/x86_64-linux-gnu/libgomp.so.1.0.0
7f1ba26dd000-7f1ba28dc000 ---p 0002e000 08:01 22023382                   /usr/lib/x86_64-linux-gnu/libgomp.so.1.0.0
7f1ba28dc000-7f1ba28dd000 r--p 0002d000 08:01 22023382                   /usr/lib/x86_64-linux-gnu/libgomp.so.1.0.0
7f1ba28dd000-7f1ba28de000 rw-p 0002e000 08:01 22023382                   /usr/lib/x86_64-linux-gnu/libgomp.so.1.0.0
7f1ba28de000-7f1ba2b70000 r-xp 00000000 08:01 22028333                   /usr/lib/x86_64-linux-gnu/libicui18n.so.60.2
7f1ba2b70000-7f1ba2d6f000 ---p 00292000 08:01 22028333                   /usr/lib/x86_64-linux-gnu/libicui18n.so.60.2
7f1ba2d6f000-7f1ba2d7e000 r--p 00291000 08:01 22028333                   /usr/lib/x86_64-linux-gnu/libicui18n.so.60.2
7f1ba2d7e000-7f1ba2d7f000 rw-p 002a0000 08:01 22028333                   /usr/lib/x86_64-linux-gnu/libicui18n.so.60.2
7f1ba2d7f000-7f1ba2f22000 r-xp 00000000 08:01 22028341                   /usr/lib/x86_64-linux-gnu/libicuuc.so.60.2
7f1ba2f22000-7f1ba3121000 ---p 001a3000 08:01 22028341                   /usr/lib/x86_64-linux-gnu/libicuuc.so.60.2
7f1ba3121000-7f1ba3134000 r--p 001a2000 08:01 22028341                   /usr/lib/x86_64-linux-gnu/libicuuc.so.60.2
7f1ba3134000-7f1ba3135000 rw-p 001b5000 08:01 22028341                   /usr/lib/x86_64-linux-gnu/libicuuc.so.60.2
7f1ba3135000-7f1ba3136000 rw-p 00000000 00:00 0 
7f1ba3136000-7f1ba3139000 r-xp 00000000 08:01 12849829                   /lib/x86_64-linux-gnu/libdl-2.27.so
7f1ba3139000-7f1ba3338000 ---p 00003000 08:01 12849829                   /lib/x86_64-linux-gnu/libdl-2.27.so
7f1ba3338000-7f1ba3339000 r--p 00002000 08:01 12849829                   /lib/x86_64-linux-gnu/libdl-2.27.so
7f1ba3339000-7f1ba333a000 rw-p 00003000 08:01 12849829                   /lib/x86_64-linux-gnu/libdl-2.27.so
7f1ba333a000-7f1ba3341000 r-xp 00000000 08:01 12849947                   /lib/x86_64-linux-gnu/librt-2.27.so
7f1ba3341000-7f1ba3540000 ---p 00007000 08:01 12849947                   /lib/x86_64-linux-gnu/librt-2.27.so
7f1ba3540000-7f1ba3541000 r--p 00006000 08:01 12849947                   /lib/x86_64-linux-gnu/librt-2.27.so
7f1ba3541000-7f1ba3542000 rw-p 00007000 08:01 12849947                   /lib/x86_64-linux-gnu/librt-2.27.so
7f1ba3542000-7f1ba355e000 r-xp 00000000 08:01 12849978                   /lib/x86_64-linux-gnu/libz.so.1.2.11
7f1ba355e000-7f1ba375d000 ---p 0001c000 08:01 12849978                   /lib/x86_64-linux-gnu/libz.so.1.2.11
7f1ba375d000-7f1ba375e000 r--p 0001b000 08:01 12849978                   /lib/x86_64-linux-gnu/libz.so.1.2.11
7f1ba375e000-7f1ba375f000 rw-p 0001c000 08:01 12849978                   /lib/x86_64-linux-gnu/libz.so.1.2.11
7f1ba375f000-7f1ba376e000 r-xp 00000000 08:01 12845072                   /lib/x86_64-linux-gnu/libbz2.so.1.0.4
7f1ba376e000-7f1ba396d000 ---p 0000f000 08:01 12845072                   /lib/x86_64-linux-gnu/libbz2.so.1.0.4
7f1ba396d000-7f1ba396e000 r--p 0000e000 08:01 12845072                   /lib/x86_64-linux-gnu/libbz2.so.1.0.4
7f1ba396e000-7f1ba396f000 rw-p 0000f000 08:01 12845072                   /lib/x86_64-linux-gnu/libbz2.so.1.0.4
7f1ba396f000-7f1ba3993000 r-xp 00000000 08:01 12849866                   /lib/x86_64-linux-gnu/liblzma.so.5.2.2
7f1ba3993000-7f1ba3b93000 ---p 00024000 08:01 12849866                   /lib/x86_64-linux-gnu/liblzma.so.5.2.2
7f1ba3b93000-7f1ba3b94000 r--p 00024000 08:01 12849866                   /lib/x86_64-linux-gnu/liblzma.so.5.2.2
7f1ba3b94000-7f1ba3b95000 rw-p 00025000 08:01 12849866                   /lib/x86_64-linux-gnu/liblzma.so.5.2.2
7f1ba3b95000-7f1ba3c05000 r-xp 00000000 08:01 12849928                   /lib/x86_64-linux-gnu/libpcre.so.3.13.3
7f1ba3c05000-7f1ba3e05000 ---p 00070000 08:01 12849928                   /lib/x86_64-linux-gnu/libpcre.so.3.13.3
7f1ba3e05000-7f1ba3e06000 r--p 00070000 08:01 12849928                   /lib/x86_64-linux-gnu/libpcre.so.3.13.3
7f1ba3e06000-7f1ba3e07000 rw-p 00071000 08:01 12849928                   /lib/x86_64-linux-gnu/libpcre.so.3.13.3
7f1ba3e07000-7f1ba3e48000 r-xp 00000000 08:01 12849944                   /lib/x86_64-linux-gnu/libreadline.so.7.0
7f1ba3e48000-7f1ba4047000 ---p 00041000 08:01 12849944                   /lib/x86_64-linux-gnu/libreadline.so.7.0
7f1ba4047000-7f1ba4049000 r--p 00040000 08:01 12849944                   /lib/x86_64-linux-gnu/libreadline.so.7.0
7f1ba4049000-7f1ba404f000 rw-p 00042000 08:01 12849944                   /lib/x86_64-linux-gnu/libreadline.so.7.0
7f1ba404f000-7f1ba4050000 rw-p 00000000 00:00 0 
7f1ba4050000-7f1ba41ed000 r-xp 00000000 08:01 12849869                   /lib/x86_64-linux-gnu/libm-2.27.so
7f1ba41ed000-7f1ba43ec000 ---p 0019d000 08:01 12849869                   /lib/x86_64-linux-gnu/libm-2.27.so
7f1ba43ec000-7f1ba43ed000 r--p 0019c000 08:01 12849869                   /lib/x86_64-linux-gnu/libm-2.27.so
7f1ba43ed000-7f1ba43ee000 rw-p 0019d000 08:01 12849869                   /lib/x86_64-linux-gnu/libm-2.27.so
7f1ba43ee000-7f1ba4444000 r-xp 00000000 08:01 22152789                   /usr/lib/x86_64-linux-gnu/openblas/libblas.so.3
7f1ba4444000-7f1ba4643000 ---p 00056000 08:01 22152789                   /usr/lib/x86_64-linux-gnu/openblas/libblas.so.3
7f1ba4643000-7f1ba4648000 r--p 00055000 08:01 22152789                   /usr/lib/x86_64-linux-gnu/openblas/libblas.so.3
7f1ba4648000-7f1ba4649000 rw-p 0005a000 08:01 22152789                   /usr/lib/x86_64-linux-gnu/openblas/libblas.so.3
7f1ba4649000-7f1ba4830000 r-xp 00000000 08:01 12849806                   /lib/x86_64-linux-gnu/libc-2.27.so
7f1ba4830000-7f1ba4a30000 ---p 001e7000 08:01 12849806                   /lib/x86_64-linux-gnu/libc-2.27.so
7f1ba4a30000-7f1ba4a34000 r--p 001e7000 08:01 12849806                   /lib/x86_64-linux-gnu/libc-2.27.so
7f1ba4a34000-7f1ba4a36000 rw-p 001eb000 08:01 12849806                   /lib/x86_64-linux-gnu/libc-2.27.so
7f1ba4a36000-7f1ba4a3a000 rw-p 00000000 00:00 0 
7f1ba4a3a000-7f1ba4d43000 r-xp 00000000 08:01 22288065                   /usr/lib/R/lib/libR.so
7f1ba4d43000-7f1ba4f42000 ---p 00309000 08:01 22288065                   /usr/lib/R/lib/libR.so
7f1ba4f42000-7f1ba4f60000 r--p 00308000 08:01 22288065                   /usr/lib/R/lib/libR.so
7f1ba4f60000-7f1ba4f6b000 rw-p 00326000 08:01 22288065                   /usr/lib/R/lib/libR.so
7f1ba4f6b000-7f1ba50bd000 rw-p 00000000 00:00 0 
7f1ba50bd000-7f1ba50e4000 r-xp 00000000 08:01 12849778                   /lib/x86_64-linux-gnu/ld-2.27.so
7f1ba5134000-7f1ba516b000 rw-p 00000000 00:00 0 
7f1ba516b000-7f1ba5175000 ---p 00000000 00:00 0 
7f1ba5175000-7f1ba52c7000 rw-p 00000000 00:00 0 
7f1ba52cf000-7f1ba52d1000 r--s 00007000 08:01 22420049                   /usr/share/java/java-atk-wrapper.jar
7f1ba52d1000-7f1ba52d9000 rw-s 00000000 08:01 1713934                    /tmp/hsperfdata_dsuser13/32613
7f1ba52d9000-7f1ba52da000 ---p 00000000 00:00 0 
7f1ba52da000-7f1ba52db000 r--p 00000000 00:00 0 
7f1ba52db000-7f1ba52e2000 r--s 00000000 08:01 22285294                   /usr/lib/x86_64-linux-gnu/gconv/gconv-modules.cache
7f1ba52e2000-7f1ba52e4000 rw-p 00000000 00:00 0 
7f1ba52e4000-7f1ba52e5000 r--p 00027000 08:01 12849778                   /lib/x86_64-linux-gnu/ld-2.27.so
7f1ba52e5000-7f1ba52e6000 rw-p 00028000 08:01 12849778                   /lib/x86_64-linux-gnu/ld-2.27.so
7f1ba52e6000-7f1ba52e7000 rw-p 00000000 00:00 0 
7ffe520a5000-7ffe521a1000 rw-p 00000000 00:00 0                          [stack]
7ffe521d7000-7ffe521da000 r--p 00000000 00:00 0                          [vvar]
7ffe521da000-7ffe521dc000 r-xp 00000000 00:00 0                          [vdso]
ffffffffff600000-ffffffffff601000 r-xp 00000000 00:00 0                  [vsyscall]


VM Arguments:
jvm_args: -Xmx512m -Xrs vfprintf exit -XX:+UnlockExperimentalVMOptions -XX:+DisablePrimordialThreadGuardPages 
java_command: <unknown>
java_class_path (initial): /home/dsuser13/R/x86_64-pc-linux-gnu-library/3.6/rJava/java/boot
Launcher Type: generic

[Global flags]
     intx CICompilerCount                          = 12                                        {product} {ergonomic}
     uint ConcGCThreads                            = 3                                         {product} {ergonomic}
     bool DisablePrimordialThreadGuardPages        = true                                 {experimental} {command line}
     uint G1ConcRefinementThreads                  = 13                                        {product} {ergonomic}
   size_t G1HeapRegionSize                         = 1048576                                   {product} {ergonomic}
    uintx GCDrainStackTargetSize                   = 64                                        {product} {ergonomic}
   size_t InitialHeapSize                          = 264241152                                 {product} {ergonomic}
   size_t MarkStackSize                            = 4194304                                   {product} {ergonomic}
   size_t MaxHeapSize                              = 536870912                                 {product} {command line}
   size_t MinHeapDeltaBytes                        = 1048576                                   {product} {ergonomic}
    uintx NonNMethodCodeHeapSize                   = 7591728                                {pd product} {ergonomic}
    uintx NonProfiledCodeHeapSize                  = 122033256                              {pd product} {ergonomic}
    uintx ProfiledCodeHeapSize                     = 122033256                              {pd product} {ergonomic}
     bool ReduceSignalUsage                        = true                                      {product} {command line}
    uintx ReservedCodeCacheSize                    = 251658240                              {pd product} {ergonomic}
     bool SegmentedCodeCache                       = true                                      {product} {ergonomic}
     bool UnlockExperimentalVMOptions              = true                                 {experimental} {command line}
     bool UseCompressedClassPointers               = true                                 {lp64_product} {ergonomic}
     bool UseCompressedOops                        = true                                 {lp64_product} {ergonomic}
     bool UseG1GC                                  = true                                      {product} {ergonomic}

Logging:
Log output configuration:
 #0: stdout all=warning uptime,level,tags
 #1: stderr all=off uptime,level,tags

Environment Variables:
PATH=/usr/local/sbin:/usr/local/bin:/usr/sbin:/usr/bin:/sbin:/bin:/usr/games:/usr/local/games:/snap/bin
LD_LIBRARY_PATH=/usr/lib/R/lib:/usr/lib/x86_64-linux-gnu:/usr/lib/jvm/default-java/lib/server
SHELL=/bin/bash

Signal Handlers:
SIGSEGV: [libjvm.so+0xde5f50], sa_mask[0]=11111111011111111101111111111110, sa_flags=SA_RESTART|SA_SIGINFO
SIGBUS: [libjvm.so+0xde5f50], sa_mask[0]=11111111011111111101111111111110, sa_flags=SA_RESTART|SA_SIGINFO
SIGFPE: [libjvm.so+0xde5f50], sa_mask[0]=11111111011111111101111111111110, sa_flags=SA_RESTART|SA_SIGINFO
SIGPIPE: [libjvm.so+0xbba5b0], sa_mask[0]=11111111011111111101111111111110, sa_flags=SA_RESTART|SA_SIGINFO
SIGXFSZ: [libjvm.so+0xbba5b0], sa_mask[0]=11111111011111111101111111111110, sa_flags=SA_RESTART|SA_SIGINFO
SIGILL: [libjvm.so+0xde5f50], sa_mask[0]=11111111011111111101111111111110, sa_flags=SA_RESTART|SA_SIGINFO
SIGUSR2: [libjvm.so+0xbba450], sa_mask[0]=00000000000000000000000000000000, sa_flags=SA_RESTART|SA_SIGINFO
SIGHUP: SIG_DFL, sa_mask[0]=00000000000000000000000000000000, sa_flags=none
SIGINT: [libR.so+0x169640], sa_mask[0]=01000000000000000000000000000000, sa_flags=SA_RESTART
SIGTERM: SIG_DFL, sa_mask[0]=00000000000000000000000000000000, sa_flags=none
SIGQUIT: SIG_DFL, sa_mask[0]=00000000000000000000000000000000, sa_flags=none


---------------  S Y S T E M  ---------------

OS:DISTRIB_ID=Ubuntu
DISTRIB_RELEASE=18.04
DISTRIB_CODENAME=bionic
DISTRIB_DESCRIPTION="Ubuntu 18.04.3 LTS"
uname:Linux 4.15.0-66-generic #75-Ubuntu SMP Tue Oct 1 05:24:09 UTC 2019 x86_64
libc:glibc 2.27 NPTL 2.27 
rlimit: STACK 8192k, CORE 0k, NPROC 63910, NOFILE 1048576, AS infinity, DATA infinity, FSIZE infinity
load average:2.34 6.57 4.46

/proc/meminfo:
MemTotal:       16422580 kB
MemFree:          270312 kB
MemAvailable:      20384 kB
Buffers:            9184 kB
Cached:           186408 kB
SwapCached:         4916 kB
Active:         11659928 kB
Inactive:        3943796 kB
Active(anon):   11622564 kB
Inactive(anon):  3869640 kB
Active(file):      37364 kB
Inactive(file):    74156 kB
Unevictable:          96 kB
Mlocked:              96 kB
SwapTotal:       2097148 kB
SwapFree:              0 kB
Dirty:                88 kB
Writeback:             0 kB
AnonPages:      15403964 kB
Mapped:           117792 kB
Shmem:             83588 kB
Slab:             213232 kB
SReclaimable:      87560 kB
SUnreclaim:       125672 kB
KernelStack:       37984 kB
PageTables:       170108 kB
NFS_Unstable:          0 kB
Bounce:                0 kB
WritebackTmp:          0 kB
CommitLimit:    10308436 kB
Committed_AS:   65606464 kB
VmallocTotal:   34359738367 kB
VmallocUsed:           0 kB
VmallocChunk:          0 kB
HardwareCorrupted:     0 kB
AnonHugePages:         0 kB
ShmemHugePages:        0 kB
ShmemPmdMapped:        0 kB
CmaTotal:              0 kB
CmaFree:               0 kB
HugePages_Total:       0
HugePages_Free:        0
HugePages_Rsvd:        0
HugePages_Surp:        0
Hugepagesize:       2048 kB
DirectMap4k:      550848 kB
DirectMap2M:    16226304 kB
DirectMap1G:     2097152 kB


/proc/sys/kernel/threads-max (system-wide limit on the number of threads):
127820


/proc/sys/vm/max_map_count (maximum number of memory map areas a process may have):
65530


/proc/sys/kernel/pid_max (system-wide limit on number of process identifiers):
32768



container (cgroup) information:
container_type: cgroupv1
cpu_cpuset_cpus: 0-15
cpu_memory_nodes: 0-7
active_processor_count: 16
cpu_quota: -1
cpu_period: 100000
cpu_shares: -1
memory_limit_in_bytes: -1
memory_and_swap_limit_in_bytes: -2
memory_soft_limit_in_bytes: -1
memory_usage_in_bytes: 15976722432
memory_max_usage_in_bytes: 55121047552

Steal ticks since vm start: 0
Steal ticks percentage since vm start:  0.000

CPU:total 16 (initial active 16) (2 cores per cpu, 1 threads per core) family 6 model 79 stepping 1, cmov, cx8, fxsr, mmx, sse, sse2, sse3, ssse3, sse4.1, sse4.2, popcnt, avx, avx2, aes, clmul, erms, rtm, 3dnowpref, lzcnt, tsc, tscinvbit, bmi1, bmi2, adx, fma
CPU Model and flags from /proc/cpuinfo:
model name	: Intel(R) Xeon(R) CPU E5-2630 v4 @ 2.20GHz
flags		: fpu vme de pse tsc msr pae mce cx8 apic sep mtrr pge mca cmov pat pse36 clflush dts mmx fxsr sse sse2 ss ht syscall nx pdpe1gb rdtscp lm constant_tsc arch_perfmon pebs bts nopl xtopology tsc_reliable nonstop_tsc cpuid pni pclmulqdq ssse3 fma cx16 pcid sse4_1 sse4_2 x2apic movbe popcnt tsc_deadline_timer aes xsave avx f16c rdrand hypervisor lahf_lm abm 3dnowprefetch cpuid_fault invpcid_single pti ssbd ibrs ibpb stibp fsgsbase tsc_adjust bmi1 hle avx2 smep bmi2 invpcid rtm rdseed adx smap xsaveopt arat flush_l1d arch_capabilities

Memory: 4k page, physical 16422580k(270312k free), swap 2097148k(0k free)

vm_info: OpenJDK 64-Bit Server VM (11.0.4+11-post-Ubuntu-1ubuntu218.04.3) for linux-amd64 JRE (11.0.4+11-post-Ubuntu-1ubuntu218.04.3), built on Jul 18 2019 18:21:46 by "buildd" with gcc 7.4.0

END.
